

Microchip MPLAB XC8 Assembler V2.05 build -831301201 
                                                                                               Wed May 15 12:24:56 2019

Microchip MPLAB XC8 C Compiler v2.05 (Free license) build 20181220022703 Og1 
     1                           	processor	18F4550
     2                           	fnconf	rparam,??,?,0
     3                           	opt	pw 120
     4                           	opt	flic
     5                           	psect	cinit,global,reloc=2,class=CODE,delta=1
     6                           	psect	cstackCOMRAM,global,class=COMRAM,space=1,delta=1,noexec
     7                           	psect	text0,global,reloc=2,class=CODE,delta=1
     8                           	psect	intsave_regs,global,class=BIGRAM,space=1,delta=1,noexec
     9                           	psect	rparam,global,class=COMRAM,space=1,delta=1,noexec
    10  0000                     
    11                           ; Version 2.05
    12                           ; Generated 20/12/2018 GMT
    13                           ; 
    14                           ; Copyright © 2018, Microchip Technology Inc. and its subsidiaries ("Microchip")
    15                           ; All rights reserved.
    16                           ; 
    17                           ; This software is developed by Microchip Technology Inc. and its subsidiaries ("Microch
      +                          ip").
    18                           ; 
    19                           ; Redistribution and use in source and binary forms, with or without modification, are
    20                           ; permitted provided that the following conditions are met:
    21                           ; 
    22                           ;     1. Redistributions of source code must retain the above copyright notice, this lis
      +                          t of
    23                           ;        conditions and the following disclaimer.
    24                           ; 
    25                           ;     2. Redistributions in binary form must reproduce the above copyright notice, this 
      +                          list
    26                           ;        of conditions and the following disclaimer in the documentation and/or other
    27                           ;        materials provided with the distribution.
    28                           ; 
    29                           ;     3. Microchip's name may not be used to endorse or promote products derived from th
      +                          is
    30                           ;        software without specific prior written permission.
    31                           ; 
    32                           ; THIS SOFTWARE IS PROVIDED BY MICROCHIP "AS IS" AND ANY EXPRESS OR IMPLIED WARRANTIES,
    33                           ; INCLUDING, BUT NOT LIMITED TO, THE IMPLIED WARRANTIES OF MERCHANTABILITY AND FITNESS F
      +                          OR
    34                           ; PURPOSE ARE DISCLAIMED.  IN NO EVENT SHALL MICROCHIP BE LIABLE FOR ANY DIRECT, INDIREC
      +                          T,
    35                           ; INCIDENTAL, SPECIAL, EXEMPLARY, OR CONSEQUENTIAL DAMAGES (INCLUDING BUT NOT LIMITED TO
    36                           ; PROCUREMENT OF SUBSTITUTE GOODS OR SERVICES; LOSS OF USE, DATA OR PROFITS; OR BUSINESS
    37                           ; INTERRUPTION) HOWSOEVER CAUSED AND ON ANY THEORY OF LIABILITY, WHETHER IN CONTRACT, ST
      +                          RICT
    38                           ; LIABILITY, OR TORT (INCLUDING NEGLIGENCE OR OTHERWISE) ARISING IN ANY WAY OUT OF THE U
      +                          SE OF
    39                           ; THIS SOFTWARE, EVEN IF ADVISED OF THE POSSIBILITY OF SUCH DAMAGE.
    40                           ; 
    41                           ; 
    42                           ; Code-generator required, PIC18F4550 Definitions
    43                           ; 
    44                           ; SFR Addresses
    45  0000                     _LATDbits	set	3980
    46  0000                     _TRISD	set	3989
    47                           
    48                           ; #config settings
    49  0000                     
    50                           	psect	cinit
    51  007FC0                     __pcinit:
    52                           	opt callstack 0
    53  007FC0                     start_initialization:
    54                           	opt callstack 0
    55  007FC0                     __initialization:
    56                           	opt callstack 0
    57  007FC0                     end_of_initialization:
    58                           	opt callstack 0
    59  007FC0                     __end_of__initialization:
    60                           	opt callstack 0
    61  007FC0  0100               	movlb	0
    62  007FC2  EFE3  F03F         	goto	_main	;jump to C main() function
    63                           
    64                           	psect	cstackCOMRAM
    65  000001                     __pcstackCOMRAM:
    66                           	opt callstack 0
    67  000001                     ??_main:
    68                           
    69                           ; 1 bytes @ 0x0
    70  000001                     	ds	1
    71  000002                     main@j:
    72                           	opt callstack 0
    73                           
    74                           ; 1 bytes @ 0x1
    75  000002                     	ds	1
    76  000003                     main@i:
    77                           	opt callstack 0
    78                           
    79                           ; 1 bytes @ 0x2
    80  000003                     	ds	1
    81                           
    82 ;;
    83 ;;Main: autosize = 0, tempsize = 1, incstack = 0, save=0
    84 ;;
    85 ;; *************** function _main *****************
    86 ;; Defined at:
    87 ;;		line 14 in file "uintensidad.c"
    88 ;; Parameters:    Size  Location     Type
    89 ;;		None
    90 ;; Auto vars:     Size  Location     Type
    91 ;;  j               1    1[COMRAM] unsigned char 
    92 ;;  i               1    2[COMRAM] unsigned char 
    93 ;; Return value:  Size  Location     Type
    94 ;;                  1    wreg      void 
    95 ;; Registers used:
    96 ;;		wreg, status,2, status,0
    97 ;; Tracked objects:
    98 ;;		On entry : 0/0
    99 ;;		On exit  : 0/0
   100 ;;		Unchanged: 0/0
   101 ;; Data sizes:     COMRAM   BANK0   BANK1   BANK2   BANK3   BANK4   BANK5   BANK6   BANK7
   102 ;;      Params:         0       0       0       0       0       0       0       0       0
   103 ;;      Locals:         2       0       0       0       0       0       0       0       0
   104 ;;      Temps:          1       0       0       0       0       0       0       0       0
   105 ;;      Totals:         3       0       0       0       0       0       0       0       0
   106 ;;Total ram usage:        3 bytes
   107 ;; This function calls:
   108 ;;		Nothing
   109 ;; This function is called by:
   110 ;;		Startup code after reset
   111 ;; This function uses a non-reentrant model
   112 ;;
   113                           
   114                           	psect	text0
   115  007FC6                     __ptext0:
   116                           	opt callstack 0
   117  007FC6                     _main:
   118                           	opt callstack 31
   119                           
   120                           ;uintensidad.c: 16:     TRISD=0xFC;
   121                           
   122                           ;incstack = 0
   123  007FC6  0EFC               	movlw	252
   124  007FC8  6E95               	movwf	3989,c	;volatile
   125  007FCA                     l11:
   126                           
   127                           ;uintensidad.c: 19:         for(char i=0;i<255;i++){
   128  007FCA  0E00               	movlw	0
   129  007FCC  6E03               	movwf	main@i,c
   130  007FCE                     l12:
   131                           
   132                           ;uintensidad.c: 20:             LATDbits.LD0=1;
   133  007FCE  808C               	bsf	3980,0,c	;volatile
   134                           
   135                           ;uintensidad.c: 21:             LATDbits.LD0=0;
   136  007FD0  908C               	bcf	3980,0,c	;volatile
   137                           
   138                           ;uintensidad.c: 22:             for(char j=0;j<i;j++){
   139  007FD2  0E00               	movlw	0
   140  007FD4  6E02               	movwf	main@j,c
   141  007FD6  D009               	goto	l14
   142  007FD8                     l703:
   143                           
   144                           ;uintensidad.c: 23:                 _delay((unsigned long)((5)*(4000000UL/4000.0)));
   145  007FD8  0E07               	movlw	7
   146  007FDA  6E01               	movwf	??_main& (0+255),c
   147  007FDC  0E7D               	movlw	125
   148  007FDE                     u37:
   149  007FDE  2EE8               	decfsz	wreg,f,c
   150  007FE0  D7FE               	bra	u37
   151  007FE2  2E01               	decfsz	??_main& (0+255),f,c
   152  007FE4  D7FC               	bra	u37
   153  007FE6  F000               	nop	
   154                           
   155                           ;uintensidad.c: 24:             }
   156  007FE8  2A02               	incf	main@j,f,c
   157  007FEA                     l14:
   158  007FEA  5003               	movf	main@i,w,c
   159  007FEC  5C02               	subwf	main@j,w,c
   160  007FEE  A0D8               	btfss	status,0,c
   161  007FF0  D7F3               	goto	l703
   162                           
   163                           ;uintensidad.c: 25:             LATDbits.LD0=0;
   164  007FF2  908C               	bcf	3980,0,c	;volatile
   165                           
   166                           ;uintensidad.c: 26:             LATDbits.LD0=1;
   167  007FF4  808C               	bsf	3980,0,c	;volatile
   168                           
   169                           ;uintensidad.c: 27:         }
   170  007FF6  2A03               	incf	main@i,f,c
   171  007FF8  2803               	incf	main@i,w,c
   172  007FFA  B4D8               	btfsc	status,2,c
   173  007FFC  D7E6               	goto	l11
   174  007FFE  D7E7               	goto	l12
   175  008000                     __end_of_main:
   176                           	opt callstack 0
   177  0000                     
   178                           	psect	rparam
   179  0000                     tosu	equ	0xFFF
   180                           tosh	equ	0xFFE
   181                           tosl	equ	0xFFD
   182                           stkptr	equ	0xFFC
   183                           pclatu	equ	0xFFB
   184                           pclath	equ	0xFFA
   185                           pcl	equ	0xFF9
   186                           tblptru	equ	0xFF8
   187                           tblptrh	equ	0xFF7
   188                           tblptrl	equ	0xFF6
   189                           tablat	equ	0xFF5
   190                           prodh	equ	0xFF4
   191                           prodl	equ	0xFF3
   192                           indf0	equ	0xFEF
   193                           postinc0	equ	0xFEE
   194                           postdec0	equ	0xFED
   195                           preinc0	equ	0xFEC
   196                           plusw0	equ	0xFEB
   197                           fsr0h	equ	0xFEA
   198                           fsr0l	equ	0xFE9
   199                           wreg	equ	0xFE8
   200                           indf1	equ	0xFE7
   201                           postinc1	equ	0xFE6
   202                           postdec1	equ	0xFE5
   203                           preinc1	equ	0xFE4
   204                           plusw1	equ	0xFE3
   205                           fsr1h	equ	0xFE2
   206                           fsr1l	equ	0xFE1
   207                           bsr	equ	0xFE0
   208                           indf2	equ	0xFDF
   209                           postinc2	equ	0xFDE
   210                           postdec2	equ	0xFDD
   211                           preinc2	equ	0xFDC
   212                           plusw2	equ	0xFDB
   213                           fsr2h	equ	0xFDA
   214                           fsr2l	equ	0xFD9
   215                           status	equ	0xFD8


Data Sizes:
    Strings     0
    Constant    0
    Data        0
    BSS         0
    Persistent  0
    Stack       0

Auto Spaces:
    Space          Size  Autos    Used
    COMRAM           95      3       3
    BANK0           160      0       0
    BANK1           256      0       0
    BANK2           256      0       0
    BANK3           256      0       0
    BANK4           256      0       0
    BANK5           256      0       0
    BANK6           256      0       0
    BANK7           256      0       0

Pointer List with Targets:

    None.

Critical Paths under _main in COMRAM

    None.

Critical Paths under _main in BANK0

    None.

Critical Paths under _main in BANK1

    None.

Critical Paths under _main in BANK2

    None.

Critical Paths under _main in BANK3

    None.

Critical Paths under _main in BANK4

    None.

Critical Paths under _main in BANK5

    None.

Critical Paths under _main in BANK6

    None.

Critical Paths under _main in BANK7

    None.

Call Graph Tables:

 ---------------------------------------------------------------------------------
 (Depth) Function   	        Calls       Base Space   Used Autos Params    Refs
 ---------------------------------------------------------------------------------
 (0) _main                                                 3     3      0      60
                                              0 COMRAM     3     3      0
 ---------------------------------------------------------------------------------
 Estimated maximum stack depth 0
 ---------------------------------------------------------------------------------

 Call Graph Graphs:

 _main (ROOT)

 Address spaces:
Name               Size   Autos  Total    Cost      Usage
BITCOMRAM           5F      0       0       0        0.0%
EEDATA             100      0       0       0        0.0%
NULL                 0      0       0       0        0.0%
CODE                 0      0       0       0        0.0%
COMRAM              5F      3       3       1        3.2%
STACK                0      0       0       2        0.0%
DATA                 0      0       0       3        0.0%
BITBANK0            A0      0       0       4        0.0%
BANK0               A0      0       0       5        0.0%
BITBANK1           100      0       0       6        0.0%
BANK1              100      0       0       7        0.0%
BITBANK2           100      0       0       8        0.0%
BANK2              100      0       0       9        0.0%
BITBANK3           100      0       0      10        0.0%
BANK3              100      0       0      11        0.0%
BITBANK4           100      0       0      12        0.0%
BANK4              100      0       0      13        0.0%
BITBANK5           100      0       0      14        0.0%
BANK5              100      0       0      15        0.0%
BITBANK6           100      0       0      16        0.0%
BANK6              100      0       0      17        0.0%
BITBANK7           100      0       0      18        0.0%
BANK7              100      0       0      19        0.0%
ABS                  0      0       0      20        0.0%
BIGRAM             7FF      0       0      21        0.0%
BITSFR               0      0       0     200        0.0%
SFR                  0      0       0     200        0.0%


Microchip Technology PIC18 Macro Assembler V2.05 build -831301201 
Symbol Table                                                                                   Wed May 15 12:24:56 2019

                     l11 7FCA                       l12 7FCE                       l14 7FEA  
                     u37 7FDE                      l703 7FD8             __CFG_BOR$OFF 000000  
                    wreg 000FE8             __CFG_LVP$OFF 000000             __CFG_WDT$OFF 000000  
           __CFG_PWRT$ON 000000                     _main 7FC6                     start 0000  
           ___param_bank 000000                    ?_main 0001                    _TRISD 000F95  
                  main@i 0003                    main@j 0002                    status 000FD8  
        __initialization 7FC0             __end_of_main 8000                   ??_main 0001  
          __activetblptr 000000               __accesstop 0060  __end_of__initialization 7FC0  
        __CFG_PBADEN$OFF 000000          __CFG_FOSC$XT_XT 000000            ___rparam_used 000001  
         __pcstackCOMRAM 0001                  __Hparam 0000                  __Lparam 0000  
                __pcinit 7FC0                  __ramtop 0800                  __ptext0 7FC6  
   end_of_initialization 7FC0      start_initialization 7FC0                 _LATDbits 000F8C  
               __Hrparam 0000                 __Lrparam 0000            __size_of_main 003A  
