MPASM 5.81             CON BOTONES 5 Y 6.ASM   5-1-2019  10:52:50         PAGE  1


LOC  OBJECT CODE     LINE SOURCE TEXT
  VALUE

                      00001     #include "p18F4550.inc"
                      00001         LIST
                      00002 
                      00003 ;==========================================================================
                      00004 ; Build date : Jul 23 2018
                      00005 ;  MPASM PIC18F4550 processor include
                      00006 ; 
                      00007 ;  (c) Copyright 1999-2018 Microchip Technology, All rights reserved
                      00008 ;==========================================================================
                      00009 
                      01765         LIST
                      00002     #include "LCD_LIB.asm"
                      00001 
  00000000            00002 RS   EQU  0
  00000001            00003 RW   EQU  1
  00000002            00004 E    EQU  2
                      00005 
                      00006  CBLOCK 0x000
  00000000            00007     aux
  00000001            00008     cont
  00000002            00009     BCD2
  00000003            00010     BCD1
  00000004            00011     BCD0
  00000005            00012     var
  00000006            00013     dato
  00000007            00014     rx
  00000008            00015     aux1
  00000009            00016     aux2
  0000000A            00017     aux3
  0000000B            00018     conta1
  0000000C            00019     conta2
  0000000D            00020     dir_CGRAM
  0000000E            00021     dir_CARACTER
                      00022     ENDC
                      00023 
                      00024     ORG 0x600
                      00025 
000600                00026 POS_CUR_FIL2:
000600 0FC0           00027         addlw 0xC0;
000602 6E06           00028         movwf dato,0;
000604 EC?? F???      00029         call ENVIA_LCD_CMD
000608 0012           00030         return
                      00031 
00060A                00032 POS_CUR_FIL1:
00060A 0F80           00033         addlw 0x80;
00060C 6E06           00034         movwf dato,0;
00060E EC?? F???      00035         call ENVIA_LCD_CMD
000612 0012           00036         return
                      00037 
000614                00038 DISPLAY_ON:
000614 0E0F           00039         movlw b'00001111'
000616 6E06           00040         movwf dato,0;
000618 EC?? F???      00041         call ENVIA_LCD_CMD
MPASM 5.81             CON BOTONES 5 Y 6.ASM   5-1-2019  10:52:50         PAGE  2


LOC  OBJECT CODE     LINE SOURCE TEXT
  VALUE

00061C 0012           00042         return
                      00043 
00061E                00044 DISPLAY_OFF:
00061E 0E08           00045         movlw b'00001000'
000620 6E06           00046         movwf dato,0;
000622 EC?? F???      00047         call ENVIA_LCD_CMD
000626 0012           00048         return
                      00049 
000628                00050 CURSOR_HOME:
000628 0E02           00051         movlw b'00000010'
00062A 6E06           00052         movwf dato,0;
00062C EC?? F???      00053         call ENVIA_LCD_CMD
000630 0012           00054         return
                      00055 
000632                00056 CURSOR_OFF:
000632 0E0C           00057         movlw b'00001100'
000634 6E06           00058         movwf dato,0;
000636 EC?? F???      00059         call ENVIA_LCD_CMD
00063A 0012           00060         return
                      00061 
00063C                00062 CURSOR_ON:
00063C 0E0F           00063         movlw b'00001111'
00063E 6E06           00064         movwf dato,0;
000640 EC?? F???      00065         call ENVIA_LCD_CMD
000644 0012           00066         return
                      00067 
000646                00068 ENVIA_CHAR:
000646 6E06           00069         movwf dato,0
000648 EC?? F???      00070         call ENVIA_LCD_DATO
00064C 0012           00071         return
                      00072 
00064E                00073 BORRAR_LCD:
00064E 0E01           00074         movlw 0x01
000650 6E06           00075         movwf dato,0
000652 EC?? F???      00076         call ENVIA_LCD_CMD
000656 0012           00077         return
                      00078 
000658                00079 LCD_CONFIG:
000658 908C           00080         bcf   LATD,RS
00065A 928C           00081         bcf   LATD,RW
00065C 0E30           00082         movlw 0x30
00065E EC?? F???      00083         call  ENVIA_NIBBLE
000662 EC?? F???      00084         call  DELAY2MSEG
000666 EC?? F???      00085         call  DELAY2MSEG
00066A EC?? F???      00086         call  DELAY2MSEG
00066E 0E20           00087         movlw 0x20
000670 EC?? F???      00088         call ENVIA_NIBBLE
000674 0E01           00089         movlw 0x01
000676 EC?? F???      00090         call ENVIA_LCD_CMD;
00067A 0E28           00091         movlw 0x28              ;Control del display (Activar,mostrar cursor y que parpadee)
00067C EC?? F???      00092         call ENVIA_LCD_CMD 
000680 0E0F           00093         movlw 0x0F    ;Conjunto de inicio (Incrementar posición sin desplazamiento)
000682 EC?? F???      00094         call ENVIA_LCD_CMD  
MPASM 5.81             CON BOTONES 5 Y 6.ASM   5-1-2019  10:52:50         PAGE  3


LOC  OBJECT CODE     LINE SOURCE TEXT
  VALUE

000686 0E06           00095         movlw 0x06    
000688 EC?? F???      00096         call ENVIA_LCD_CMD  
00068C 0E01           00097         movlw 0x01              ;Limpiar el display;
00068E EC?? F???      00098         call ENVIA_LCD_CMD      
000692 0012           00099         return
                      00100 
000694                00101 ENVIA_NIBBLE:
000694 6E07           00102         movwf rx,0
000696 0E0F           00103         movlw 0x0F
000698 168C           00104         andwf LATD,f,0
00069A 0EF0           00105         movlw 0xF0
00069C 1407           00106         andwf rx,W
00069E 5007           00107         movf  rx,W,0
0006A0 128C           00108         iorwf LATD,f,0
0006A2 848C           00109         bsf   LATD,E,0
0006A4 948C           00110         bcf   LATD,E,0
0006A6 0000           00111         nop
0006A8 0012           00112         return
                      00113 
0006AA                00114 ENVIA_LCD_CMD:
0006AA 908C           00115         bcf LATD,RS,0
0006AC 6E06           00116         movwf dato
0006AE EC?? F???      00117         call DELAY2MSEG
0006B2 EC?? F???      00118         call DELAY2MSEG
0006B6 EC?? F???      00119         call DELAY2MSEG
0006BA 0E08           00120         movlw b'00001000'
0006BC 6E95           00121         movwf TRISD,0
0006BE EC?? F???      00122         call DELAY100uS
0006C2 928C           00123         bcf  LATD,RW
0006C4 948C           00124         bcf  LATD,E
0006C6 908C           00125         bcf  LATD,RS
0006C8 5006           00126         movf dato,W,0
0006CA 0BF0           00127         andlw 0xF0;
0006CC EC?? F???      00128         call ENVIA_NIBBLE
0006D0 3A06           00129         swapf dato,f,0
0006D2 5006           00130         movf dato,W,0
0006D4 0BF0           00131         andlw 0xF0
0006D6 EC?? F???      00132         call ENVIA_NIBBLE
0006DA 0012           00133         return
                      00134 
0006DC                00135 ENVIA_LCD_DATO:
0006DC 808C           00136         bsf  LATD,RS
0006DE 6E06           00137         movwf dato
0006E0 EC?? F???      00138         call DELAY2MSEG
0006E4 EC?? F???      00139         call DELAY2MSEG
0006E8 EC?? F???      00140         call DELAY2MSEG
0006EC 0E08           00141         movlw b'00001000'
0006EE 6E95           00142         movwf TRISD,0
0006F0 EC?? F???      00143         call DELAY100uS
0006F4 928C           00144         bcf  LATD,RW
0006F6 948C           00145         bcf  LATD,E
0006F8 808C           00146         bsf  LATD,RS
0006FA 5006           00147         movf dato,0,0
MPASM 5.81             CON BOTONES 5 Y 6.ASM   5-1-2019  10:52:50         PAGE  4


LOC  OBJECT CODE     LINE SOURCE TEXT
  VALUE

0006FC 0BF0           00148         andlw 0xF0;
0006FE EC?? F???      00149         call ENVIA_NIBBLE
000702 3A06           00150         swapf dato,f,0
000704 5006           00151         movf  dato,0,0
000706 0BF0           00152         andlw 0xF0
000708 EC?? F???      00153         call ENVIA_NIBBLE
00070C 0012           00154         return
                      00155 
00070E                00156 GENERA_CHAR_CGRAM:
00070E 0E40           00157         movlw 0x40
000710 240D           00158         addwf dir_CGRAM,W
000712 6E06           00159         movwf dato
000714 EC?? F???      00160         call ENVIA_LCD_CMD
000718                00161 REPITE:
000718 0009           00162         TBLRD*+;;
00071A 50F5           00163         movf  TABLAT,W
00071C 6E05           00164         movwf var
00071E 0EFF           00165         movlw 0xFF
000720 5C05           00166         subwf var,W
000722 B4D8           00167         btfsc STATUS,Z
000724 EF?? F???      00168         goto  SALIR
000728 C005 F006      00169         movff var,dato
00072C EC?? F???      00170         call ENVIA_LCD_DATO
000730 EF?? F???      00171         goto  REPITE
000734                00172 SALIR:
000734 0E80           00173         movlw 0x80
000736 6E06           00174         movwf dato
000738 EC?? F???      00175         call ENVIA_LCD_CMD
00073C 0012           00176         return  
                      00177 
00073E                00178 DELAY2MSEG:
00073E 0E07           00179         movlw .7
000740 6E0B           00180         movwf conta1,0
000742                00181 RETAR1:
000742 0E64           00182         movlw .100          ;1 useg
000744 6E0C           00183         movwf conta2,0      ;1 useg
000746                00184 RETAR2:
000746 2E0C           00185         decfsz conta2,f,0       ;1 useg
000748 EF?? F???      00186         goto   RETAR2           ;2 useg
00074C 2E0B           00187         decfsz conta1,f,0       ;1 useg
00074E EF?? F???      00188         goto   RETAR1
000752 0012           00189         return
                      00190 
000754                00191 DELAY15MSEG:
000754 0E32           00192         movlw .50
000756 6E0B           00193         movwf conta1,0
000758                00194 RETAR3:
000758 0E64           00195         movlw .100
00075A 6E0C           00196         movwf conta2,0
00075C                00197 RETAR4:
00075C 2E0C           00198         decfsz conta2,f,0
00075E EF?? F???      00199         goto   RETAR4
000762 2E0B           00200         decfsz conta1,f,0
MPASM 5.81             CON BOTONES 5 Y 6.ASM   5-1-2019  10:52:50         PAGE  5


LOC  OBJECT CODE     LINE SOURCE TEXT
  VALUE

000764 EF?? F???      00201         goto   RETAR3
000768 0012           00202         return
                      00203 
00076A                00204 DELAY100uS:
00076A 0E03           00205         movlw .3
00076C 6E0B           00206         movwf  conta1,0
00076E                00207 RETAR7:
00076E 0E09           00208         movlw .9
000770 6E0C           00209         movwf conta2,0
000772                00210 RETAR8:
000772 2E0C           00211         decfsz conta2,f,0
000774 EF?? F???      00212         goto  RETAR8
000778 2E0B           00213         decfsz conta1,f,0
00077A EF?? F???      00214         goto  RETAR7
00077E 0012           00215         return
                      00216 
000780                00217 BIN_BCD:
000780 6E00           00218         movwf aux,0             ;Se guarda el valor a convertir en aux
000782 6A01           00219         clrf  cont,0    ;cont=0x00
000784 6A04           00220         clrf  BCD0,0    ;BCD0=0x00
000786 6A03           00221         clrf  BCD1,0    ;BCD1=0x00
000788 6A02           00222         clrf  BCD2,0    ;BCD2=0x00
00078A                00223 CONV:
00078A 3600           00224         rlcf  aux,f         ;Rotar a la izquierda cont (cifra original)
00078C 3604           00225         rlcf  BCD0,f    ;Rotar a la izquierda BCD0 (carga el carry de cont en el bit LSB)
00078E 3602           00226         rlcf  BCD2,f    ;Rotar a la izquierda BCD2 (carga el carry de BCD0 en el bit LSB)
                      00227 ;Cargar el nibble alto de BCD0 a BCD2 y analizar        
000790 5004           00228         movf  BCD0,W    ;W = BCD0
000792 6E03           00229         movwf BCD1,0    ;BCD1 = BCD0
000794 3A03           00230         swapf BCD1,f    ;Inversión de nibbles en BCD1
000796 0E0F           00231         movlw 0x0F              ;W = 0x0F
000798 1603           00232         andwf BCD1,f    ;BCD1 = BCD1 AND 0x0F
00079A 1604           00233         andwf BCD0,f    ;BCD0 = BCD0 AND 0x0F
                      00234 ;Se pregunta si ya se llegaron a rotar a la izquierda los 8 bits
00079C 0E07           00235         movlw .7                ;W = .7
00079E 6001           00236         cpfslt cont,0   ;Salta si cont es menor a .7
0007A0 0012           00237         return                  ;Si cont = .7 retorna (FIN de la rutina)
                      00238 ;Averiguar si los nibbles de BCD0 y BCD1 son mayores que .4
0007A2 0E05           00239         movlw .5                ;W = .5
0007A4 5C04           00240         subwf BCD0,W    ;W = BCD0 - .5
0007A6 B0D8           00241         btfsc STATUS,C  ;Si BCD0>4 => Carry = 1
0007A8 EC?? F???      00242         call  SUMA3_BCD0;BCD0>4, hay que sumar 3
0007AC 0E05           00243         movlw .5                ;BCD0 <5, se comprueba BCD1
0007AE 5C03           00244         subwf BCD1,W    ;W = BCD1 - .5
0007B0 B0D8           00245         btfsc STATUS,C  ;Si BCD1>4 => Carry = 1
0007B2 EC?? F???      00246         call  SUMA3_BCD1;BCD1>4, hay que sumar 3 
0007B6 3A03           00247         swapf BCD1,f    ;Inversión de nibbles en BCD1
0007B8 5003           00248         movf  BCD1,W    ;W = BCD1
0007BA 1204           00249         iorwf BCD0              ;BCD0 = BCD1 OR BCD0
0007BC 2A01           00250         incf  cont,f,0  ;cont = cont + 1
0007BE EF?? F???      00251         goto  CONV              ;Se repite el proceso
0007C2                00252 SUMA3_BCD0:
0007C2 0E03           00253         movlw .3                ;W = .3
MPASM 5.81             CON BOTONES 5 Y 6.ASM   5-1-2019  10:52:50         PAGE  6


LOC  OBJECT CODE     LINE SOURCE TEXT
  VALUE

0007C4 2604           00254         addwf BCD0,f,0  ;BCD0 = BCD0 + .3
0007C6 0012           00255         return                  ;retorno del call
0007C8                00256 SUMA3_BCD1:
0007C8 0E03           00257         movlw .3                ;W = .3
0007CA 2603           00258         addwf BCD1,f,0  ;BCD1 = BCD1 + .3
0007CC 0012           00259         return                  ;retorno del call
                      00003     CONFIG FOSC = XT_XT
                      00004     CONFIG PWRT = ON
                      00005     CONFIG BOR = OFF
                      00006     CONFIG BORV = 3
                      00007     CONFIG WDT = OFF
                      00008     CONFIG PBADEN = OFF
                      00009     CONFIG MCLRE = ON
                      00010     CONFIG LVP = OFF
                      00011     cblock 0x10
  00000010            00012     indicapantalla
  00000011            00013     superior
  00000012            00014     medio
  00000013            00015     inferior
  00000014            00016     pase
                      00017     endc
                      00018     org 0x2000
002000 0100 0201 0302 00019 TEM:db .0,.1, .1,.2, .2,.3, .3,.4, .4,.5, .5,.6, .6,.7, .7,.8, .8,.9, .9
       0403 0504 0605 
       0706 0807 0908 
       0009 
002014 0A0A 0B0B 0C0C 00020     db .10, .10,.11, .11,.12, .12,.13, .13,.14, .14,.15, .15,.16, .16,.17, .17,.18, .18,.19, .19
       0D0D 0E0E 0F0F 
       1010 1111 1212 
       1313 
002028 1414 1515 1616 00021     db .20, .20,.21, .21,.22, .22,.23, .23,.24, .24,.25, .25,.26, .26,.27, .27,.28, .28,.29, .29
       1717 1818 1919 
       1A1A 1B1B 1C1C 
       1D1D 
00203C 1E1E 1F1F 2020 00022     db .30, .30,.31, .31,.32, .32,.33, .33,.34, .34,.35, .35,.36, .36,.37, .37,.38, .38,.39, .39
       2121 2222 2323 
       2424 2525 2626 
       2727 
002050 2828 2929 2A2A 00023     db .40, .40,.41, .41,.42, .42,.43, .43,.44, .44,.45, .45,.46, .46,.47, .47,.48, .48,.49, .49
       2B2B 2C2C 2D2D 
       2E2E 2F2F 3030 
       3131 
002064 3232 3333 3434 00024     db .50, .50,.51, .51,.52, .52,.53, .53,.54, .54,.55, .55,.56, .56,.57, .57,.58, .58,.59, .59
       3535 3636 3737 
       3838 3939 3A3A 
       3B3B 
002078 3C3C 3D3D 3E3E 00025     db .60, .60,.61, .61,.62, .62,.63, .63,.64, .64,.65, .65,.66, .66,.67, .67,.68, .68,.69, .69
       3F3F 4040 4141 
       4242 4343 4444 
       4545 
00208C 4646 4747 4848 00026     db .70, .70,.71, .71,.72, .72,.73, .73,.74, .74,.75, .75,.76, .76,.77, .77,.78, .78,.79, .79
       4949 4A4A 4B4B 
       4C4C 4D4D 4E4E 
MPASM 5.81             CON BOTONES 5 Y 6.ASM   5-1-2019  10:52:50         PAGE  7


LOC  OBJECT CODE     LINE SOURCE TEXT
  VALUE

       4F4F 
0020A0 5050 5151 5252 00027     db .80, .80,.81, .81,.82, .82,.83, .83,.84, .84,.85, .85,.86, .86,.87, .87,.88, .88,.89, .89
       5353 5454 5555 
       5656 5757 5858 
       5959 
0020B4 5A5A 5B5B 5C5C 00028     db .90, .90,.91, .91,.92, .92,.93, .93,.94, .94,.95, .95,.96, .96,.97, .97,.98, .98,.99, .99
       5D5D 5E5E 5F5F 
       6060 6161 6262 
       6363 
0020C8 6464 6565 6666 00029     db .100, .100,.101, .101,.102, .102,.103, .103,.104, .104,.105, .105,.106, .106,.107, .107,.108, .10
                            8,.109, .109
       6767 6868 6969 
       6A6A 6B6B 6C6C 
       6D6D 
0020DC 6E6E 6F6F 7070 00030     db .110, .110,.111, .111,.112, .112,.113, .113,.114, .114,.115, .115,.116, .116,.117, .117,.118, .11
                            8,.119, .119
       7171 7272 7373 
       7474 7575 7676 
       7777 
0020F0 7878 7979 7A7A 00031     db .120, .120,.121, .121,.122, .122,.123, .123,.124, .124,.125, .125,.126, .126,.127, .127,.128, .12
                            8
       7B7B 7C7C 7D7D 
       7E7E 7F7F 8080 
                      00032 
                      00033     org 0x000
000000 EF?? F???      00034     goto configura
                      00035     org 0x0008
000008 EF?? F???      00036     goto memachucaron
                      00037     org 0x0020
000020                00038 configura:
                      00039     ;----vaina para el LCD----;
000020 6A95           00040     clrf TRISD
000022 EC?? F???      00041     call DELAY15MSEG
000026 EC?? F???      00042     call LCD_CONFIG
00002A 0E01           00043     movlw .1
00002C 6E10           00044     movwf indicapantalla
                      00045     ;----vaina para el buzzer y LED ---;
00002E 9494           00046     bcf TRISC,2
000030 948B           00047     bcf LATC,2
000032 9496           00048     bcf TRISE,2
000034 948D           00049     bcf LATE,2
                      00050     ;----vaina para tabla---;
000036 0E??           00051     movlw HIGH TEM
000038 6EF7           00052     movwf TBLPTRH
00003A 0E??           00053     movlw LOW TEM
00003C 6EF6           00054     movwf TBLPTRL
                      00055     ;----vaina para el teclad matricial----;
00003E 6A8A           00056     clrf LATB           
000040 0EF0           00057     movlw 0xF0          ;B del  7 al 4 (columnas) son entrada 
000042 6E93           00058     movwf TRISB         ;B del  3 al 0 (filas) son salida
000044 9EF1           00059     bcf INTCON2,RBPU 
000046 86F2           00060     bsf INTCON,RBIE 
000048 8EF2           00061     bsf INTCON,GIE
MPASM 5.81             CON BOTONES 5 Y 6.ASM   5-1-2019  10:52:50         PAGE  8


LOC  OBJECT CODE     LINE SOURCE TEXT
  VALUE

                      00062     ;----vaina para el AD----;
00004A 0E1C           00063     movlw 0x1C ;0X0E
00004C 6EC1           00064     movwf ADCON1
00004E 0E34           00065     movlw b'00110100'
000050 6EC0           00066     movwf ADCON2
                      00067     
000052                00068 inicio:
                      00069     ;-------selector de preguntar cual voy a mostrar------;
000052 0E01           00070     movlw .1
000054 6210           00071     cpfseq indicapantalla
000056 EF?? F???      00072     goto sa
00005A EF?? F???      00073     goto configura1
00005E                00074 sa:
00005E 0E02           00075     movlw .2
000060 6210           00076     cpfseq indicapantalla
000062 EF?? F???      00077     goto saa
000066 EF?? F???      00078     goto configura2
00006A                00079 saa:
00006A 0E03           00080     movlw .3
00006C 6210           00081     cpfseq indicapantalla
00006E EF?? F???      00082     goto saaa
000072 EF?? F???      00083     goto configura3
000076                00084 saaa:
000076 0E04           00085     movlw .4
000078 6210           00086     cpfseq indicapantalla
00007A EF?? F???      00087     goto saaaa
00007E EF?? F???      00088     goto configura4
000082                00089 saaaa:
000082 0E05           00090     movlw .5
000084 6210           00091     cpfseq indicapantalla
000086 EF?? F???      00092     goto saaaaa
00008A EF?? F???      00093     goto configura5
00008E                00094 saaaaa:
00008E 0E06           00095     movlw .6
000090 6210           00096     cpfseq indicapantalla
000092 EF?? F???      00097     goto inicio
000096 EF?? F???      00098     goto configura6
                      00099     
                      00100 ;-----ver temperatura----;
00009A                00101 configura1:
00009A EC?? F???      00102     CALL BORRAR_LCD
00009E EC?? F???      00103     call CURSOR_OFF
                      00104     ; CONFIGURO QUE SALIDA QUIERO RECUERDA QUE DEBES VER LA TABLA PARA QUE SEAN 3 
                      00105     ; BORRO LCD Y MANDO LOS PRIMEROS VALORES
0000A2 EC?? F???      00106     CALL BORRAR_LCD
0000A6 0E54           00107     movlw "T"       
0000A8 EC?? F???      00108     call ENVIA_CHAR
0000AC 0E45           00109     movlw "E"      
0000AE EC?? F???      00110     call ENVIA_CHAR
0000B2 0E4D           00111     movlw "M"
0000B4 EC?? F???      00112     call ENVIA_CHAR
0000B8 0E50           00113     movlw "P"      
0000BA EC?? F???      00114     call ENVIA_CHAR
MPASM 5.81             CON BOTONES 5 Y 6.ASM   5-1-2019  10:52:50         PAGE  9


LOC  OBJECT CODE     LINE SOURCE TEXT
  VALUE

0000BE 0E45           00115     movlw "E"      
0000C0 EC?? F???      00116     call ENVIA_CHAR
0000C4 0E52           00117     movlw "R"      
0000C6 EC?? F???      00118     call ENVIA_CHAR
0000CA 0E41           00119     movlw "A"      
0000CC EC?? F???      00120     call ENVIA_CHAR
0000D0 0E54           00121     movlw "T"      
0000D2 EC?? F???      00122     call ENVIA_CHAR
0000D6 0E55           00123     movlw "U"      
0000D8 EC?? F???      00124     call ENVIA_CHAR
0000DC 0E52           00125     movlw "R"      
0000DE EC?? F???      00126     call ENVIA_CHAR
0000E2 0E41           00127     movlw "A"
0000E4 EC?? F???      00128     call ENVIA_CHAR
0000E8 0E3A           00129     movlw ":"       
0000EA EC?? F???      00130     call ENVIA_CHAR
0000EE                00131 convierto11:
0000EE EC?? F???      00132     call ubicador
0000F2 0E01           00133     movlw b'00000001' ; selecione canal 0 , active la conversion , empiezo 
0000F4 6EC2           00134     movwf ADCON0
0000F6 0E01           00135     movlw .1
0000F8 6210           00136     cpfseq indicapantalla
0000FA EF?? F???      00137     goto inicio
0000FE 82C2           00138     bsf ADCON0,GO
000100                00139 espera11:
000100 B2C2           00140     btfsc ADCON0,GO
000102 EF?? F???      00141     goto espera11
000106 CFC4 F012      00142     movff ADRESH,medio
00010A 0E00           00143     movlw .0 ; POSICION DE COLUMNA QUE VOY A USAR 
00010C EC?? F???      00144     call POS_CUR_FIL2 ; DONDE VOY A PONER LA FILA 1 O 2 
000110 5012           00145     movf medio, W
000112 6EF6           00146     movwf TBLPTRL
000114 0008           00147     TBLRD*
000116 50F5           00148     movf TABLAT,W
                      00149     ;ENVIO DATOS
000118 EC?? F???      00150     call BIN_BCD ; CONVERSION DE BIT A BINARIO Y LE SUMO PARTE POR PARTE UN ASCCI DEL CERO 
00011C 5002           00151     movf BCD2,W
00011E 0F30           00152     addlw '0'
000120 EC?? F???      00153     call ENVIA_CHAR
000124 5003           00154     movf BCD1,W
000126 0F30           00155     addlw '0'
000128 EC?? F???      00156     call ENVIA_CHAR
00012C 5004           00157     movf BCD0,W
00012E 0F30           00158     addlw '0'
000130 EC?? F???      00159     call ENVIA_CHAR
000134 0EDF           00160     movlw .223
000136 EC?? F???      00161     call ENVIA_CHAR
00013A 0E43           00162     movlw 'C'
00013C EC?? F???      00163     call ENVIA_CHAR
000140 EF?? F???      00164     goto convierto11
                      00165 
                      00166 ;-----valor superior----;
000144                00167 configura2:
MPASM 5.81             CON BOTONES 5 Y 6.ASM   5-1-2019  10:52:50         PAGE 10


LOC  OBJECT CODE     LINE SOURCE TEXT
  VALUE

000144 EC?? F???      00168     CALL BORRAR_LCD
000148 EC?? F???      00169     call CURSOR_OFF
                      00170     ; CONFIGURO QUE SALIDA QUIERO RECUERDA QUE DEBES VER LA TABLA PARA QUE SEAN 3 
                      00171     ; BORRO LCD Y MANDO LOS PRIMEROS VALORES
00014C EC?? F???      00172     CALL BORRAR_LCD
000150 0E4C           00173     movlw "L"       
000152 EC?? F???      00174     call ENVIA_CHAR
000156 0E2E           00175     movlw "."       
000158 EC?? F???      00176     call ENVIA_CHAR
00015C 0E53           00177     movlw "S"      
00015E EC?? F???      00178     call ENVIA_CHAR
000162 0E55           00179     movlw "U"
000164 EC?? F???      00180     call ENVIA_CHAR
000168 0E50           00181     movlw "P"      
00016A EC?? F???      00182     call ENVIA_CHAR
00016E 0E45           00183     movlw "E"      
000170 EC?? F???      00184     call ENVIA_CHAR
000174 0E52           00185     movlw "R"      
000176 EC?? F???      00186     call ENVIA_CHAR
00017A 0E49           00187     movlw "I"      
00017C EC?? F???      00188     call ENVIA_CHAR
000180 0E4F           00189     movlw "O"      
000182 EC?? F???      00190     call ENVIA_CHAR
000186 0E52           00191     movlw "R"      
000188 EC?? F???      00192     call ENVIA_CHAR
00018C 0E3A           00193     movlw ":"       
00018E EC?? F???      00194     call ENVIA_CHAR
000192                00195 convierto21:
000192 EC?? F???      00196     call ubicador
000196 0E05           00197     movlw b'00000101' ; selecione canal 1 , active la conversion , empiezo 
000198 6EC2           00198     movwf ADCON0
00019A 0E02           00199     movlw .2
00019C 6210           00200     cpfseq indicapantalla
00019E EF?? F???      00201     goto inicio
0001A2 82C2           00202     bsf ADCON0,GO
0001A4                00203 espera21:
0001A4 B2C2           00204     btfsc ADCON0,GO
0001A6 EF?? F???      00205     goto espera21
0001AA CFC4 F011      00206     movff ADRESH,superior
0001AE 0E00           00207     movlw .0 ; POSICION DE COLUMNA QUE VOY A USAR 
0001B0 EC?? F???      00208     call POS_CUR_FIL2 ; DONDE VOY A PONER LA FILA 1 O 2 
0001B4 5011           00209     movf superior, W
0001B6 6EF6           00210     movwf TBLPTRL
0001B8 0008           00211     TBLRD*
0001BA 50F5           00212     movf TABLAT,W
                      00213     ;ENVIO DATOS
0001BC EC?? F???      00214     call BIN_BCD ; CONVERSION DE BIT A BINARIO Y LE SUMO PARTE POR PARTE UN ASCCI DEL CERO 
0001C0 5002           00215     movf BCD2,W
0001C2 0F30           00216     addlw '0'
0001C4 EC?? F???      00217     call ENVIA_CHAR
0001C8 5003           00218     movf BCD1,W
0001CA 0F30           00219     addlw '0'
0001CC EC?? F???      00220     call ENVIA_CHAR
MPASM 5.81             CON BOTONES 5 Y 6.ASM   5-1-2019  10:52:50         PAGE 11


LOC  OBJECT CODE     LINE SOURCE TEXT
  VALUE

0001D0 5004           00221     movf BCD0,W
0001D2 0F30           00222     addlw '0'
0001D4 EC?? F???      00223     call ENVIA_CHAR
0001D8 EF?? F???      00224     goto convierto21
                      00225     
                      00226 ;-------valor inferior-------;
0001DC                00227 configura3:
0001DC EC?? F???      00228     CALL BORRAR_LCD
0001E0 EC?? F???      00229     call CURSOR_OFF
                      00230     ; CONFIGURO QUE SALIDA QUIERO RECUERDA QUE DEBES VER LA TABLA PARA QUE SEAN 3 
                      00231     ; BORRO LCD Y MANDO LOS PRIMEROS VALORES
0001E4 EC?? F???      00232     CALL BORRAR_LCD
0001E8 0E4C           00233     movlw "L"       
0001EA EC?? F???      00234     call ENVIA_CHAR
0001EE 0E2E           00235     movlw "."       
0001F0 EC?? F???      00236     call ENVIA_CHAR
0001F4 0E49           00237     movlw "I"      
0001F6 EC?? F???      00238     call ENVIA_CHAR
0001FA 0E4E           00239     movlw "N"
0001FC EC?? F???      00240     call ENVIA_CHAR
000200 0E46           00241     movlw "F"      
000202 EC?? F???      00242     call ENVIA_CHAR
000206 0E45           00243     movlw "E"      
000208 EC?? F???      00244     call ENVIA_CHAR
00020C 0E52           00245     movlw "R"      
00020E EC?? F???      00246     call ENVIA_CHAR
000212 0E49           00247     movlw "I"      
000214 EC?? F???      00248     call ENVIA_CHAR
000218 0E4F           00249     movlw "O"      
00021A EC?? F???      00250     call ENVIA_CHAR
00021E 0E52           00251     movlw "R"      
000220 EC?? F???      00252     call ENVIA_CHAR
000224 0E3A           00253     movlw ":"       
000226 EC?? F???      00254     call ENVIA_CHAR
00022A                00255 convierto31:
00022A EC?? F???      00256     call ubicador
00022E 0E09           00257     movlw b'00001001' ; selecione canal 2 , active la conversion , empiezo 
000230 6EC2           00258     movwf ADCON0
000232 0E03           00259     movlw .3
000234 6210           00260     cpfseq indicapantalla
000236 EF?? F???      00261     goto inicio
00023A 82C2           00262     bsf ADCON0,GO
00023C                00263 espera31:
00023C B2C2           00264     btfsc ADCON0,GO
00023E EF?? F???      00265     goto espera31
000242 CFC4 F013      00266     movff ADRESH,inferior
000246 0E00           00267     movlw .0 ; POSICION DE COLUMNA QUE VOY A USAR 
000248 EC?? F???      00268     call POS_CUR_FIL2 ; DONDE VOY A PONER LA FILA 1 O 2 
00024C 5013           00269     movf inferior, W
00024E 6EF6           00270     movwf TBLPTRL
000250 0008           00271     TBLRD*
000252 50F5           00272     movf TABLAT,W
                      00273     ;ENVIO DATOS
MPASM 5.81             CON BOTONES 5 Y 6.ASM   5-1-2019  10:52:50         PAGE 12


LOC  OBJECT CODE     LINE SOURCE TEXT
  VALUE

000254 EC?? F???      00274     call BIN_BCD ; CONVERSION DE BIT A BINARIO Y LE SUMO PARTE POR PARTE UN ASCCI DEL CERO 
000258 5002           00275     movf BCD2,W
00025A 0F30           00276     addlw '0'
00025C EC?? F???      00277     call ENVIA_CHAR
000260 5003           00278     movf BCD1,W
000262 0F30           00279     addlw '0'
000264 EC?? F???      00280     call ENVIA_CHAR
000268 5004           00281     movf BCD0,W
00026A 0F30           00282     addlw '0'
00026C EC?? F???      00283     call ENVIA_CHAR
000270 EF?? F???      00284     goto convierto31
                      00285     ;-----la zona oscura----;
000274                00286 configura4:
000274 EC?? F???      00287     call CURSOR_OFF
                      00288     ; CONFIGURO QUE SALIDA QUIERO RECUERDA QUE DEBES VER LA TABLA PARA QUE SEAN 3 
                      00289     ; BORRO LCD Y MANDO LOS PRIMEROS VALORES
000278 EC?? F???      00290     CALL BORRAR_LCD
00027C 0E45           00291     movlw "E"       
00027E EC?? F???      00292     call ENVIA_CHAR
000282 0E53           00293     movlw "S"       
000284 EC?? F???      00294     call ENVIA_CHAR
000288 0E54           00295     movlw "T"      
00028A EC?? F???      00296     call ENVIA_CHAR
00028E 0E41           00297     movlw "A"
000290 EC?? F???      00298     call ENVIA_CHAR
000294 0E53           00299     movlw "S"      
000296 EC?? F???      00300     call ENVIA_CHAR
00029A 0E20           00301     movlw " "      
00029C EC?? F???      00302     call ENVIA_CHAR
0002A0 0E45           00303     movlw "E"      
0002A2 EC?? F???      00304     call ENVIA_CHAR
0002A6 0E4E           00305     movlw "N"      
0002A8 EC?? F???      00306     call ENVIA_CHAR
0002AC 0E20           00307     movlw " "      
0002AE EC?? F???      00308     call ENVIA_CHAR
0002B2 0E4D           00309     movlw "M"      
0002B4 EC?? F???      00310     call ENVIA_CHAR
0002B8 0E45           00311     movlw "E"       
0002BA EC?? F???      00312     call ENVIA_CHAR
0002BE 0E44           00313     movlw "D"       
0002C0 EC?? F???      00314     call ENVIA_CHAR
0002C4 0E49           00315     movlw "I"       
0002C6 EC?? F???      00316     call ENVIA_CHAR
0002CA 0E4F           00317     movlw "O"       
0002CC EC?? F???      00318     call ENVIA_CHAR
0002D0 0E00           00319     movlw .0 
0002D2 EC?? F???      00320     call POS_CUR_FIL2
0002D6 0E44           00321     movlw "D"       
0002D8 EC?? F???      00322     call ENVIA_CHAR
0002DC 0E45           00323     movlw "E"       
0002DE EC?? F???      00324     call ENVIA_CHAR
0002E2 0E20           00325     movlw " "       
0002E4 EC?? F???      00326     call ENVIA_CHAR
MPASM 5.81             CON BOTONES 5 Y 6.ASM   5-1-2019  10:52:50         PAGE 13


LOC  OBJECT CODE     LINE SOURCE TEXT
  VALUE

0002E8 0E4C           00327     movlw "L"       
0002EA EC?? F???      00328     call ENVIA_CHAR
0002EE 0E41           00329     movlw "A"       
0002F0 EC?? F???      00330     call ENVIA_CHAR
0002F4 0E20           00331     movlw " "
0002F6 EC?? F???      00332     call ENVIA_CHAR
0002FA 0E4D           00333     movlw "M"       
0002FC EC?? F???      00334     call ENVIA_CHAR
000300 0E41           00335     movlw "A"       
000302 EC?? F???      00336     call ENVIA_CHAR
000306 0E43           00337     movlw "C"       
000308 EC?? F???      00338     call ENVIA_CHAR
00030C 0E55           00339     movlw "U"       
00030E EC?? F???      00340     call ENVIA_CHAR
000312 0E4D           00341     movlw "M"       
000314 EC?? F???      00342     call ENVIA_CHAR
000318 0E42           00343     movlw "B"       
00031A EC?? F???      00344     call ENVIA_CHAR
00031E 0E41           00345     movlw "A"       
000320 EC?? F???      00346     call ENVIA_CHAR
000324                00347 label:
000324 EC?? F???      00348     call ubicador
000328 0E00           00349     movlw .0
00032A 6214           00350     cpfseq pase
00032C EF?? F???      00351     goto label
000330 0E01           00352     movlw .1
000332 6E10           00353     movwf indicapantalla   
000334 EF?? F???      00354     goto inicio
                      00355     
                      00356 ;---------boton 5 y 6---------;
000338                00357 configura5:
000338 EC?? F???      00358     CALL BORRAR_LCD
00033C EC?? F???      00359     call CURSOR_OFF
                      00360     ; CONFIGURO QUE SALIDA QUIERO RECUERDA QUE DEBES VER LA TABLA PARA QUE SEAN 3 
                      00361     ; BORRO LCD Y MANDO LOS PRIMEROS VALORES
000340 EC?? F???      00362     CALL BORRAR_LCD
000344 0E4C           00363     movlw "L"       
000346 EC?? F???      00364     call ENVIA_CHAR
00034A 0E2E           00365     movlw "."       
00034C EC?? F???      00366     call ENVIA_CHAR
000350 0E53           00367     movlw "S"      
000352 EC?? F???      00368     call ENVIA_CHAR
000356 0E55           00369     movlw "U"
000358 EC?? F???      00370     call ENVIA_CHAR
00035C 0E50           00371     movlw "P"      
00035E EC?? F???      00372     call ENVIA_CHAR
000362 0E45           00373     movlw "E"      
000364 EC?? F???      00374     call ENVIA_CHAR
000368 0E52           00375     movlw "R"      
00036A EC?? F???      00376     call ENVIA_CHAR
00036E 0E49           00377     movlw "I"      
000370 EC?? F???      00378     call ENVIA_CHAR
000374 0E4F           00379     movlw "O"      
MPASM 5.81             CON BOTONES 5 Y 6.ASM   5-1-2019  10:52:50         PAGE 14


LOC  OBJECT CODE     LINE SOURCE TEXT
  VALUE

000376 EC?? F???      00380     call ENVIA_CHAR
00037A 0E52           00381     movlw "R"      
00037C EC?? F???      00382     call ENVIA_CHAR
000380                00383 control1:
000380 EC?? F???      00384     call ubicador
000384 0E05           00385     movlw .5
000386 6210           00386     cpfseq indicapantalla
000388 EF?? F???      00387     goto inicio
00038C 5012           00388     movf medio,W
00038E 6411           00389     cpfsgt superior
000390 EF?? F???      00390     goto canchita1
000394 EF?? F???      00391     goto canchita2
000398                00392 canchita1:
000398 0E00           00393     movlw .0 
00039A EC?? F???      00394     call POS_CUR_FIL2
00039E 0E4F           00395     movlw "O"       
0003A0 EC?? F???      00396     call ENVIA_CHAR
0003A4 0E4E           00397     movlw "N"       
0003A6 EC?? F???      00398     call ENVIA_CHAR
0003AA 0E20           00399     movlw " "       
0003AC EC?? F???      00400     call ENVIA_CHAR
0003B0 EF?? F???      00401     goto control1
0003B4                00402 canchita2:
0003B4 0E00           00403     movlw .0 
0003B6 EC?? F???      00404     call POS_CUR_FIL2
0003BA 0E4F           00405     movlw "O"       
0003BC EC?? F???      00406     call ENVIA_CHAR
0003C0 0E46           00407     movlw "F"       
0003C2 EC?? F???      00408     call ENVIA_CHAR
0003C6 0E46           00409     movlw "F"       
0003C8 EC?? F???      00410     call ENVIA_CHAR
0003CC EF?? F???      00411     goto control1
                      00412     
0003D0                00413 configura6:
0003D0 EC?? F???      00414     CALL BORRAR_LCD
0003D4 EC?? F???      00415     call CURSOR_OFF
                      00416     ; CONFIGURO QUE SALIDA QUIERO RECUERDA QUE DEBES VER LA TABLA PARA QUE SEAN 3 
                      00417     ; BORRO LCD Y MANDO LOS PRIMEROS VALORES
0003D8 EC?? F???      00418     CALL BORRAR_LCD
0003DC 0E4C           00419     movlw "L"       
0003DE EC?? F???      00420     call ENVIA_CHAR
0003E2 0E2E           00421     movlw "."       
0003E4 EC?? F???      00422     call ENVIA_CHAR
0003E8 0E49           00423     movlw "I"      
0003EA EC?? F???      00424     call ENVIA_CHAR
0003EE 0E4E           00425     movlw "N"
0003F0 EC?? F???      00426     call ENVIA_CHAR
0003F4 0E46           00427     movlw "F"      
0003F6 EC?? F???      00428     call ENVIA_CHAR
0003FA 0E45           00429     movlw "E"      
0003FC EC?? F???      00430     call ENVIA_CHAR
000400 0E52           00431     movlw "R"      
000402 EC?? F???      00432     call ENVIA_CHAR
MPASM 5.81             CON BOTONES 5 Y 6.ASM   5-1-2019  10:52:50         PAGE 15


LOC  OBJECT CODE     LINE SOURCE TEXT
  VALUE

000406 0E49           00433     movlw "I"      
000408 EC?? F???      00434     call ENVIA_CHAR
00040C 0E4F           00435     movlw "O"      
00040E EC?? F???      00436     call ENVIA_CHAR
000412 0E52           00437     movlw "R"      
000414 EC?? F???      00438     call ENVIA_CHAR
000418                00439 control11:
000418 EC?? F???      00440     call ubicador
00041C 0E06           00441     movlw .6
00041E 6210           00442     cpfseq indicapantalla
000420 EF?? F???      00443     goto inicio
000424 5012           00444     movf medio,W
000426 6013           00445     cpfslt inferior
000428 EF?? F???      00446     goto canchita11
00042C EF?? F???      00447     goto canchita21
000430                00448 canchita11:
000430 0E00           00449     movlw .0 
000432 EC?? F???      00450     call POS_CUR_FIL2
000436 0E4F           00451     movlw "O"       
000438 EC?? F???      00452     call ENVIA_CHAR
00043C 0E4E           00453     movlw "N"       
00043E EC?? F???      00454     call ENVIA_CHAR
000442 0E20           00455     movlw " "       
000444 EC?? F???      00456     call ENVIA_CHAR
000448 EF?? F???      00457     goto control11
00044C                00458 canchita21:
00044C 0E00           00459     movlw .0 
00044E EC?? F???      00460     call POS_CUR_FIL2
000452 0E4F           00461     movlw "O"       
000454 EC?? F???      00462     call ENVIA_CHAR
000458 0E46           00463     movlw "F"       
00045A EC?? F???      00464     call ENVIA_CHAR
00045E 0E46           00465     movlw "F"       
000460 EC?? F???      00466     call ENVIA_CHAR
000464 EF?? F???      00467     goto control11
                      00468     
                      00469     ;------------subrutina de saber que activar-----------;
                      00470     
000468                00471 ubicador:
000468 0E00           00472     movlw .0
00046A 6E14           00473     movwf pase
00046C 0E01           00474     movlw b'00000001' ; selecione canal 0 , active la conversion , empiezo 
00046E 6EC2           00475     movwf ADCON0
000470                00476 convierto1:
000470 82C2           00477     bsf ADCON0,GO
000472                00478 espera1:
000472 B2C2           00479     btfsc ADCON0,GO
000474 EF?? F???      00480     goto espera1
000478 CFC4 F012      00481     movff ADRESH,medio
00047C 0E05           00482     movlw b'00000101' ; selecione canal 1 , active la conversion , empiezo 
00047E 6EC2           00483     movwf ADCON0
000480                00484 convierto2:
000480 82C2           00485     bsf ADCON0,GO
MPASM 5.81             CON BOTONES 5 Y 6.ASM   5-1-2019  10:52:50         PAGE 16


LOC  OBJECT CODE     LINE SOURCE TEXT
  VALUE

000482                00486 espera2:
000482 B2C2           00487     btfsc ADCON0,GO
000484 EF?? F???      00488     goto espera2
000488 CFC4 F011      00489     movff ADRESH,superior
00048C 0E09           00490     movlw b'00001001' ; selecione canal 2 , active la conversion , empiezo 
00048E 6EC2           00491     movwf ADCON0
000490                00492 convierto3:
000490 82C2           00493     bsf ADCON0,GO
000492                00494 espera3:
000492 B2C2           00495     btfsc ADCON0,GO
000494 EF?? F???      00496     goto espera3
000498 CFC4 F013      00497     movff ADRESH,inferior
00049C                00498 pregunta1:
00049C 5012           00499     movf medio,W
00049E 6411           00500     cpfsgt superior
0004A0 EF?? F???      00501     goto pregunta2a
0004A4 EF?? F???      00502     goto pregunta2b
0004A8                00503 pregunta2a:
0004A8 5012           00504     movf medio,W
0004AA 6013           00505     cpfslt inferior
0004AC EF?? F???      00506     goto Zonaoscura
0004B0 EF?? F???      00507     goto buzzer
0004B4                00508 pregunta2b:
0004B4 5012           00509     movf medio,W
0004B6 6013           00510     cpfslt inferior
0004B8 EF?? F???      00511     goto LED
0004BC EF?? F???      00512     goto nada
0004C0                00513 Zonaoscura:
0004C0 0E01           00514     movlw .1
0004C2 6E14           00515     movwf pase
0004C4 848B           00516     bsf LATC,2
0004C6 848D           00517     bsf LATE,2
0004C8 0E04           00518     movlw .4
0004CA 6E10           00519     movwf indicapantalla
0004CC 0012           00520     return
0004CE                00521 buzzer:
0004CE 848B           00522     bsf LATC,2
0004D0 948D           00523     bcf LATE,2
0004D2 0012           00524     return
0004D4                00525 LED:
0004D4 948B           00526     bcf LATC,2
0004D6 848D           00527     bsf LATE,2
0004D8 0012           00528     return
0004DA                00529 nada:
0004DA 948B           00530     bcf LATC,2
0004DC 948D           00531     bcf LATE,2
0004DE 0012           00532     return
                      00533     
                      00534     ;--------secuencia de interrupcion--------;
0004E0                00535 memachucaron:
0004E0 90F2           00536     bcf INTCON,RBIF     ;bajar bandera
0004E2 A881           00537     btfss PORTB,4 
0004E4 EF?? F???      00538     goto COL1 
MPASM 5.81             CON BOTONES 5 Y 6.ASM   5-1-2019  10:52:50         PAGE 17


LOC  OBJECT CODE     LINE SOURCE TEXT
  VALUE

0004E8 AA81           00539     btfss PORTB,5 
0004EA EF?? F???      00540     goto COL2 
0004EE AC81           00541     btfss PORTB,6 
0004F0 EF?? F???      00542     goto COL3 
0004F4 AE81           00543     btfss PORTB,7 
0004F6 EF?? F???      00544     goto COL4 
0004FA 0010           00545     retfie
0004FC                00546 COL1:
0004FC 0E0F           00547     movlw 0x0F          ;0F = 00001111
0004FE 6E93           00548     movwf TRISB 
000500 6A8A           00549     clrf LATB 
000502 A081           00550     btfss PORTB,0 
000504 EF?? F???      00551     goto valor1
000508 A281           00552     btfss PORTB,1 
00050A EF?? F???      00553     goto pafuera
00050E A481           00554     btfss PORTB,2
000510 EF?? F???      00555     goto pafuera
000514 A681           00556     btfss PORTB,3 
000516 EF?? F???      00557     goto pafuera
00051A EF?? F???      00558     goto pafuera
00051E                00559 COL2:
00051E 0E0F           00560     movlw 0x0F 
000520 6E93           00561     movwf TRISB 
000522 6A8A           00562     clrf LATB 
000524 A081           00563     btfss PORTB,0 
000526 EF?? F???      00564     goto valor2
00052A A281           00565     btfss PORTB,1 
00052C EF?? F???      00566     goto valor4
000530 A481           00567     btfss PORTB,2 
000532 EF?? F???      00568     goto pafuera
000536 A681           00569     btfss PORTB,3 
000538 EF?? F???      00570     goto pafuera
00053C EF?? F???      00571     goto pafuera
000540                00572 COL3:
000540 0E0F           00573     movlw 0x0F 
000542 6E93           00574     movwf TRISB 
000544 6A8A           00575     clrf LATB 
000546 A081           00576     btfss PORTB,0 
000548 EF?? F???      00577     goto valor3
00054C A281           00578     btfss PORTB,1 
00054E EF?? F???      00579     goto valor5
000552 A481           00580     btfss PORTB,2 
000554 EF?? F???      00581     goto pafuera
000558 A681           00582     btfss PORTB,3 
00055A EF?? F???      00583     goto pafuera
00055E EF?? F???      00584     goto pafuera
000562                00585 COL4:
000562 0E0F           00586     movlw 0x0F 
000564 6E93           00587     movwf TRISB 
000566 6A8A           00588     clrf LATB 
000568 A081           00589     btfss PORTB,0 
00056A EF?? F???      00590     goto pafuera
00056E A281           00591     btfss PORTB,1 
MPASM 5.81             CON BOTONES 5 Y 6.ASM   5-1-2019  10:52:50         PAGE 18


LOC  OBJECT CODE     LINE SOURCE TEXT
  VALUE

000570 EF?? F???      00592     goto pafuera
000574 A481           00593     btfss PORTB,2 
000576 EF?? F???      00594     goto pafuera
00057A A681           00595     btfss PORTB,3 
00057C EF?? F???      00596     goto pafuera
000580 EF?? F???      00597     goto pafuera
                      00598     ;-----cajas de seleccion----;
000584                00599 valor1:
000584 0E01           00600     movlw .1
000586 6E10           00601     movwf indicapantalla
000588 EF?? F???      00602     goto pafuera
00058C                00603 valor2:
00058C 0E02           00604     movlw .2
00058E 6E10           00605     movwf indicapantalla
000590 EF?? F???      00606     goto pafuera
000594                00607 valor3:
000594 0E03           00608     movlw .3
000596 6E10           00609     movwf indicapantalla
000598 EF?? F???      00610     goto pafuera
00059C                00611 valor4:
00059C 0E05           00612     movlw .5
00059E 6E10           00613     movwf indicapantalla
0005A0 EF?? F???      00614     goto pafuera
0005A4                00615 valor5:
0005A4 0E06           00616     movlw .6
0005A6 6E10           00617     movwf indicapantalla
0005A8 EF?? F???      00618     goto pafuera
0005AC                00619 pafuera:
0005AC 0EF0           00620     movlw 0xF0
0005AE 6E93           00621     movwf TRISB
0005B0 0010           00622     retfie
                      00623  END
MPASM 5.81             CON BOTONES 5 Y 6.ASM   5-1-2019  10:52:50         PAGE 19


SYMBOL TABLE
  LABEL                             VALUE 

A                                 00000000
ABDEN                             00000000
ABDOVF                            00000007
ACCESS                            00000000
ACKDT                             00000005
ACKEN                             00000004
ACKSTAT                           00000006
ACQT0                             00000003
ACQT1                             00000004
ACQT2                             00000005
ACTVIE                            00000002
ACTVIF                            00000002
ADCON0                            00000FC2
ADCON1                            00000FC1
ADCON2                            00000FC0
ADCS0                             00000000
ADCS1                             00000001
ADCS2                             00000002
ADDEN                             00000003
ADDR0                             00000000
ADDR1                             00000001
ADDR2                             00000002
ADDR3                             00000003
ADDR4                             00000004
ADDR5                             00000005
ADDR6                             00000006
ADEN                              00000003
ADFM                              00000007
ADIE                              00000006
ADIF                              00000006
ADIP                              00000006
ADON                              00000000
ADRES                             00000FC3
ADRESH                            00000FC4
ADRESL                            00000FC3
AN0                               00000000
AN1                               00000001
AN2                               00000002
AN3                               00000003
AN4                               00000005
BANKED                            00000001
BAUDCON                           00000FB8
BAUDCTL                           00000FB8
BCD0                              00000004
BCD1                              00000003
BCD2                              00000002
BCLIE                             00000003
BCLIF                             00000003
BCLIP                             00000003
BF                                00000000
BGST                              00000005
BIN_BCD                           00000780
BOR                               00000000
MPASM 5.81             CON BOTONES 5 Y 6.ASM   5-1-2019  10:52:50         PAGE 20


SYMBOL TABLE
  LABEL                             VALUE 

BORRAR_LCD                        0000064E
BRG16                             00000003
BRGH                              00000002
BSR                               00000FE0
BTOEE                             00000004
BTOEF                             00000004
BTSEE                             00000007
BTSEF                             00000007
C                                 00000000
C1INV                             00000004
C1OUT                             00000006
C2INV                             00000005
C2OUT                             00000007
CCP1                              00000002
CCP1AS                            00000FB6
CCP1CON                           00000FBD
CCP1DEL                           00000FB7
CCP1IE                            00000002
CCP1IF                            00000002
CCP1IP                            00000002
CCP1M0                            00000000
CCP1M1                            00000001
CCP1M2                            00000002
CCP1M3                            00000003
CCP2CON                           00000FBA
CCP2IE                            00000000
CCP2IF                            00000000
CCP2IP                            00000000
CCP2M0                            00000000
CCP2M1                            00000001
CCP2M2                            00000002
CCP2M3                            00000003
CCPR1                             00000FBE
CCPR1H                            00000FBF
CCPR1L                            00000FBE
CCPR2                             00000FBB
CCPR2H                            00000FBC
CCPR2L                            00000FBB
CFGS                              00000006
CHS0                              00000002
CHS1                              00000003
CHS2                              00000004
CHS3                              00000005
CIS                               00000003
CK                                00000006
CK1SPP                            00000000
CK2SPP                            00000001
CKE                               00000006
CKP                               00000004
CLK1EN                            00000004
CLKCFG0                           00000006
CLKCFG1                           00000007
CM0                               00000000
MPASM 5.81             CON BOTONES 5 Y 6.ASM   5-1-2019  10:52:50         PAGE 21


SYMBOL TABLE
  LABEL                             VALUE 

CM1                               00000001
CM2                               00000002
CMCON                             00000FB4
CMIE                              00000006
CMIF                              00000006
CMIP                              00000006
COL1                              000004FC
COL2                              0000051E
COL3                              00000540
COL4                              00000562
CONV                              0000078A
CRC16EE                           00000002
CRC16EF                           00000002
CRC5EE                            00000001
CRC5EF                            00000001
CREN                              00000004
CSEN                              00000005
CSRC                              00000007
CURSOR_HOME                       00000628
CURSOR_OFF                        00000632
CURSOR_ON                         0000063C
CVR0                              00000000
CVR1                              00000001
CVR2                              00000002
CVR3                              00000003
CVRCON                            00000FB5
CVREF                             00000004
CVREN                             00000007
CVROE                             00000006
CVRR                              00000005
CVRSS                             00000004
D                                 00000005
DATA_ADDRESS                      00000005
DC                                00000001
DC1B0                             00000004
DC1B1                             00000005
DC2B0                             00000004
DC2B1                             00000005
DDRA                              TRISA
DDRB                              TRISB
DDRC                              TRISC
DDRD                              TRISD
DDRE                              TRISE
DELAY100uS                        0000076A
DELAY15MSEG                       00000754
DELAY2MSEG                        0000073E
DFN8EE                            00000003
DFN8EF                            00000003
DIR                               00000002
DISPLAY_OFF                       0000061E
DISPLAY_ON                        00000614
DONE                              00000001
D_A                               00000005
MPASM 5.81             CON BOTONES 5 Y 6.ASM   5-1-2019  10:52:50         PAGE 22


SYMBOL TABLE
  LABEL                             VALUE 

D_NOT_A                           00000005
E                                 00000002
ECCP1AS                           00000FB6
ECCP1CON                          00000FBD
ECCP1DEL                          00000FB7
ECCPAS0                           00000004
ECCPAS1                           00000005
ECCPAS2                           00000006
ECCPASE                           00000007
EEADR                             00000FA9
EECON1                            00000FA6
EECON2                            00000FA7
EEDATA                            00000FA8
EEIE                              00000004
EEIF                              00000004
EEIP                              00000004
EEPGD                             00000007
ENDP0                             00000003
ENDP1                             00000004
ENDP2                             00000005
ENDP3                             00000006
ENVIA_CHAR                        00000646
ENVIA_LCD_CMD                     000006AA
ENVIA_LCD_DATO                    000006DC
ENVIA_NIBBLE                      00000694
EPCONDIS                          00000003
EPHSHK                            00000004
EPINEN                            00000001
EPOUTEN                           00000002
EPSTALL                           00000000
FAST                              00000001
FERR                              00000002
FLTS                              00000002
FREE                              00000004
FRM0                              00000000
FRM1                              00000001
FRM10                             00000002
FRM2                              00000002
FRM3                              00000003
FRM4                              00000004
FRM5                              00000005
FRM6                              00000006
FRM7                              00000007
FRM8                              00000000
FRM9                              00000001
FSEN                              00000002
FSR0                              00000000
FSR0H                             00000FEA
FSR0L                             00000FE9
FSR1                              00000001
FSR1H                             00000FE2
FSR1L                             00000FE1
FSR2                              00000002
MPASM 5.81             CON BOTONES 5 Y 6.ASM   5-1-2019  10:52:50         PAGE 23


SYMBOL TABLE
  LABEL                             VALUE 

FSR2H                             00000FDA
FSR2L                             00000FD9
GCEN                              00000007
GENERA_CHAR_CGRAM                 0000070E
GIE                               00000007
GIEH                              00000007
GIEL                              00000006
GIE_GIEH                          00000007
GO                                00000001
GO_DONE                           00000001
GO_NOT_DONE                       00000001
HLVDCON                           00000FD2
HLVDEN                            00000004
HLVDIE                            00000002
HLVDIF                            00000002
HLVDIN                            00000005
HLVDIP                            00000002
HLVDL0                            00000000
HLVDL1                            00000001
HLVDL2                            00000002
HLVDL3                            00000003
I2C_DAT                           00000005
I2C_READ                          00000002
I2C_START                         00000003
I2C_STOP                          00000004
IDLEIE                            00000004
IDLEIF                            00000004
IDLEN                             00000007
INDF0                             00000FEF
INDF1                             00000FE7
INDF2                             00000FDF
INT0                              00000000
INT0E                             00000004
INT0F                             00000001
INT0IE                            00000004
INT0IF                            00000001
INT1                              00000001
INT1E                             00000003
INT1F                             00000000
INT1IE                            00000003
INT1IF                            00000000
INT1IP                            00000006
INT1P                             00000006
INT2                              00000002
INT2E                             00000004
INT2F                             00000001
INT2IE                            00000004
INT2IF                            00000001
INT2IP                            00000007
INT2P                             00000007
INTCON                            00000FF2
INTCON2                           00000FF1
INTCON3                           00000FF0
MPASM 5.81             CON BOTONES 5 Y 6.ASM   5-1-2019  10:52:50         PAGE 24


SYMBOL TABLE
  LABEL                             VALUE 

INTEDG0                           00000006
INTEDG1                           00000005
INTEDG2                           00000004
INTSRC                            00000007
IOFS                              00000002
IPEN                              00000007
IPR1                              00000F9F
IPR2                              00000FA2
IRCF0                             00000004
IRCF1                             00000005
IRCF2                             00000006
IRVST                             00000005
IVRST                             00000005
LATA                              00000F89
LATA0                             00000000
LATA1                             00000001
LATA2                             00000002
LATA3                             00000003
LATA4                             00000004
LATA5                             00000005
LATA6                             00000006
LATB                              00000F8A
LATB0                             00000000
LATB1                             00000001
LATB2                             00000002
LATB3                             00000003
LATB4                             00000004
LATB5                             00000005
LATB6                             00000006
LATB7                             00000007
LATC                              00000F8B
LATC0                             00000000
LATC1                             00000001
LATC2                             00000002
LATC6                             00000006
LATC7                             00000007
LATD                              00000F8C
LATD0                             00000000
LATD1                             00000001
LATD2                             00000002
LATD3                             00000003
LATD4                             00000004
LATD5                             00000005
LATD6                             00000006
LATD7                             00000007
LATE                              00000F8D
LATE0                             00000000
LATE1                             00000001
LATE2                             00000002
LCD_CONFIG                        00000658
LED                               000004D4
LVDCON                            00000FD2
LVDEN                             00000004
MPASM 5.81             CON BOTONES 5 Y 6.ASM   5-1-2019  10:52:50         PAGE 25


SYMBOL TABLE
  LABEL                             VALUE 

LVDIE                             00000002
LVDIF                             00000002
LVDIN                             00000005
LVDIP                             00000002
LVDL0                             00000000
LVDL1                             00000001
LVDL2                             00000002
LVDL3                             00000003
LVV0                              00000000
LVV1                              00000001
LVV2                              00000002
LVV3                              00000003
N                                 00000004
NOT_A                             00000005
NOT_ADDRESS                       00000005
NOT_BOR                           00000000
NOT_DONE                          00000001
NOT_IPEN                          00000007
NOT_PD                            00000002
NOT_POR                           00000001
NOT_RBPU                          00000007
NOT_RI                            00000004
NOT_T1SYNC                        00000002
NOT_T3SYNC                        00000002
NOT_TO                            00000003
NOT_W                             00000002
NOT_WRITE                         00000002
OERR                              00000001
OESPP                             00000002
OSC2                              00000006
OSCCON                            00000FD3
OSCFIE                            00000007
OSCFIF                            00000007
OSCFIP                            00000007
OSCTUNE                           00000F9B
OSTS                              00000003
OV                                00000003
P                                 00000004
P1A                               00000002
P1M0                              00000006
P1M1                              00000007
PC                                00000FF9
PCFG0                             00000000
PCFG1                             00000001
PCFG2                             00000002
PCFG3                             00000003
PCL                               00000FF9
PCLATH                            00000FFA
PCLATU                            00000FFB
PD                                00000002
PDC0                              00000000
PDC1                              00000001
PDC2                              00000002
MPASM 5.81             CON BOTONES 5 Y 6.ASM   5-1-2019  10:52:50         PAGE 26


SYMBOL TABLE
  LABEL                             VALUE 

PDC3                              00000003
PDC4                              00000004
PDC5                              00000005
PDC6                              00000006
PEIE                              00000006
PEIE_GIEL                         00000006
PEN                               00000002
PGC                               00000006
PGD                               00000007
PGM                               00000005
PIDEE                             00000000
PIDEF                             00000000
PIE1                              00000F9D
PIE2                              00000FA0
PIR1                              00000F9E
PIR2                              00000FA1
PKTDIS                            00000004
PLUSW0                            00000FEB
PLUSW1                            00000FE3
PLUSW2                            00000FDB
POR                               00000001
PORTA                             00000F80
PORTB                             00000F81
PORTC                             00000F82
PORTD                             00000F83
PORTE                             00000F84
POSTDEC0                          00000FED
POSTDEC1                          00000FE5
POSTDEC2                          00000FDD
POSTINC0                          00000FEE
POSTINC1                          00000FE6
POSTINC2                          00000FDE
POS_CUR_FIL1                      0000060A
POS_CUR_FIL2                      00000600
PPB0                              00000000
PPB1                              00000001
PPBI                              00000001
PPBRST                            00000006
PR2                               00000FCB
PREINC0                           00000FEC
PREINC1                           00000FE4
PREINC2                           00000FDC
PROD                              00000FF3
PRODH                             00000FF4
PRODL                             00000FF3
PRSEN                             00000007
PSA                               00000003
PSSAC0                            00000002
PSSAC1                            00000003
PSSBD0                            00000000
PSSBD1                            00000001
R                                 00000002
RA0                               00000000
MPASM 5.81             CON BOTONES 5 Y 6.ASM   5-1-2019  10:52:50         PAGE 27


SYMBOL TABLE
  LABEL                             VALUE 

RA1                               00000001
RA2                               00000002
RA3                               00000003
RA4                               00000004
RA5                               00000005
RA6                               00000006
RB0                               00000000
RB1                               00000001
RB2                               00000002
RB3                               00000003
RB4                               00000004
RB5                               00000005
RB6                               00000006
RB7                               00000007
RBIE                              00000003
RBIF                              00000000
RBIP                              00000000
RBPU                              00000007
RC0                               00000000
RC1                               00000001
RC2                               00000002
RC4                               00000004
RC5                               00000005
RC6                               00000006
RC7                               00000007
RCEN                              00000003
RCIDL                             00000006
RCIE                              00000005
RCIF                              00000005
RCIP                              00000005
RCMT                              00000006
RCON                              00000FD0
RCREG                             00000FAE
RCSTA                             00000FAB
RD                                00000000
RD0                               00000000
RD1                               00000001
RD16                              00000007
RD2                               00000002
RD3                               00000003
RD4                               00000004
RD5                               00000005
RD6                               00000006
RD7                               00000007
RDPU                              00000007
RDSPP                             00000007
RE0                               00000000
RE1                               00000001
RE2                               00000002
RE3                               00000003
READ_WRITE                        00000002
REPITE                            00000718
RESUME                            00000002
MPASM 5.81             CON BOTONES 5 Y 6.ASM   5-1-2019  10:52:50         PAGE 28


SYMBOL TABLE
  LABEL                             VALUE 

RETAR1                            00000742
RETAR2                            00000746
RETAR3                            00000758
RETAR4                            0000075C
RETAR7                            0000076E
RETAR8                            00000772
RI                                00000004
RS                                00000000
RSEN                              00000001
RW                                00000001
RX                                00000007
RX9                               00000006
RX9D                              00000000
RXDTP                             00000005
R_NOT_W                           00000002
R_W                               00000002
S                                 00000003
SALIR                             00000734
SBOREN                            00000006
SCKP                              00000004
SCS0                              00000000
SCS1                              00000001
SE0                               00000005
SEN                               00000000
SENDB                             00000003
SMP                               00000007
SOFIE                             00000006
SOFIF                             00000006
SPBRG                             00000FAF
SPBRGH                            00000FB0
SPEN                              00000007
SPP0                              00000000
SPP1                              00000001
SPP2                              00000002
SPP3                              00000003
SPP4                              00000004
SPP5                              00000005
SPP6                              00000006
SPP7                              00000007
SPPBUSY                           00000004
SPPCFG                            00000F63
SPPCON                            00000F65
SPPDATA                           00000F62
SPPEN                             00000000
SPPEPS                            00000F64
SPPIE                             00000007
SPPIF                             00000007
SPPIP                             00000007
SPPOWN                            00000001
SREN                              00000005
SSPADD                            00000FC8
SSPBUF                            00000FC9
SSPCON1                           00000FC6
MPASM 5.81             CON BOTONES 5 Y 6.ASM   5-1-2019  10:52:50         PAGE 29


SYMBOL TABLE
  LABEL                             VALUE 

SSPCON2                           00000FC5
SSPEN                             00000005
SSPIE                             00000003
SSPIF                             00000003
SSPIP                             00000003
SSPM0                             00000000
SSPM1                             00000001
SSPM2                             00000002
SSPM3                             00000003
SSPOV                             00000006
SSPSTAT                           00000FC7
STALLIE                           00000005
STALLIF                           00000005
STATUS                            00000FD8
STKFUL                            00000007
STKOVF                            00000007
STKPTR                            00000FFC
STKPTR0                           00000000
STKPTR1                           00000001
STKPTR2                           00000002
STKPTR3                           00000003
STKPTR4                           00000004
STKUNF                            00000006
SUMA3_BCD0                        000007C2
SUMA3_BCD1                        000007C8
SUSPND                            00000001
SWDTE                             00000000
SWDTEN                            00000000
SYNC                              00000004
T08BIT                            00000006
T0CKI                             00000004
T0CON                             00000FD5
T0CS                              00000005
T0IE                              00000005
T0IF                              00000002
T0IP                              00000002
T0PS0                             00000000
T0PS1                             00000001
T0PS2                             00000002
T0SE                              00000004
T13CKI                            00000000
T1CKPS0                           00000004
T1CKPS1                           00000005
T1CON                             00000FCD
T1OSCEN                           00000003
T1OSI                             00000001
T1OSO                             00000000
T1RUN                             00000006
T1SYNC                            00000002
T2CKPS0                           00000000
T2CKPS1                           00000001
T2CON                             00000FCA
T2OUTPS0                          00000003
MPASM 5.81             CON BOTONES 5 Y 6.ASM   5-1-2019  10:52:50         PAGE 30


SYMBOL TABLE
  LABEL                             VALUE 

T2OUTPS1                          00000004
T2OUTPS2                          00000005
T2OUTPS3                          00000006
T3CCP1                            00000003
T3CCP2                            00000006
T3CKPS0                           00000004
T3CKPS1                           00000005
T3CON                             00000FB1
T3NSYNC                           00000002
T3SYNC                            00000002
TABLAT                            00000FF5
TBLPTR                            00000FF6
TBLPTRH                           00000FF7
TBLPTRL                           00000FF6
TBLPTRU                           00000FF8
TEM                               00002000
TMR0                              00000FD6
TMR0H                             00000FD7
TMR0IE                            00000005
TMR0IF                            00000002
TMR0IP                            00000002
TMR0L                             00000FD6
TMR0ON                            00000007
TMR1                              00000FCE
TMR1CS                            00000001
TMR1H                             00000FCF
TMR1IE                            00000000
TMR1IF                            00000000
TMR1IP                            00000000
TMR1L                             00000FCE
TMR1ON                            00000000
TMR2                              00000FCC
TMR2IE                            00000001
TMR2IF                            00000001
TMR2IP                            00000001
TMR2ON                            00000002
TMR3                              00000FB2
TMR3CS                            00000001
TMR3H                             00000FB3
TMR3IE                            00000001
TMR3IF                            00000001
TMR3IP                            00000001
TMR3L                             00000FB2
TMR3ON                            00000000
TO                                00000003
TOS                               00000FFD
TOSH                              00000FFE
TOSL                              00000FFD
TOSU                              00000FFF
TOUTPS0                           00000003
TOUTPS1                           00000004
TOUTPS2                           00000005
TOUTPS3                           00000006
MPASM 5.81             CON BOTONES 5 Y 6.ASM   5-1-2019  10:52:50         PAGE 31


SYMBOL TABLE
  LABEL                             VALUE 

TRISA                             00000F92
TRISA0                            00000000
TRISA1                            00000001
TRISA2                            00000002
TRISA3                            00000003
TRISA4                            00000004
TRISA5                            00000005
TRISA6                            00000006
TRISB                             00000F93
TRISB0                            00000000
TRISB1                            00000001
TRISB2                            00000002
TRISB3                            00000003
TRISB4                            00000004
TRISB5                            00000005
TRISB6                            00000006
TRISB7                            00000007
TRISC                             00000F94
TRISC0                            00000000
TRISC1                            00000001
TRISC2                            00000002
TRISC6                            00000006
TRISC7                            00000007
TRISD                             00000F95
TRISD0                            00000000
TRISD1                            00000001
TRISD2                            00000002
TRISD3                            00000003
TRISD4                            00000004
TRISD5                            00000005
TRISD6                            00000006
TRISD7                            00000007
TRISE                             00000F96
TRISE0                            00000000
TRISE1                            00000001
TRISE2                            00000002
TRMT                              00000001
TRNIE                             00000003
TRNIF                             00000003
TUN0                              00000000
TUN1                              00000001
TUN2                              00000002
TUN3                              00000003
TUN4                              00000004
TX                                00000006
TX9                               00000006
TX9D                              00000000
TXCKP                             00000004
TXEN                              00000005
TXIE                              00000004
TXIF                              00000004
TXIP                              00000004
TXREG                             00000FAD
MPASM 5.81             CON BOTONES 5 Y 6.ASM   5-1-2019  10:52:50         PAGE 32


SYMBOL TABLE
  LABEL                             VALUE 

TXSTA                             00000FAC
UA                                00000001
UADDR                             00000F6E
UCFG                              00000F6F
UCON                              00000F6D
UEIE                              00000F6B
UEIR                              00000F6A
UEP0                              00000F70
UEP1                              00000F71
UEP10                             00000F7A
UEP11                             00000F7B
UEP12                             00000F7C
UEP13                             00000F7D
UEP14                             00000F7E
UEP15                             00000F7F
UEP2                              00000F72
UEP3                              00000F73
UEP4                              00000F74
UEP5                              00000F75
UEP6                              00000F76
UEP7                              00000F77
UEP8                              00000F78
UEP9                              00000F79
UERRIE                            00000001
UERRIF                            00000001
UFRM                              00000F66
UFRMH                             00000F67
UFRML                             00000F66
UIE                               00000F69
UIR                               00000F68
UOEMON                            00000006
UPUEN                             00000004
URSTIE                            00000000
URSTIF                            00000000
USBEN                             00000003
USBIE                             00000005
USBIF                             00000005
USBIP                             00000005
USTAT                             00000F6C
UTEYE                             00000007
UTRDIS                            00000003
VCFG0                             00000004
VCFG1                             00000005
VDIRMAG                           00000007
VREFM                             00000002
VREFP                             00000003
W                                 00000000
WCOL                              00000007
WDTCON                            00000FD1
WR                                00000001
WREG                              00000FE8
WREN                              00000002
WRERR                             00000003
MPASM 5.81             CON BOTONES 5 Y 6.ASM   5-1-2019  10:52:50         PAGE 33


SYMBOL TABLE
  LABEL                             VALUE 

WRSPP                             00000006
WS0                               00000000
WS1                               00000001
WS2                               00000002
WS3                               00000003
WUE                               00000001
Z                                 00000002
Zonaoscura                        000004C0
_BORV_0_2L                        000000E7
_BORV_1_2L                        000000EF
_BORV_2_2L                        000000F7
_BORV_3_2L                        000000FF
_BOR_OFF_2L                       000000F9
_BOR_ON_2L                        000000FF
_BOR_ON_ACTIVE_2L                 000000FD
_BOR_SOFT_2L                      000000FB
_CCP2MX_OFF_3H                    000000FE
_CCP2MX_ON_3H                     000000FF
_CONFIG1H                         00300001
_CONFIG1L                         00300000
_CONFIG2H                         00300003
_CONFIG2L                         00300002
_CONFIG3H                         00300005
_CONFIG4L                         00300006
_CONFIG5H                         00300009
_CONFIG5L                         00300008
_CONFIG6H                         0030000B
_CONFIG6L                         0030000A
_CONFIG7H                         0030000D
_CONFIG7L                         0030000C
_CP0_OFF_5L                       000000FF
_CP0_ON_5L                        000000FE
_CP1_OFF_5L                       000000FF
_CP1_ON_5L                        000000FD
_CP2_OFF_5L                       000000FF
_CP2_ON_5L                        000000FB
_CP3_OFF_5L                       000000FF
_CP3_ON_5L                        000000F7
_CPB_OFF_5H                       000000FF
_CPB_ON_5H                        000000BF
_CPD_OFF_5H                       000000FF
_CPD_ON_5H                        0000007F
_CPUDIV_OSC1_PLL2_1L              000000E7
_CPUDIV_OSC2_PLL3_1L              000000EF
_CPUDIV_OSC3_PLL4_1L              000000F7
_CPUDIV_OSC4_PLL6_1L              000000FF
_DEBUG_OFF_4L                     000000FF
_DEBUG_ON_4L                      0000007F
_DEVID1                           003FFFFE
_DEVID2                           003FFFFF
_EBTR0_OFF_7L                     000000FF
_EBTR0_ON_7L                      000000FE
_EBTR1_OFF_7L                     000000FF
MPASM 5.81             CON BOTONES 5 Y 6.ASM   5-1-2019  10:52:50         PAGE 34


SYMBOL TABLE
  LABEL                             VALUE 

_EBTR1_ON_7L                      000000FD
_EBTR2_OFF_7L                     000000FF
_EBTR2_ON_7L                      000000FB
_EBTR3_OFF_7L                     000000FF
_EBTR3_ON_7L                      000000F7
_EBTRB_OFF_7H                     000000FF
_EBTRB_ON_7H                      000000BF
_FCMEN_OFF_1H                     000000BF
_FCMEN_ON_1H                      000000FF
_FOSC_ECIO_EC_1H                  000000F4
_FOSC_ECPLLIO_EC_1H               000000F6
_FOSC_ECPLL_EC_1H                 000000F7
_FOSC_EC_EC_1H                    000000F5
_FOSC_HSPLL_HS_1H                 000000FE
_FOSC_HS_1H                       000000FC
_FOSC_INTOSCIO_EC_1H              000000F8
_FOSC_INTOSC_EC_1H                000000F9
_FOSC_INTOSC_HS_1H                000000FB
_FOSC_INTOSC_XT_1H                000000FA
_FOSC_XTPLL_XT_1H                 000000F2
_FOSC_XT_XT_1H                    000000F0
_ICPRT_OFF_4L                     000000DF
_ICPRT_ON_4L                      000000FF
_IDLOC0                           00200000
_IDLOC1                           00200001
_IDLOC2                           00200002
_IDLOC3                           00200003
_IDLOC4                           00200004
_IDLOC5                           00200005
_IDLOC6                           00200006
_IDLOC7                           00200007
_IESO_OFF_1H                      0000007F
_IESO_ON_1H                       000000FF
_LPT1OSC_OFF_3H                   000000FB
_LPT1OSC_ON_3H                    000000FF
_LVP_OFF_4L                       000000FB
_LVP_ON_4L                        000000FF
_MCLRE_OFF_3H                     0000007F
_MCLRE_ON_3H                      000000FF
_PBADEN_OFF_3H                    000000FD
_PBADEN_ON_3H                     000000FF
_PLLDIV_10_1L                     000000FE
_PLLDIV_12_1L                     000000FF
_PLLDIV_1_1L                      000000F8
_PLLDIV_2_1L                      000000F9
_PLLDIV_3_1L                      000000FA
_PLLDIV_4_1L                      000000FB
_PLLDIV_5_1L                      000000FC
_PLLDIV_6_1L                      000000FD
_PWRT_OFF_2L                      000000FF
_PWRT_ON_2L                       000000FE
_STVREN_OFF_4L                    000000FE
_STVREN_ON_4L                     000000FF
MPASM 5.81             CON BOTONES 5 Y 6.ASM   5-1-2019  10:52:50         PAGE 35


SYMBOL TABLE
  LABEL                             VALUE 

_USBDIV_1_1L                      000000DF
_USBDIV_2_1L                      000000FF
_VREGEN_OFF_2L                    000000DF
_VREGEN_ON_2L                     000000FF
_WDTPS_1024_2H                    000000F5
_WDTPS_128_2H                     000000EF
_WDTPS_16384_2H                   000000FD
_WDTPS_16_2H                      000000E9
_WDTPS_1_2H                       000000E1
_WDTPS_2048_2H                    000000F7
_WDTPS_256_2H                     000000F1
_WDTPS_2_2H                       000000E3
_WDTPS_32768_2H                   000000FF
_WDTPS_32_2H                      000000EB
_WDTPS_4096_2H                    000000F9
_WDTPS_4_2H                       000000E5
_WDTPS_512_2H                     000000F3
_WDTPS_64_2H                      000000ED
_WDTPS_8192_2H                    000000FB
_WDTPS_8_2H                       000000E7
_WDT_OFF_2H                       000000FE
_WDT_ON_2H                        000000FF
_WRT0_OFF_6L                      000000FF
_WRT0_ON_6L                       000000FE
_WRT1_OFF_6L                      000000FF
_WRT1_ON_6L                       000000FD
_WRT2_OFF_6L                      000000FF
_WRT2_ON_6L                       000000FB
_WRT3_OFF_6L                      000000FF
_WRT3_ON_6L                       000000F7
_WRTB_OFF_6H                      000000FF
_WRTB_ON_6H                       000000BF
_WRTC_OFF_6H                      000000FF
_WRTC_ON_6H                       000000DF
_WRTD_OFF_6H                      000000FF
_WRTD_ON_6H                       0000007F
_XINST_OFF_4L                     000000BF
_XINST_ON_4L                      000000FF
__18F4550                         00000001
aux                               00000000
aux1                              00000008
aux2                              00000009
aux3                              0000000A
buzzer                            000004CE
canchita1                         00000398
canchita11                        00000430
canchita2                         000003B4
canchita21                        0000044C
configura                         00000020
configura1                        0000009A
configura2                        00000144
configura3                        000001DC
configura4                        00000274
MPASM 5.81             CON BOTONES 5 Y 6.ASM   5-1-2019  10:52:50         PAGE 36


SYMBOL TABLE
  LABEL                             VALUE 

configura5                        00000338
configura6                        000003D0
cont                              00000001
conta1                            0000000B
conta2                            0000000C
control1                          00000380
control11                         00000418
convierto1                        00000470
convierto11                       000000EE
convierto2                        00000480
convierto21                       00000192
convierto3                        00000490
convierto31                       0000022A
dato                              00000006
dir_CARACTER                      0000000E
dir_CGRAM                         0000000D
espera1                           00000472
espera11                          00000100
espera2                           00000482
espera21                          000001A4
espera3                           00000492
espera31                          0000023C
indicapantalla                    00000010
inferior                          00000013
inicio                            00000052
label                             00000324
medio                             00000012
memachucaron                      000004E0
nada                              000004DA
pafuera                           000005AC
pase                              00000014
pregunta1                         0000049C
pregunta2a                        000004A8
pregunta2b                        000004B4
rx                                00000007
sa                                0000005E
saa                               0000006A
saaa                              00000076
saaaa                             00000082
saaaaa                            0000008E
superior                          00000011
ubicador                          00000468
valor1                            00000584
valor2                            0000058C
valor3                            00000594
valor4                            0000059C
valor5                            000005A4
var                               00000005

Errors   :     0
Warnings :     0 reported,     0 suppressed
Messages :     0 reported,     0 suppressed

