MPASM 5.81                      INTENTO2.ASM   5-1-2019  0:08:01         PAGE  1


LOC  OBJECT CODE     LINE SOURCE TEXT
  VALUE

                      00001     #include "p18F4550.inc"
                      00001         LIST
                      00002 
                      00003 ;==========================================================================
                      00004 ; Build date : Jul 23 2018
                      00005 ;  MPASM PIC18F4550 processor include
                      00006 ; 
                      00007 ;  (c) Copyright 1999-2018 Microchip Technology, All rights reserved
                      00008 ;==========================================================================
                      00009 
                      01765         LIST
                      00002     CONFIG FOSC = XT_XT
                      00003     CONFIG PWRT = ON
                      00004     CONFIG BOR = OFF
                      00005     CONFIG BORV = 3
                      00006     CONFIG WDT = OFF
                      00007     CONFIG PBADEN = OFF
                      00008     CONFIG MCLRE = ON
                      00009     CONFIG LVP = OFF
                      00010     
                      00011     cblock 0x10
                      00012 
  00000010            00013     indicapantalla
  00000011            00014     superior
  00000012            00015     medio
  00000013            00016     inferior
  00000014            00017     pase
  00000015            00018     cta_a
  00000016            00019     cta_b
  00000017            00020     cta_c
                      00021     endc
                      00022  
                      00023     org 0x2000
002000 0100 0201 0302 00024 TEM:db .0,.1, .1,.2, .2,.3, .3,.4, .4,.5, .5,.6, .6,.7, .7,.8, .8,.9, .9
       0403 0504 0605 
       0706 0807 0908 
       0009 
002014 0A0A 0B0B 0C0C 00025     db .10, .10,.11, .11,.12, .12,.13, .13,.14, .14,.15, .15,.16, .16,.17, .17,.18, .18,.19, .19
       0D0D 0E0E 0F0F 
       1010 1111 1212 
       1313 
002028 1414 1515 1616 00026     db .20, .20,.21, .21,.22, .22,.23, .23,.24, .24,.25, .25,.26, .26,.27, .27,.28, .28,.29, .29
       1717 1818 1919 
       1A1A 1B1B 1C1C 
       1D1D 
00203C 1E1E 1F1F 2020 00027     db .30, .30,.31, .31,.32, .32,.33, .33,.34, .34,.35, .35,.36, .36,.37, .37,.38, .38,.39, .39
       2121 2222 2323 
       2424 2525 2626 
       2727 
002050 2828 2929 2A2A 00028     db .40, .40,.41, .41,.42, .42,.43, .43,.44, .44,.45, .45,.46, .46,.47, .47,.48, .48,.49, .49
       2B2B 2C2C 2D2D 
       2E2E 2F2F 3030 
       3131 
MPASM 5.81                      INTENTO2.ASM   5-1-2019  0:08:01         PAGE  2


LOC  OBJECT CODE     LINE SOURCE TEXT
  VALUE

002064 3232 3333 3434 00029     db .50, .50,.51, .51,.52, .52,.53, .53,.54, .54,.55, .55,.56, .56,.57, .57,.58, .58,.59, .59
       3535 3636 3737 
       3838 3939 3A3A 
       3B3B 
002078 3C3C 3D3D 3E3E 00030     db .60, .60,.61, .61,.62, .62,.63, .63,.64, .64,.65, .65,.66, .66,.67, .67,.68, .68,.69, .69
       3F3F 4040 4141 
       4242 4343 4444 
       4545 
00208C 4646 4747 4848 00031     db .70, .70,.71, .71,.72, .72,.73, .73,.74, .74,.75, .75,.76, .76,.77, .77,.78, .78,.79, .79
       4949 4A4A 4B4B 
       4C4C 4D4D 4E4E 
       4F4F 
0020A0 5050 5151 5252 00032     db .80, .80,.81, .81,.82, .82,.83, .83,.84, .84,.85, .85,.86, .86,.87, .87,.88, .88,.89, .89
       5353 5454 5555 
       5656 5757 5858 
       5959 
0020B4 5A5A 5B5B 5C5C 00033     db .90, .90,.91, .91,.92, .92,.93, .93,.94, .94,.95, .95,.96, .96,.97, .97,.98, .98,.99, .99
       5D5D 5E5E 5F5F 
       6060 6161 6262 
       6363 
0020C8 6464 6565 6666 00034     db .100, .100,.101, .101,.102, .102,.103, .103,.104, .104,.105, .105,.106, .106,.107, .107,.108, .10
                            8,.109, .109
       6767 6868 6969 
       6A6A 6B6B 6C6C 
       6D6D 
0020DC 6E6E 6F6F 7070 00035     db .110, .110,.111, .111,.112, .112,.113, .113,.114, .114,.115, .115,.116, .116,.117, .117,.118, .11
                            8,.119, .119
       7171 7272 7373 
       7474 7575 7676 
       7777 
0020F0 7878 7979 7A7A 00036     db .120, .120,.121, .121,.122, .122,.123, .123,.124, .124,.125, .125,.126, .126,.127, .127,.128, .12
                            8
       7B7B 7C7C 7D7D 
       7E7E 7F7F 8080 
                      00037 
                      00038     org 0x000
000000 EF?? F???      00039     goto configura
                      00040     org 0x0008
000008 EF?? F???      00041     goto memachucaron
                      00042     org 0x0020
000020                00043 configura:
                      00044     ;----vaina para el LCD----;
000020 6A95           00045     clrf TRISD
000022 EC?? F???      00046     call DELAY15MSEG
000026 EC?? F???      00047     call LCD_CONFIG
00002A 0E01           00048     movlw .1
00002C 6E10           00049     movwf indicapantalla
                      00050     ;----vaina para el buzzer y LED ---;
00002E 9494           00051     bcf TRISC,2
000030 948B           00052     bcf LATC,2
000032 9496           00053     bcf TRISE,2
000034 948D           00054     bcf LATE,2
                      00055     ;----vaina para tabla---;
MPASM 5.81                      INTENTO2.ASM   5-1-2019  0:08:01         PAGE  3


LOC  OBJECT CODE     LINE SOURCE TEXT
  VALUE

000036 0E??           00056     movlw HIGH TEM
000038 6EF7           00057     movwf TBLPTRH
00003A 0E??           00058     movlw LOW TEM
00003C 6EF6           00059     movwf TBLPTRL
                      00060     ;----vaina para el teclad matricial----;
00003E 6A8A           00061     clrf LATB           
000040 0EF0           00062     movlw 0xF0          ;B del  7 al 4 (columnas) son entrada 
000042 6E93           00063     movwf TRISB         ;B del  3 al 0 (filas) son salida
000044 9EF1           00064     bcf INTCON2,RBPU 
000046 86F2           00065     bsf INTCON,RBIE 
000048 8EF2           00066     bsf INTCON,GIE
                      00067     ;----vaina para el AD----;
00004A 0E1C           00068     movlw 0x1C ;0X0E
00004C 6EC1           00069     movwf ADCON1
00004E 0E34           00070     movlw b'00110100'
000050 6EC0           00071     movwf ADCON2
                      00072     
000052                00073 inicio:
                      00074     ;-------selector de preguntar cual voy a mostrar------;
000052 0E01           00075     movlw .1
000054 6210           00076     cpfseq indicapantalla
000056 EF?? F???      00077     goto sa
00005A EF?? F???      00078     goto configura1
00005E                00079 sa:
00005E 0E02           00080     movlw .2
000060 6210           00081     cpfseq indicapantalla
000062 EF?? F???      00082     goto saa
000066 EF?? F???      00083     goto configura2
00006A                00084 saa:
00006A 0E03           00085     movlw .3
00006C 6210           00086     cpfseq indicapantalla
00006E EF?? F???      00087     goto saaa
000072 EF?? F???      00088     goto configura3
000076                00089 saaa:
000076 0E04           00090     movlw .4
000078 6210           00091     cpfseq indicapantalla
00007A EF?? F???      00092     goto inicio
00007E EF?? F???      00093     goto configura4
                      00094     
                      00095 ;-----ver temperatura----;
000082                00096 configura1:
000082 EC?? F???      00097     CALL BORRAR_LCD
000086 EC?? F???      00098     call CURSOR_OFF
                      00099     ; CONFIGURO QUE SALIDA QUIERO RECUERDA QUE DEBES VER LA TABLA PARA QUE SEAN 3 
                      00100     ; BORRO LCD Y MANDO LOS PRIMEROS VALORES
00008A EC?? F???      00101     CALL BORRAR_LCD
00008E 0E54           00102     movlw "T"       
000090 EC?? F???      00103     call ENVIA_CHAR
000094 0E45           00104     movlw "E"      
000096 EC?? F???      00105     call ENVIA_CHAR
00009A 0E4D           00106     movlw "M"
00009C EC?? F???      00107     call ENVIA_CHAR
0000A0 0E50           00108     movlw "P"      
MPASM 5.81                      INTENTO2.ASM   5-1-2019  0:08:01         PAGE  4


LOC  OBJECT CODE     LINE SOURCE TEXT
  VALUE

0000A2 EC?? F???      00109     call ENVIA_CHAR
0000A6 0E45           00110     movlw "E"      
0000A8 EC?? F???      00111     call ENVIA_CHAR
0000AC 0E52           00112     movlw "R"      
0000AE EC?? F???      00113     call ENVIA_CHAR
0000B2 0E41           00114     movlw "A"      
0000B4 EC?? F???      00115     call ENVIA_CHAR
0000B8 0E54           00116     movlw "T"      
0000BA EC?? F???      00117     call ENVIA_CHAR
0000BE 0E55           00118     movlw "U"      
0000C0 EC?? F???      00119     call ENVIA_CHAR
0000C4 0E52           00120     movlw "R"      
0000C6 EC?? F???      00121     call ENVIA_CHAR
0000CA 0E41           00122     movlw "A"
0000CC EC?? F???      00123     call ENVIA_CHAR
0000D0 0E3A           00124     movlw ":"       
0000D2 EC?? F???      00125     call ENVIA_CHAR
                      00126     
0000D6                00127 convierto11:
0000D6 EC?? F???      00128     call ubicador
                      00129     
0000DA 0E01           00130     movlw b'00000001' ; selecione canal 0 , active la conversion , empiezo 
0000DC 6EC2           00131     movwf ADCON0
                      00132     
0000DE 0E01           00133     movlw .1
0000E0 6210           00134     cpfseq indicapantalla
0000E2 EF?? F???      00135     goto inicio
0000E6 82C2           00136     bsf ADCON0,GO
0000E8                00137 espera11:
0000E8 B2C2           00138     btfsc ADCON0,GO
0000EA EF?? F???      00139     goto espera11
0000EE CFC4 F012      00140     movff ADRESH,medio
0000F2 0E00           00141     movlw .0 ; POSICION DE COLUMNA QUE VOY A USAR 
0000F4 EC?? F???      00142     call POS_CUR_FIL2 ; DONDE VOY A PONER LA FILA 1 O 2 
0000F8 5012           00143     movf medio, W
0000FA 6EF6           00144     movwf TBLPTRL
0000FC 0008           00145     TBLRD*
0000FE 50F5           00146     movf TABLAT,W
                      00147     ;ENVIO DATOS
000100 EC?? F???      00148     call BIN_BCD ; CONVERSION DE BIT A BINARIO Y LE SUMO PARTE POR PARTE UN ASCCI DEL CERO 
000104 5002           00149     movf BCD2,W
000106 0F30           00150     addlw '0'
000108 EC?? F???      00151     call ENVIA_CHAR
00010C 5003           00152     movf BCD1,W
00010E 0F30           00153     addlw '0'
000110 EC?? F???      00154     call ENVIA_CHAR
000114 5004           00155     movf BCD0,W
000116 0F30           00156     addlw '0'
000118 EC?? F???      00157     call ENVIA_CHAR
00011C 0E43           00158     movlw 'C'
00011E EC?? F???      00159     call ENVIA_CHAR
000122 0EB0           00160     movlw '°'
000124 EC?? F???      00161     call ENVIA_CHAR
MPASM 5.81                      INTENTO2.ASM   5-1-2019  0:08:01         PAGE  5


LOC  OBJECT CODE     LINE SOURCE TEXT
  VALUE

000128 EF?? F???      00162     goto convierto11
                      00163     
                      00164 ;-----valor superior----;
00012C                00165 configura2:
00012C EC?? F???      00166     CALL BORRAR_LCD
000130 EC?? F???      00167     call CURSOR_OFF
                      00168     ; CONFIGURO QUE SALIDA QUIERO RECUERDA QUE DEBES VER LA TABLA PARA QUE SEAN 3 
                      00169     ; BORRO LCD Y MANDO LOS PRIMEROS VALORES
000134 EC?? F???      00170     CALL BORRAR_LCD
000138 0E4C           00171     movlw "L"       
00013A EC?? F???      00172     call ENVIA_CHAR
00013E 0E2E           00173     movlw "."       
000140 EC?? F???      00174     call ENVIA_CHAR
000144 0E53           00175     movlw "S"      
000146 EC?? F???      00176     call ENVIA_CHAR
00014A 0E55           00177     movlw "U"
00014C EC?? F???      00178     call ENVIA_CHAR
000150 0E50           00179     movlw "P"      
000152 EC?? F???      00180     call ENVIA_CHAR
000156 0E45           00181     movlw "E"      
000158 EC?? F???      00182     call ENVIA_CHAR
00015C 0E52           00183     movlw "R"      
00015E EC?? F???      00184     call ENVIA_CHAR
000162 0E49           00185     movlw "I"      
000164 EC?? F???      00186     call ENVIA_CHAR
000168 0E4F           00187     movlw "O"      
00016A EC?? F???      00188     call ENVIA_CHAR
00016E 0E52           00189     movlw "R"      
000170 EC?? F???      00190     call ENVIA_CHAR
000174 0E3A           00191     movlw ":"       
000176 EC?? F???      00192     call ENVIA_CHAR
                      00193     
00017A                00194 convierto21:
00017A EC?? F???      00195     call ubicador
                      00196     
00017E 0E05           00197     movlw b'00000101' ; selecione canal 1 , active la conversion , empiezo 
000180 6EC2           00198     movwf ADCON0
                      00199     
000182 0E02           00200     movlw .2
000184 6210           00201     cpfseq indicapantalla
000186 EF?? F???      00202     goto inicio
00018A 82C2           00203     bsf ADCON0,GO
00018C                00204 espera21:
00018C B2C2           00205     btfsc ADCON0,GO
00018E EF?? F???      00206     goto espera21
000192 CFC4 F011      00207     movff ADRESH,superior
000196 0E00           00208     movlw .0 ; POSICION DE COLUMNA QUE VOY A USAR 
000198 EC?? F???      00209     call POS_CUR_FIL2 ; DONDE VOY A PONER LA FILA 1 O 2 
00019C 5011           00210     movf superior, W
00019E 6EF6           00211     movwf TBLPTRL
0001A0 0008           00212     TBLRD*
0001A2 50F5           00213     movf TABLAT,W
                      00214     ;ENVIO DATOS
MPASM 5.81                      INTENTO2.ASM   5-1-2019  0:08:01         PAGE  6


LOC  OBJECT CODE     LINE SOURCE TEXT
  VALUE

0001A4 EC?? F???      00215     call BIN_BCD ; CONVERSION DE BIT A BINARIO Y LE SUMO PARTE POR PARTE UN ASCCI DEL CERO 
0001A8 5002           00216     movf BCD2,W
0001AA 0F30           00217     addlw '0'
0001AC EC?? F???      00218     call ENVIA_CHAR
0001B0 5003           00219     movf BCD1,W
0001B2 0F30           00220     addlw '0'
0001B4 EC?? F???      00221     call ENVIA_CHAR
0001B8 5004           00222     movf BCD0,W
0001BA 0F30           00223     addlw '0'
0001BC EC?? F???      00224     call ENVIA_CHAR
0001C0 EF?? F???      00225     goto convierto21
                      00226     
                      00227 ;-------valor inferior-------;
0001C4                00228 configura3:
0001C4 EC?? F???      00229     CALL BORRAR_LCD
0001C8 EC?? F???      00230     call CURSOR_OFF
                      00231     ; CONFIGURO QUE SALIDA QUIERO RECUERDA QUE DEBES VER LA TABLA PARA QUE SEAN 3 
                      00232     ; BORRO LCD Y MANDO LOS PRIMEROS VALORES
0001CC EC?? F???      00233     CALL BORRAR_LCD
0001D0 0E4C           00234     movlw "L"       
0001D2 EC?? F???      00235     call ENVIA_CHAR
0001D6 0E2E           00236     movlw "."       
0001D8 EC?? F???      00237     call ENVIA_CHAR
0001DC 0E49           00238     movlw "I"      
0001DE EC?? F???      00239     call ENVIA_CHAR
0001E2 0E4E           00240     movlw "N"
0001E4 EC?? F???      00241     call ENVIA_CHAR
0001E8 0E46           00242     movlw "F"      
0001EA EC?? F???      00243     call ENVIA_CHAR
0001EE 0E45           00244     movlw "E"      
0001F0 EC?? F???      00245     call ENVIA_CHAR
0001F4 0E52           00246     movlw "R"      
0001F6 EC?? F???      00247     call ENVIA_CHAR
0001FA 0E49           00248     movlw "I"      
0001FC EC?? F???      00249     call ENVIA_CHAR
000200 0E4F           00250     movlw "O"      
000202 EC?? F???      00251     call ENVIA_CHAR
000206 0E52           00252     movlw "R"      
000208 EC?? F???      00253     call ENVIA_CHAR
00020C 0E3A           00254     movlw ":"       
00020E EC?? F???      00255     call ENVIA_CHAR
                      00256     
000212                00257 convierto31:
000212 EC?? F???      00258     call ubicador
                      00259     
000216 0E09           00260     movlw b'00001001' ; selecione canal 2 , active la conversion , empiezo 
000218 6EC2           00261     movwf ADCON0
                      00262     
00021A 0E03           00263     movlw .3
00021C 6210           00264     cpfseq indicapantalla
00021E EF?? F???      00265     goto inicio
                      00266     
000222 82C2           00267     bsf ADCON0,GO
MPASM 5.81                      INTENTO2.ASM   5-1-2019  0:08:01         PAGE  7


LOC  OBJECT CODE     LINE SOURCE TEXT
  VALUE

000224                00268 espera31:
000224 B2C2           00269     btfsc ADCON0,GO
000226 EF?? F???      00270     goto espera31
00022A CFC4 F013      00271     movff ADRESH,inferior
00022E 0E00           00272     movlw .0 ; POSICION DE COLUMNA QUE VOY A USAR 
000230 EC?? F???      00273     call POS_CUR_FIL2 ; DONDE VOY A PONER LA FILA 1 O 2 
000234 5013           00274     movf inferior, W
000236 6EF6           00275     movwf TBLPTRL
000238 0008           00276     TBLRD*
00023A 50F5           00277     movf TABLAT,W
                      00278     ;ENVIO DATOS
00023C EC?? F???      00279     call BIN_BCD ; CONVERSION DE BIT A BINARIO Y LE SUMO PARTE POR PARTE UN ASCCI DEL CERO 
000240 5002           00280     movf BCD2,W
000242 0F30           00281     addlw '0'
000244 EC?? F???      00282     call ENVIA_CHAR
000248 5003           00283     movf BCD1,W
00024A 0F30           00284     addlw '0'
00024C EC?? F???      00285     call ENVIA_CHAR
000250 5004           00286     movf BCD0,W
000252 0F30           00287     addlw '0'
000254 EC?? F???      00288     call ENVIA_CHAR
000258 EF?? F???      00289     goto convierto31
                      00290     ;-----la zona oscura----;
00025C                00291 configura4:
00025C EC?? F???      00292     call CURSOR_OFF
                      00293     ; CONFIGURO QUE SALIDA QUIERO RECUERDA QUE DEBES VER LA TABLA PARA QUE SEAN 3 
                      00294     ; BORRO LCD Y MANDO LOS PRIMEROS VALORES
000260 EC?? F???      00295     CALL BORRAR_LCD
000264 0E4C           00296     movlw "L"       
000266 EC?? F???      00297     call ENVIA_CHAR
00026A 0E41           00298     movlw "A"       
00026C EC?? F???      00299     call ENVIA_CHAR
000270 0E20           00300     movlw " "      
000272 EC?? F???      00301     call ENVIA_CHAR
000276 0E5A           00302     movlw "Z"
000278 EC?? F???      00303     call ENVIA_CHAR
00027C 0E4F           00304     movlw "O"      
00027E EC?? F???      00305     call ENVIA_CHAR
000282 0E4E           00306     movlw "N"      
000284 EC?? F???      00307     call ENVIA_CHAR
000288 0E41           00308     movlw "A"      
00028A EC?? F???      00309     call ENVIA_CHAR
00028E 0E20           00310     movlw " "      
000290 EC?? F???      00311     call ENVIA_CHAR
000294 0E4F           00312     movlw "O"      
000296 EC?? F???      00313     call ENVIA_CHAR
00029A 0E53           00314     movlw "S"      
00029C EC?? F???      00315     call ENVIA_CHAR
0002A0 0E43           00316     movlw "C"       
0002A2 EC?? F???      00317     call ENVIA_CHAR
0002A6 0E55           00318     movlw "U"       
0002A8 EC?? F???      00319     call ENVIA_CHAR
0002AC 0E52           00320     movlw "R"       
MPASM 5.81                      INTENTO2.ASM   5-1-2019  0:08:01         PAGE  8


LOC  OBJECT CODE     LINE SOURCE TEXT
  VALUE

0002AE EC?? F???      00321     call ENVIA_CHAR
0002B2 0E41           00322     movlw "A"       
0002B4 EC?? F???      00323     call ENVIA_CHAR
0002B8 0E00           00324     movlw .0 
                      00325     ;
0002BA EC?? F???      00326     call POS_CUR_FIL2
0002BE 0E48           00327     movlw "H"       
0002C0 EC?? F???      00328     call ENVIA_CHAR
0002C4 0E41           00329     movlw "A"       
0002C6 EC?? F???      00330     call ENVIA_CHAR
0002CA 0E47           00331     movlw "G"       
0002CC EC?? F???      00332     call ENVIA_CHAR
0002D0 0E41           00333     movlw "A"       
0002D2 EC?? F???      00334     call ENVIA_CHAR
0002D6 0E20           00335     movlw " "       
0002D8 EC?? F???      00336     call ENVIA_CHAR
0002DC 0E4C           00337     movlw "L"       
0002DE EC?? F???      00338     call ENVIA_CHAR
0002E2 0E41           00339     movlw "A"       
0002E4 EC?? F???      00340     call ENVIA_CHAR
0002E8 0E20           00341     movlw " "       
0002EA EC?? F???      00342     call ENVIA_CHAR
0002EE 0E4D           00343     movlw "M"       
0002F0 EC?? F???      00344     call ENVIA_CHAR
0002F4 0E41           00345     movlw "A"       
0002F6 EC?? F???      00346     call ENVIA_CHAR
0002FA 0E43           00347     movlw "C"       
0002FC EC?? F???      00348     call ENVIA_CHAR
000300 0E55           00349     movlw "U"       
000302 EC?? F???      00350     call ENVIA_CHAR
000306 0E4D           00351     movlw "M"       
000308 EC?? F???      00352     call ENVIA_CHAR
00030C 0E42           00353     movlw "B"       
00030E EC?? F???      00354     call ENVIA_CHAR
000312 0E41           00355     movlw "A"       
000314 EC?? F???      00356     call ENVIA_CHAR
                      00357 
000318                00358 label:
000318 EC?? F???      00359     call ubicador
00031C 0E00           00360     movlw .0
00031E 6214           00361     cpfseq pase
000320 EF?? F???      00362     goto label
000324 0E01           00363     movlw .1
000326 6E10           00364     movwf indicapantalla   
000328 EF?? F???      00365     goto inicio
                      00366     ;----delaymon-----;
00032C                00367 delaymon:
00032C 0E64           00368     movlw .100
00032E 6E15           00369     movwf cta_a
000330                00370 otro1:
000330 EC?? F???      00371     call bucle2
000334 2E15           00372     decfsz cta_a, f
000336 EF?? F???      00373     goto otro1
MPASM 5.81                      INTENTO2.ASM   5-1-2019  0:08:01         PAGE  9


LOC  OBJECT CODE     LINE SOURCE TEXT
  VALUE

00033A 0012           00374     return
00033C                00375 bucle2:
00033C 0E32           00376     movlw .50
00033E 6E16           00377     movwf cta_b
000340                00378 otro2:
000340 EC?? F???      00379     call bucle3
000344 2E16           00380     decfsz cta_b, f
000346 EF?? F???      00381     goto otro2
00034A 0012           00382     return
00034C                00383 bucle3:
00034C 0E64           00384     movlw .100
00034E 6E17           00385     movwf cta_c
000350                00386 otro3:
000350 0000           00387     nop
000352 2E17           00388     decfsz cta_c, f
000354 EF?? F???      00389     goto otro3
000358 0012           00390     return
                      00391     
                      00392     
                      00393     ;------------subrutina de saber que activar-----------;
                      00394     
00035A                00395 ubicador:
00035A 0E00           00396     movlw .0
00035C 6E14           00397     movwf pase
                      00398     
00035E 0E01           00399     movlw b'00000001' ; selecione canal 0 , active la conversion , empiezo 
000360 6EC2           00400     movwf ADCON0
000362                00401 convierto1:
000362 82C2           00402     bsf ADCON0,GO
000364                00403 espera1:
000364 B2C2           00404     btfsc ADCON0,GO
000366 EF?? F???      00405     goto espera1
00036A CFC4 F012      00406     movff ADRESH,medio
                      00407     
00036E 0E05           00408     movlw b'00000101' ; selecione canal 1 , active la conversion , empiezo 
000370 6EC2           00409     movwf ADCON0
000372                00410 convierto2:
000372 82C2           00411     bsf ADCON0,GO
000374                00412 espera2:
000374 B2C2           00413     btfsc ADCON0,GO
000376 EF?? F???      00414     goto espera2
00037A CFC4 F011      00415     movff ADRESH,superior
                      00416     
00037E 0E09           00417     movlw b'00001001' ; selecione canal 2 , active la conversion , empiezo 
000380 6EC2           00418     movwf ADCON0
000382                00419 convierto3:
000382 82C2           00420     bsf ADCON0,GO
000384                00421 espera3:
000384 B2C2           00422     btfsc ADCON0,GO
000386 EF?? F???      00423     goto espera3
00038A CFC4 F013      00424     movff ADRESH,inferior
00038E                00425 pregunta1:
00038E 5012           00426     movf medio,W
MPASM 5.81                      INTENTO2.ASM   5-1-2019  0:08:01         PAGE 10


LOC  OBJECT CODE     LINE SOURCE TEXT
  VALUE

000390 6411           00427     cpfsgt superior
000392 EF?? F???      00428     goto pregunta2a
000396 EF?? F???      00429     goto pregunta2b
00039A                00430 pregunta2a:
00039A 5012           00431     movf medio,W
00039C 6013           00432     cpfslt inferior
00039E EF?? F???      00433     goto Zonaoscura
0003A2 EF?? F???      00434     goto buzzer
                      00435     
0003A6                00436 pregunta2b:
0003A6 5012           00437     movf medio,W
0003A8 6013           00438     cpfslt inferior
0003AA EF?? F???      00439     goto LED
0003AE EF?? F???      00440     goto nada
                      00441     
0003B2                00442 Zonaoscura:
0003B2 0E01           00443     movlw .1
0003B4 6E14           00444     movwf pase
0003B6 848B           00445     bsf LATC,2
0003B8 848D           00446     bsf LATE,2
0003BA 0E04           00447     movlw .4
0003BC 6E10           00448     movwf indicapantalla
0003BE 0012           00449     return
0003C0                00450 buzzer:
0003C0 848B           00451     bsf LATC,2
0003C2 948D           00452     bcf LATE,2
0003C4 0012           00453     return
0003C6                00454 LED:
0003C6 948B           00455     bcf LATC,2
0003C8 848D           00456     bsf LATE,2
0003CA 0012           00457     return
0003CC                00458 nada:
0003CC 948B           00459     bcf LATC,2
0003CE 948D           00460     bcf LATE,2
0003D0 0012           00461     return
                      00462     
                      00463     
                      00464     
                      00465     ;--------secuencia de interrupcion--------;
                      00466     
0003D2                00467 memachucaron:
0003D2 90F2           00468     bcf INTCON,RBIF     ;bajar bandera
0003D4 A881           00469     btfss PORTB,4 
0003D6 EF?? F???      00470     goto COL1 
0003DA AA81           00471     btfss PORTB,5 
0003DC EF?? F???      00472     goto COL2 
0003E0 AC81           00473     btfss PORTB,6 
0003E2 EF?? F???      00474     goto COL3 
0003E6 AE81           00475     btfss PORTB,7 
0003E8 EF?? F???      00476     goto COL4 
0003EC 0010           00477     retfie
0003EE                00478 COL1:
0003EE 0E0F           00479     movlw 0x0F          ;0F = 00001111
MPASM 5.81                      INTENTO2.ASM   5-1-2019  0:08:01         PAGE 11


LOC  OBJECT CODE     LINE SOURCE TEXT
  VALUE

0003F0 6E93           00480     movwf TRISB 
0003F2 6A8A           00481     clrf LATB 
0003F4 A081           00482     btfss PORTB,0 
0003F6 EF?? F???      00483     goto valor1
0003FA A281           00484     btfss PORTB,1 
0003FC EF?? F???      00485     goto pafuera
000400 A481           00486     btfss PORTB,2
000402 EF?? F???      00487     goto pafuera
000406 A681           00488     btfss PORTB,3 
000408 EF?? F???      00489     goto pafuera
00040C EF?? F???      00490     goto pafuera
000410                00491 COL2:
000410 0E0F           00492     movlw 0x0F 
000412 6E93           00493     movwf TRISB 
000414 6A8A           00494     clrf LATB 
000416 A081           00495     btfss PORTB,0 
000418 EF?? F???      00496     goto valor2
00041C A281           00497     btfss PORTB,1 
00041E EF?? F???      00498     goto pafuera
000422 A481           00499     btfss PORTB,2 
000424 EF?? F???      00500     goto pafuera
000428 A681           00501     btfss PORTB,3 
00042A EF?? F???      00502     goto pafuera
00042E EF?? F???      00503     goto pafuera
000432                00504 COL3:
000432 0E0F           00505     movlw 0x0F 
000434 6E93           00506     movwf TRISB 
000436 6A8A           00507     clrf LATB 
000438 A081           00508     btfss PORTB,0 
00043A EF?? F???      00509     goto valor3
00043E A281           00510     btfss PORTB,1 
000440 EF?? F???      00511     goto pafuera
000444 A481           00512     btfss PORTB,2 
000446 EF?? F???      00513     goto pafuera
00044A A681           00514     btfss PORTB,3 
00044C EF?? F???      00515     goto pafuera
000450 EF?? F???      00516     goto pafuera
000454                00517 COL4:
000454 0E0F           00518     movlw 0x0F 
000456 6E93           00519     movwf TRISB 
000458 6A8A           00520     clrf LATB 
00045A A081           00521     btfss PORTB,0 
00045C EF?? F???      00522     goto pafuera
000460 A281           00523     btfss PORTB,1 
000462 EF?? F???      00524     goto pafuera
000466 A481           00525     btfss PORTB,2 
000468 EF?? F???      00526     goto pafuera
00046C A681           00527     btfss PORTB,3 
00046E EF?? F???      00528     goto pafuera
000472 EF?? F???      00529     goto pafuera
                      00530     ;-----cajas de seleccion----;
000476                00531 valor1:
000476 0E01           00532     movlw .1
MPASM 5.81                      INTENTO2.ASM   5-1-2019  0:08:01         PAGE 12


LOC  OBJECT CODE     LINE SOURCE TEXT
  VALUE

000478 6E10           00533     movwf indicapantalla
00047A EF?? F???      00534     goto pafuera
00047E                00535 valor2:
00047E 0E02           00536     movlw .2
000480 6E10           00537     movwf indicapantalla
000482 EF?? F???      00538     goto pafuera
000486                00539 valor3:
000486 0E03           00540     movlw .3
000488 6E10           00541     movwf indicapantalla
00048A EF?? F???      00542     goto pafuera
00048E                00543 pafuera:
00048E 0EF0           00544     movlw 0xF0
000490 6E93           00545     movwf TRISB
000492 0010           00546     retfie
                      00547     
                      00548     
                      00549 #include "LCD_LIB.asm"
                      00001 
  00000000            00002 RS   EQU  0
  00000001            00003 RW   EQU  1
  00000002            00004 E    EQU  2
                      00005 
                      00006  CBLOCK 0x000
  00000000            00007     aux
  00000001            00008     cont
  00000002            00009     BCD2
  00000003            00010     BCD1
  00000004            00011     BCD0
  00000005            00012     var
  00000006            00013     dato
  00000007            00014     rx
  00000008            00015     aux1
  00000009            00016     aux2
  0000000A            00017     aux3
  0000000B            00018     conta1
  0000000C            00019     conta2
  0000000D            00020     dir_CGRAM
  0000000E            00021     dir_CARACTER
                      00022     ENDC
                      00023 
                      00024     ORG 0x600
                      00025 
000600                00026 POS_CUR_FIL2:
000600 0FC0           00027         addlw 0xC0;
000602 6E06           00028         movwf dato,0;
000604 EC?? F???      00029         call ENVIA_LCD_CMD
000608 0012           00030         return
                      00031 
00060A                00032 POS_CUR_FIL1:
00060A 0F80           00033         addlw 0x80;
00060C 6E06           00034         movwf dato,0;
00060E EC?? F???      00035         call ENVIA_LCD_CMD
000612 0012           00036         return
MPASM 5.81                      INTENTO2.ASM   5-1-2019  0:08:01         PAGE 13


LOC  OBJECT CODE     LINE SOURCE TEXT
  VALUE

                      00037 
000614                00038 DISPLAY_ON:
000614 0E0F           00039         movlw b'00001111'
000616 6E06           00040         movwf dato,0;
000618 EC?? F???      00041         call ENVIA_LCD_CMD
00061C 0012           00042         return
                      00043 
00061E                00044 DISPLAY_OFF:
00061E 0E08           00045         movlw b'00001000'
000620 6E06           00046         movwf dato,0;
000622 EC?? F???      00047         call ENVIA_LCD_CMD
000626 0012           00048         return
                      00049 
000628                00050 CURSOR_HOME:
000628 0E02           00051         movlw b'00000010'
00062A 6E06           00052         movwf dato,0;
00062C EC?? F???      00053         call ENVIA_LCD_CMD
000630 0012           00054         return
                      00055 
000632                00056 CURSOR_OFF:
000632 0E0C           00057         movlw b'00001100'
000634 6E06           00058         movwf dato,0;
000636 EC?? F???      00059         call ENVIA_LCD_CMD
00063A 0012           00060         return
                      00061 
00063C                00062 CURSOR_ON:
00063C 0E0F           00063         movlw b'00001111'
00063E 6E06           00064         movwf dato,0;
000640 EC?? F???      00065         call ENVIA_LCD_CMD
000644 0012           00066         return
                      00067 
000646                00068 ENVIA_CHAR:
000646 6E06           00069         movwf dato,0
000648 EC?? F???      00070         call ENVIA_LCD_DATO
00064C 0012           00071         return
                      00072 
00064E                00073 BORRAR_LCD:
00064E 0E01           00074         movlw 0x01
000650 6E06           00075         movwf dato,0
000652 EC?? F???      00076         call ENVIA_LCD_CMD
000656 0012           00077         return
                      00078 
000658                00079 LCD_CONFIG:
000658 908C           00080         bcf   LATD,RS
00065A 928C           00081         bcf   LATD,RW
00065C 0E30           00082         movlw 0x30
00065E EC?? F???      00083         call  ENVIA_NIBBLE
000662 EC?? F???      00084         call  DELAY2MSEG
000666 EC?? F???      00085         call  DELAY2MSEG
00066A EC?? F???      00086         call  DELAY2MSEG
00066E 0E20           00087         movlw 0x20
000670 EC?? F???      00088         call ENVIA_NIBBLE
000674 0E01           00089         movlw 0x01
MPASM 5.81                      INTENTO2.ASM   5-1-2019  0:08:01         PAGE 14


LOC  OBJECT CODE     LINE SOURCE TEXT
  VALUE

000676 EC?? F???      00090         call ENVIA_LCD_CMD;
00067A 0E28           00091         movlw 0x28              ;Control del display (Activar,mostrar cursor y que parpadee)
00067C EC?? F???      00092         call ENVIA_LCD_CMD 
000680 0E0F           00093         movlw 0x0F    ;Conjunto de inicio (Incrementar posición sin desplazamiento)
000682 EC?? F???      00094         call ENVIA_LCD_CMD  
000686 0E06           00095         movlw 0x06    
000688 EC?? F???      00096         call ENVIA_LCD_CMD  
00068C 0E01           00097         movlw 0x01              ;Limpiar el display;
00068E EC?? F???      00098         call ENVIA_LCD_CMD      
000692 0012           00099         return
                      00100 
000694                00101 ENVIA_NIBBLE:
000694 6E07           00102         movwf rx,0
000696 0E0F           00103         movlw 0x0F
000698 168C           00104         andwf LATD,f,0
00069A 0EF0           00105         movlw 0xF0
00069C 1407           00106         andwf rx,W
00069E 5007           00107         movf  rx,W,0
0006A0 128C           00108         iorwf LATD,f,0
0006A2 848C           00109         bsf   LATD,E,0
0006A4 948C           00110         bcf   LATD,E,0
0006A6 0000           00111         nop
0006A8 0012           00112         return
                      00113 
0006AA                00114 ENVIA_LCD_CMD:
0006AA 908C           00115         bcf LATD,RS,0
0006AC 6E06           00116         movwf dato
0006AE EC?? F???      00117         call DELAY2MSEG
0006B2 EC?? F???      00118         call DELAY2MSEG
0006B6 EC?? F???      00119         call DELAY2MSEG
0006BA 0E08           00120         movlw b'00001000'
0006BC 6E95           00121         movwf TRISD,0
0006BE EC?? F???      00122         call DELAY100uS
0006C2 928C           00123         bcf  LATD,RW
0006C4 948C           00124         bcf  LATD,E
0006C6 908C           00125         bcf  LATD,RS
0006C8 5006           00126         movf dato,W,0
0006CA 0BF0           00127         andlw 0xF0;
0006CC EC?? F???      00128         call ENVIA_NIBBLE
0006D0 3A06           00129         swapf dato,f,0
0006D2 5006           00130         movf dato,W,0
0006D4 0BF0           00131         andlw 0xF0
0006D6 EC?? F???      00132         call ENVIA_NIBBLE
0006DA 0012           00133         return
                      00134 
0006DC                00135 ENVIA_LCD_DATO:
0006DC 808C           00136         bsf  LATD,RS
0006DE 6E06           00137         movwf dato
0006E0 EC?? F???      00138         call DELAY2MSEG
0006E4 EC?? F???      00139         call DELAY2MSEG
0006E8 EC?? F???      00140         call DELAY2MSEG
0006EC 0E08           00141         movlw b'00001000'
0006EE 6E95           00142         movwf TRISD,0
MPASM 5.81                      INTENTO2.ASM   5-1-2019  0:08:01         PAGE 15


LOC  OBJECT CODE     LINE SOURCE TEXT
  VALUE

0006F0 EC?? F???      00143         call DELAY100uS
0006F4 928C           00144         bcf  LATD,RW
0006F6 948C           00145         bcf  LATD,E
0006F8 808C           00146         bsf  LATD,RS
0006FA 5006           00147         movf dato,0,0
0006FC 0BF0           00148         andlw 0xF0;
0006FE EC?? F???      00149         call ENVIA_NIBBLE
000702 3A06           00150         swapf dato,f,0
000704 5006           00151         movf  dato,0,0
000706 0BF0           00152         andlw 0xF0
000708 EC?? F???      00153         call ENVIA_NIBBLE
00070C 0012           00154         return
                      00155 
00070E                00156 GENERA_CHAR_CGRAM:
00070E 0E40           00157         movlw 0x40
000710 240D           00158         addwf dir_CGRAM,W
000712 6E06           00159         movwf dato
000714 EC?? F???      00160         call ENVIA_LCD_CMD
000718                00161 REPITE:
000718 0009           00162         TBLRD*+;;
00071A 50F5           00163         movf  TABLAT,W
00071C 6E05           00164         movwf var
00071E 0EFF           00165         movlw 0xFF
000720 5C05           00166         subwf var,W
000722 B4D8           00167         btfsc STATUS,Z
000724 EF?? F???      00168         goto  SALIR
000728 C005 F006      00169         movff var,dato
00072C EC?? F???      00170         call ENVIA_LCD_DATO
000730 EF?? F???      00171         goto  REPITE
000734                00172 SALIR:
000734 0E80           00173         movlw 0x80
000736 6E06           00174         movwf dato
000738 EC?? F???      00175         call ENVIA_LCD_CMD
00073C 0012           00176         return  
                      00177 
00073E                00178 DELAY2MSEG:
00073E 0E07           00179         movlw .7
000740 6E0B           00180         movwf conta1,0
000742                00181 RETAR1:
000742 0E64           00182         movlw .100          ;1 useg
000744 6E0C           00183         movwf conta2,0      ;1 useg
000746                00184 RETAR2:
000746 2E0C           00185         decfsz conta2,f,0       ;1 useg
000748 EF?? F???      00186         goto   RETAR2           ;2 useg
00074C 2E0B           00187         decfsz conta1,f,0       ;1 useg
00074E EF?? F???      00188         goto   RETAR1
000752 0012           00189         return
                      00190 
000754                00191 DELAY15MSEG:
000754 0E32           00192         movlw .50
000756 6E0B           00193         movwf conta1,0
000758                00194 RETAR3:
000758 0E64           00195         movlw .100
MPASM 5.81                      INTENTO2.ASM   5-1-2019  0:08:01         PAGE 16


LOC  OBJECT CODE     LINE SOURCE TEXT
  VALUE

00075A 6E0C           00196         movwf conta2,0
00075C                00197 RETAR4:
00075C 2E0C           00198         decfsz conta2,f,0
00075E EF?? F???      00199         goto   RETAR4
000762 2E0B           00200         decfsz conta1,f,0
000764 EF?? F???      00201         goto   RETAR3
000768 0012           00202         return
                      00203 
00076A                00204 DELAY100uS:
00076A 0E03           00205         movlw .3
00076C 6E0B           00206         movwf  conta1,0
00076E                00207 RETAR7:
00076E 0E09           00208         movlw .9
000770 6E0C           00209         movwf conta2,0
000772                00210 RETAR8:
000772 2E0C           00211         decfsz conta2,f,0
000774 EF?? F???      00212         goto  RETAR8
000778 2E0B           00213         decfsz conta1,f,0
00077A EF?? F???      00214         goto  RETAR7
00077E 0012           00215         return
                      00216 
000780                00217 BIN_BCD:
000780 6E00           00218         movwf aux,0             ;Se guarda el valor a convertir en aux
000782 6A01           00219         clrf  cont,0    ;cont=0x00
000784 6A04           00220         clrf  BCD0,0    ;BCD0=0x00
000786 6A03           00221         clrf  BCD1,0    ;BCD1=0x00
000788 6A02           00222         clrf  BCD2,0    ;BCD2=0x00
00078A                00223 CONV:
00078A 3600           00224         rlcf  aux,f         ;Rotar a la izquierda cont (cifra original)
00078C 3604           00225         rlcf  BCD0,f    ;Rotar a la izquierda BCD0 (carga el carry de cont en el bit LSB)
00078E 3602           00226         rlcf  BCD2,f    ;Rotar a la izquierda BCD2 (carga el carry de BCD0 en el bit LSB)
                      00227 ;Cargar el nibble alto de BCD0 a BCD2 y analizar        
000790 5004           00228         movf  BCD0,W    ;W = BCD0
000792 6E03           00229         movwf BCD1,0    ;BCD1 = BCD0
000794 3A03           00230         swapf BCD1,f    ;Inversión de nibbles en BCD1
000796 0E0F           00231         movlw 0x0F              ;W = 0x0F
000798 1603           00232         andwf BCD1,f    ;BCD1 = BCD1 AND 0x0F
00079A 1604           00233         andwf BCD0,f    ;BCD0 = BCD0 AND 0x0F
                      00234 ;Se pregunta si ya se llegaron a rotar a la izquierda los 8 bits
00079C 0E07           00235         movlw .7                ;W = .7
00079E 6001           00236         cpfslt cont,0   ;Salta si cont es menor a .7
0007A0 0012           00237         return                  ;Si cont = .7 retorna (FIN de la rutina)
                      00238 ;Averiguar si los nibbles de BCD0 y BCD1 son mayores que .4
0007A2 0E05           00239         movlw .5                ;W = .5
0007A4 5C04           00240         subwf BCD0,W    ;W = BCD0 - .5
0007A6 B0D8           00241         btfsc STATUS,C  ;Si BCD0>4 => Carry = 1
0007A8 EC?? F???      00242         call  SUMA3_BCD0;BCD0>4, hay que sumar 3
0007AC 0E05           00243         movlw .5                ;BCD0 <5, se comprueba BCD1
0007AE 5C03           00244         subwf BCD1,W    ;W = BCD1 - .5
0007B0 B0D8           00245         btfsc STATUS,C  ;Si BCD1>4 => Carry = 1
0007B2 EC?? F???      00246         call  SUMA3_BCD1;BCD1>4, hay que sumar 3 
0007B6 3A03           00247         swapf BCD1,f    ;Inversión de nibbles en BCD1
0007B8 5003           00248         movf  BCD1,W    ;W = BCD1
MPASM 5.81                      INTENTO2.ASM   5-1-2019  0:08:01         PAGE 17


LOC  OBJECT CODE     LINE SOURCE TEXT
  VALUE

0007BA 1204           00249         iorwf BCD0              ;BCD0 = BCD1 OR BCD0
0007BC 2A01           00250         incf  cont,f,0  ;cont = cont + 1
0007BE EF?? F???      00251         goto  CONV              ;Se repite el proceso
0007C2                00252 SUMA3_BCD0:
0007C2 0E03           00253         movlw .3                ;W = .3
0007C4 2604           00254         addwf BCD0,f,0  ;BCD0 = BCD0 + .3
0007C6 0012           00255         return                  ;retorno del call
0007C8                00256 SUMA3_BCD1:
0007C8 0E03           00257         movlw .3                ;W = .3
0007CA 2603           00258         addwf BCD1,f,0  ;BCD1 = BCD1 + .3
0007CC 0012           00259         return                  ;retorno del call
                      00260  END
MPASM 5.81                      INTENTO2.ASM   5-1-2019  0:08:01         PAGE 18


SYMBOL TABLE
  LABEL                             VALUE 

A                                 00000000
ABDEN                             00000000
ABDOVF                            00000007
ACCESS                            00000000
ACKDT                             00000005
ACKEN                             00000004
ACKSTAT                           00000006
ACQT0                             00000003
ACQT1                             00000004
ACQT2                             00000005
ACTVIE                            00000002
ACTVIF                            00000002
ADCON0                            00000FC2
ADCON1                            00000FC1
ADCON2                            00000FC0
ADCS0                             00000000
ADCS1                             00000001
ADCS2                             00000002
ADDEN                             00000003
ADDR0                             00000000
ADDR1                             00000001
ADDR2                             00000002
ADDR3                             00000003
ADDR4                             00000004
ADDR5                             00000005
ADDR6                             00000006
ADEN                              00000003
ADFM                              00000007
ADIE                              00000006
ADIF                              00000006
ADIP                              00000006
ADON                              00000000
ADRES                             00000FC3
ADRESH                            00000FC4
ADRESL                            00000FC3
AN0                               00000000
AN1                               00000001
AN2                               00000002
AN3                               00000003
AN4                               00000005
BANKED                            00000001
BAUDCON                           00000FB8
BAUDCTL                           00000FB8
BCD0                              00000004
BCD1                              00000003
BCD2                              00000002
BCLIE                             00000003
BCLIF                             00000003
BCLIP                             00000003
BF                                00000000
BGST                              00000005
BIN_BCD                           00000780
BOR                               00000000
MPASM 5.81                      INTENTO2.ASM   5-1-2019  0:08:01         PAGE 19


SYMBOL TABLE
  LABEL                             VALUE 

BORRAR_LCD                        0000064E
BRG16                             00000003
BRGH                              00000002
BSR                               00000FE0
BTOEE                             00000004
BTOEF                             00000004
BTSEE                             00000007
BTSEF                             00000007
C                                 00000000
C1INV                             00000004
C1OUT                             00000006
C2INV                             00000005
C2OUT                             00000007
CCP1                              00000002
CCP1AS                            00000FB6
CCP1CON                           00000FBD
CCP1DEL                           00000FB7
CCP1IE                            00000002
CCP1IF                            00000002
CCP1IP                            00000002
CCP1M0                            00000000
CCP1M1                            00000001
CCP1M2                            00000002
CCP1M3                            00000003
CCP2CON                           00000FBA
CCP2IE                            00000000
CCP2IF                            00000000
CCP2IP                            00000000
CCP2M0                            00000000
CCP2M1                            00000001
CCP2M2                            00000002
CCP2M3                            00000003
CCPR1                             00000FBE
CCPR1H                            00000FBF
CCPR1L                            00000FBE
CCPR2                             00000FBB
CCPR2H                            00000FBC
CCPR2L                            00000FBB
CFGS                              00000006
CHS0                              00000002
CHS1                              00000003
CHS2                              00000004
CHS3                              00000005
CIS                               00000003
CK                                00000006
CK1SPP                            00000000
CK2SPP                            00000001
CKE                               00000006
CKP                               00000004
CLK1EN                            00000004
CLKCFG0                           00000006
CLKCFG1                           00000007
CM0                               00000000
MPASM 5.81                      INTENTO2.ASM   5-1-2019  0:08:01         PAGE 20


SYMBOL TABLE
  LABEL                             VALUE 

CM1                               00000001
CM2                               00000002
CMCON                             00000FB4
CMIE                              00000006
CMIF                              00000006
CMIP                              00000006
COL1                              000003EE
COL2                              00000410
COL3                              00000432
COL4                              00000454
CONV                              0000078A
CRC16EE                           00000002
CRC16EF                           00000002
CRC5EE                            00000001
CRC5EF                            00000001
CREN                              00000004
CSEN                              00000005
CSRC                              00000007
CURSOR_HOME                       00000628
CURSOR_OFF                        00000632
CURSOR_ON                         0000063C
CVR0                              00000000
CVR1                              00000001
CVR2                              00000002
CVR3                              00000003
CVRCON                            00000FB5
CVREF                             00000004
CVREN                             00000007
CVROE                             00000006
CVRR                              00000005
CVRSS                             00000004
D                                 00000005
DATA_ADDRESS                      00000005
DC                                00000001
DC1B0                             00000004
DC1B1                             00000005
DC2B0                             00000004
DC2B1                             00000005
DDRA                              TRISA
DDRB                              TRISB
DDRC                              TRISC
DDRD                              TRISD
DDRE                              TRISE
DELAY100uS                        0000076A
DELAY15MSEG                       00000754
DELAY2MSEG                        0000073E
DFN8EE                            00000003
DFN8EF                            00000003
DIR                               00000002
DISPLAY_OFF                       0000061E
DISPLAY_ON                        00000614
DONE                              00000001
D_A                               00000005
MPASM 5.81                      INTENTO2.ASM   5-1-2019  0:08:01         PAGE 21


SYMBOL TABLE
  LABEL                             VALUE 

D_NOT_A                           00000005
E                                 00000002
ECCP1AS                           00000FB6
ECCP1CON                          00000FBD
ECCP1DEL                          00000FB7
ECCPAS0                           00000004
ECCPAS1                           00000005
ECCPAS2                           00000006
ECCPASE                           00000007
EEADR                             00000FA9
EECON1                            00000FA6
EECON2                            00000FA7
EEDATA                            00000FA8
EEIE                              00000004
EEIF                              00000004
EEIP                              00000004
EEPGD                             00000007
ENDP0                             00000003
ENDP1                             00000004
ENDP2                             00000005
ENDP3                             00000006
ENVIA_CHAR                        00000646
ENVIA_LCD_CMD                     000006AA
ENVIA_LCD_DATO                    000006DC
ENVIA_NIBBLE                      00000694
EPCONDIS                          00000003
EPHSHK                            00000004
EPINEN                            00000001
EPOUTEN                           00000002
EPSTALL                           00000000
FAST                              00000001
FERR                              00000002
FLTS                              00000002
FREE                              00000004
FRM0                              00000000
FRM1                              00000001
FRM10                             00000002
FRM2                              00000002
FRM3                              00000003
FRM4                              00000004
FRM5                              00000005
FRM6                              00000006
FRM7                              00000007
FRM8                              00000000
FRM9                              00000001
FSEN                              00000002
FSR0                              00000000
FSR0H                             00000FEA
FSR0L                             00000FE9
FSR1                              00000001
FSR1H                             00000FE2
FSR1L                             00000FE1
FSR2                              00000002
MPASM 5.81                      INTENTO2.ASM   5-1-2019  0:08:01         PAGE 22


SYMBOL TABLE
  LABEL                             VALUE 

FSR2H                             00000FDA
FSR2L                             00000FD9
GCEN                              00000007
GENERA_CHAR_CGRAM                 0000070E
GIE                               00000007
GIEH                              00000007
GIEL                              00000006
GIE_GIEH                          00000007
GO                                00000001
GO_DONE                           00000001
GO_NOT_DONE                       00000001
HLVDCON                           00000FD2
HLVDEN                            00000004
HLVDIE                            00000002
HLVDIF                            00000002
HLVDIN                            00000005
HLVDIP                            00000002
HLVDL0                            00000000
HLVDL1                            00000001
HLVDL2                            00000002
HLVDL3                            00000003
I2C_DAT                           00000005
I2C_READ                          00000002
I2C_START                         00000003
I2C_STOP                          00000004
IDLEIE                            00000004
IDLEIF                            00000004
IDLEN                             00000007
INDF0                             00000FEF
INDF1                             00000FE7
INDF2                             00000FDF
INT0                              00000000
INT0E                             00000004
INT0F                             00000001
INT0IE                            00000004
INT0IF                            00000001
INT1                              00000001
INT1E                             00000003
INT1F                             00000000
INT1IE                            00000003
INT1IF                            00000000
INT1IP                            00000006
INT1P                             00000006
INT2                              00000002
INT2E                             00000004
INT2F                             00000001
INT2IE                            00000004
INT2IF                            00000001
INT2IP                            00000007
INT2P                             00000007
INTCON                            00000FF2
INTCON2                           00000FF1
INTCON3                           00000FF0
MPASM 5.81                      INTENTO2.ASM   5-1-2019  0:08:01         PAGE 23


SYMBOL TABLE
  LABEL                             VALUE 

INTEDG0                           00000006
INTEDG1                           00000005
INTEDG2                           00000004
INTSRC                            00000007
IOFS                              00000002
IPEN                              00000007
IPR1                              00000F9F
IPR2                              00000FA2
IRCF0                             00000004
IRCF1                             00000005
IRCF2                             00000006
IRVST                             00000005
IVRST                             00000005
LATA                              00000F89
LATA0                             00000000
LATA1                             00000001
LATA2                             00000002
LATA3                             00000003
LATA4                             00000004
LATA5                             00000005
LATA6                             00000006
LATB                              00000F8A
LATB0                             00000000
LATB1                             00000001
LATB2                             00000002
LATB3                             00000003
LATB4                             00000004
LATB5                             00000005
LATB6                             00000006
LATB7                             00000007
LATC                              00000F8B
LATC0                             00000000
LATC1                             00000001
LATC2                             00000002
LATC6                             00000006
LATC7                             00000007
LATD                              00000F8C
LATD0                             00000000
LATD1                             00000001
LATD2                             00000002
LATD3                             00000003
LATD4                             00000004
LATD5                             00000005
LATD6                             00000006
LATD7                             00000007
LATE                              00000F8D
LATE0                             00000000
LATE1                             00000001
LATE2                             00000002
LCD_CONFIG                        00000658
LED                               000003C6
LVDCON                            00000FD2
LVDEN                             00000004
MPASM 5.81                      INTENTO2.ASM   5-1-2019  0:08:01         PAGE 24


SYMBOL TABLE
  LABEL                             VALUE 

LVDIE                             00000002
LVDIF                             00000002
LVDIN                             00000005
LVDIP                             00000002
LVDL0                             00000000
LVDL1                             00000001
LVDL2                             00000002
LVDL3                             00000003
LVV0                              00000000
LVV1                              00000001
LVV2                              00000002
LVV3                              00000003
N                                 00000004
NOT_A                             00000005
NOT_ADDRESS                       00000005
NOT_BOR                           00000000
NOT_DONE                          00000001
NOT_IPEN                          00000007
NOT_PD                            00000002
NOT_POR                           00000001
NOT_RBPU                          00000007
NOT_RI                            00000004
NOT_T1SYNC                        00000002
NOT_T3SYNC                        00000002
NOT_TO                            00000003
NOT_W                             00000002
NOT_WRITE                         00000002
OERR                              00000001
OESPP                             00000002
OSC2                              00000006
OSCCON                            00000FD3
OSCFIE                            00000007
OSCFIF                            00000007
OSCFIP                            00000007
OSCTUNE                           00000F9B
OSTS                              00000003
OV                                00000003
P                                 00000004
P1A                               00000002
P1M0                              00000006
P1M1                              00000007
PC                                00000FF9
PCFG0                             00000000
PCFG1                             00000001
PCFG2                             00000002
PCFG3                             00000003
PCL                               00000FF9
PCLATH                            00000FFA
PCLATU                            00000FFB
PD                                00000002
PDC0                              00000000
PDC1                              00000001
PDC2                              00000002
MPASM 5.81                      INTENTO2.ASM   5-1-2019  0:08:01         PAGE 25


SYMBOL TABLE
  LABEL                             VALUE 

PDC3                              00000003
PDC4                              00000004
PDC5                              00000005
PDC6                              00000006
PEIE                              00000006
PEIE_GIEL                         00000006
PEN                               00000002
PGC                               00000006
PGD                               00000007
PGM                               00000005
PIDEE                             00000000
PIDEF                             00000000
PIE1                              00000F9D
PIE2                              00000FA0
PIR1                              00000F9E
PIR2                              00000FA1
PKTDIS                            00000004
PLUSW0                            00000FEB
PLUSW1                            00000FE3
PLUSW2                            00000FDB
POR                               00000001
PORTA                             00000F80
PORTB                             00000F81
PORTC                             00000F82
PORTD                             00000F83
PORTE                             00000F84
POSTDEC0                          00000FED
POSTDEC1                          00000FE5
POSTDEC2                          00000FDD
POSTINC0                          00000FEE
POSTINC1                          00000FE6
POSTINC2                          00000FDE
POS_CUR_FIL1                      0000060A
POS_CUR_FIL2                      00000600
PPB0                              00000000
PPB1                              00000001
PPBI                              00000001
PPBRST                            00000006
PR2                               00000FCB
PREINC0                           00000FEC
PREINC1                           00000FE4
PREINC2                           00000FDC
PROD                              00000FF3
PRODH                             00000FF4
PRODL                             00000FF3
PRSEN                             00000007
PSA                               00000003
PSSAC0                            00000002
PSSAC1                            00000003
PSSBD0                            00000000
PSSBD1                            00000001
R                                 00000002
RA0                               00000000
MPASM 5.81                      INTENTO2.ASM   5-1-2019  0:08:01         PAGE 26


SYMBOL TABLE
  LABEL                             VALUE 

RA1                               00000001
RA2                               00000002
RA3                               00000003
RA4                               00000004
RA5                               00000005
RA6                               00000006
RB0                               00000000
RB1                               00000001
RB2                               00000002
RB3                               00000003
RB4                               00000004
RB5                               00000005
RB6                               00000006
RB7                               00000007
RBIE                              00000003
RBIF                              00000000
RBIP                              00000000
RBPU                              00000007
RC0                               00000000
RC1                               00000001
RC2                               00000002
RC4                               00000004
RC5                               00000005
RC6                               00000006
RC7                               00000007
RCEN                              00000003
RCIDL                             00000006
RCIE                              00000005
RCIF                              00000005
RCIP                              00000005
RCMT                              00000006
RCON                              00000FD0
RCREG                             00000FAE
RCSTA                             00000FAB
RD                                00000000
RD0                               00000000
RD1                               00000001
RD16                              00000007
RD2                               00000002
RD3                               00000003
RD4                               00000004
RD5                               00000005
RD6                               00000006
RD7                               00000007
RDPU                              00000007
RDSPP                             00000007
RE0                               00000000
RE1                               00000001
RE2                               00000002
RE3                               00000003
READ_WRITE                        00000002
REPITE                            00000718
RESUME                            00000002
MPASM 5.81                      INTENTO2.ASM   5-1-2019  0:08:01         PAGE 27


SYMBOL TABLE
  LABEL                             VALUE 

RETAR1                            00000742
RETAR2                            00000746
RETAR3                            00000758
RETAR4                            0000075C
RETAR7                            0000076E
RETAR8                            00000772
RI                                00000004
RS                                00000000
RSEN                              00000001
RW                                00000001
RX                                00000007
RX9                               00000006
RX9D                              00000000
RXDTP                             00000005
R_NOT_W                           00000002
R_W                               00000002
S                                 00000003
SALIR                             00000734
SBOREN                            00000006
SCKP                              00000004
SCS0                              00000000
SCS1                              00000001
SE0                               00000005
SEN                               00000000
SENDB                             00000003
SMP                               00000007
SOFIE                             00000006
SOFIF                             00000006
SPBRG                             00000FAF
SPBRGH                            00000FB0
SPEN                              00000007
SPP0                              00000000
SPP1                              00000001
SPP2                              00000002
SPP3                              00000003
SPP4                              00000004
SPP5                              00000005
SPP6                              00000006
SPP7                              00000007
SPPBUSY                           00000004
SPPCFG                            00000F63
SPPCON                            00000F65
SPPDATA                           00000F62
SPPEN                             00000000
SPPEPS                            00000F64
SPPIE                             00000007
SPPIF                             00000007
SPPIP                             00000007
SPPOWN                            00000001
SREN                              00000005
SSPADD                            00000FC8
SSPBUF                            00000FC9
SSPCON1                           00000FC6
MPASM 5.81                      INTENTO2.ASM   5-1-2019  0:08:01         PAGE 28


SYMBOL TABLE
  LABEL                             VALUE 

SSPCON2                           00000FC5
SSPEN                             00000005
SSPIE                             00000003
SSPIF                             00000003
SSPIP                             00000003
SSPM0                             00000000
SSPM1                             00000001
SSPM2                             00000002
SSPM3                             00000003
SSPOV                             00000006
SSPSTAT                           00000FC7
STALLIE                           00000005
STALLIF                           00000005
STATUS                            00000FD8
STKFUL                            00000007
STKOVF                            00000007
STKPTR                            00000FFC
STKPTR0                           00000000
STKPTR1                           00000001
STKPTR2                           00000002
STKPTR3                           00000003
STKPTR4                           00000004
STKUNF                            00000006
SUMA3_BCD0                        000007C2
SUMA3_BCD1                        000007C8
SUSPND                            00000001
SWDTE                             00000000
SWDTEN                            00000000
SYNC                              00000004
T08BIT                            00000006
T0CKI                             00000004
T0CON                             00000FD5
T0CS                              00000005
T0IE                              00000005
T0IF                              00000002
T0IP                              00000002
T0PS0                             00000000
T0PS1                             00000001
T0PS2                             00000002
T0SE                              00000004
T13CKI                            00000000
T1CKPS0                           00000004
T1CKPS1                           00000005
T1CON                             00000FCD
T1OSCEN                           00000003
T1OSI                             00000001
T1OSO                             00000000
T1RUN                             00000006
T1SYNC                            00000002
T2CKPS0                           00000000
T2CKPS1                           00000001
T2CON                             00000FCA
T2OUTPS0                          00000003
MPASM 5.81                      INTENTO2.ASM   5-1-2019  0:08:01         PAGE 29


SYMBOL TABLE
  LABEL                             VALUE 

T2OUTPS1                          00000004
T2OUTPS2                          00000005
T2OUTPS3                          00000006
T3CCP1                            00000003
T3CCP2                            00000006
T3CKPS0                           00000004
T3CKPS1                           00000005
T3CON                             00000FB1
T3NSYNC                           00000002
T3SYNC                            00000002
TABLAT                            00000FF5
TBLPTR                            00000FF6
TBLPTRH                           00000FF7
TBLPTRL                           00000FF6
TBLPTRU                           00000FF8
TEM                               00002000
TMR0                              00000FD6
TMR0H                             00000FD7
TMR0IE                            00000005
TMR0IF                            00000002
TMR0IP                            00000002
TMR0L                             00000FD6
TMR0ON                            00000007
TMR1                              00000FCE
TMR1CS                            00000001
TMR1H                             00000FCF
TMR1IE                            00000000
TMR1IF                            00000000
TMR1IP                            00000000
TMR1L                             00000FCE
TMR1ON                            00000000
TMR2                              00000FCC
TMR2IE                            00000001
TMR2IF                            00000001
TMR2IP                            00000001
TMR2ON                            00000002
TMR3                              00000FB2
TMR3CS                            00000001
TMR3H                             00000FB3
TMR3IE                            00000001
TMR3IF                            00000001
TMR3IP                            00000001
TMR3L                             00000FB2
TMR3ON                            00000000
TO                                00000003
TOS                               00000FFD
TOSH                              00000FFE
TOSL                              00000FFD
TOSU                              00000FFF
TOUTPS0                           00000003
TOUTPS1                           00000004
TOUTPS2                           00000005
TOUTPS3                           00000006
MPASM 5.81                      INTENTO2.ASM   5-1-2019  0:08:01         PAGE 30


SYMBOL TABLE
  LABEL                             VALUE 

TRISA                             00000F92
TRISA0                            00000000
TRISA1                            00000001
TRISA2                            00000002
TRISA3                            00000003
TRISA4                            00000004
TRISA5                            00000005
TRISA6                            00000006
TRISB                             00000F93
TRISB0                            00000000
TRISB1                            00000001
TRISB2                            00000002
TRISB3                            00000003
TRISB4                            00000004
TRISB5                            00000005
TRISB6                            00000006
TRISB7                            00000007
TRISC                             00000F94
TRISC0                            00000000
TRISC1                            00000001
TRISC2                            00000002
TRISC6                            00000006
TRISC7                            00000007
TRISD                             00000F95
TRISD0                            00000000
TRISD1                            00000001
TRISD2                            00000002
TRISD3                            00000003
TRISD4                            00000004
TRISD5                            00000005
TRISD6                            00000006
TRISD7                            00000007
TRISE                             00000F96
TRISE0                            00000000
TRISE1                            00000001
TRISE2                            00000002
TRMT                              00000001
TRNIE                             00000003
TRNIF                             00000003
TUN0                              00000000
TUN1                              00000001
TUN2                              00000002
TUN3                              00000003
TUN4                              00000004
TX                                00000006
TX9                               00000006
TX9D                              00000000
TXCKP                             00000004
TXEN                              00000005
TXIE                              00000004
TXIF                              00000004
TXIP                              00000004
TXREG                             00000FAD
MPASM 5.81                      INTENTO2.ASM   5-1-2019  0:08:01         PAGE 31


SYMBOL TABLE
  LABEL                             VALUE 

TXSTA                             00000FAC
UA                                00000001
UADDR                             00000F6E
UCFG                              00000F6F
UCON                              00000F6D
UEIE                              00000F6B
UEIR                              00000F6A
UEP0                              00000F70
UEP1                              00000F71
UEP10                             00000F7A
UEP11                             00000F7B
UEP12                             00000F7C
UEP13                             00000F7D
UEP14                             00000F7E
UEP15                             00000F7F
UEP2                              00000F72
UEP3                              00000F73
UEP4                              00000F74
UEP5                              00000F75
UEP6                              00000F76
UEP7                              00000F77
UEP8                              00000F78
UEP9                              00000F79
UERRIE                            00000001
UERRIF                            00000001
UFRM                              00000F66
UFRMH                             00000F67
UFRML                             00000F66
UIE                               00000F69
UIR                               00000F68
UOEMON                            00000006
UPUEN                             00000004
URSTIE                            00000000
URSTIF                            00000000
USBEN                             00000003
USBIE                             00000005
USBIF                             00000005
USBIP                             00000005
USTAT                             00000F6C
UTEYE                             00000007
UTRDIS                            00000003
VCFG0                             00000004
VCFG1                             00000005
VDIRMAG                           00000007
VREFM                             00000002
VREFP                             00000003
W                                 00000000
WCOL                              00000007
WDTCON                            00000FD1
WR                                00000001
WREG                              00000FE8
WREN                              00000002
WRERR                             00000003
MPASM 5.81                      INTENTO2.ASM   5-1-2019  0:08:01         PAGE 32


SYMBOL TABLE
  LABEL                             VALUE 

WRSPP                             00000006
WS0                               00000000
WS1                               00000001
WS2                               00000002
WS3                               00000003
WUE                               00000001
Z                                 00000002
Zonaoscura                        000003B2
_BORV_0_2L                        000000E7
_BORV_1_2L                        000000EF
_BORV_2_2L                        000000F7
_BORV_3_2L                        000000FF
_BOR_OFF_2L                       000000F9
_BOR_ON_2L                        000000FF
_BOR_ON_ACTIVE_2L                 000000FD
_BOR_SOFT_2L                      000000FB
_CCP2MX_OFF_3H                    000000FE
_CCP2MX_ON_3H                     000000FF
_CONFIG1H                         00300001
_CONFIG1L                         00300000
_CONFIG2H                         00300003
_CONFIG2L                         00300002
_CONFIG3H                         00300005
_CONFIG4L                         00300006
_CONFIG5H                         00300009
_CONFIG5L                         00300008
_CONFIG6H                         0030000B
_CONFIG6L                         0030000A
_CONFIG7H                         0030000D
_CONFIG7L                         0030000C
_CP0_OFF_5L                       000000FF
_CP0_ON_5L                        000000FE
_CP1_OFF_5L                       000000FF
_CP1_ON_5L                        000000FD
_CP2_OFF_5L                       000000FF
_CP2_ON_5L                        000000FB
_CP3_OFF_5L                       000000FF
_CP3_ON_5L                        000000F7
_CPB_OFF_5H                       000000FF
_CPB_ON_5H                        000000BF
_CPD_OFF_5H                       000000FF
_CPD_ON_5H                        0000007F
_CPUDIV_OSC1_PLL2_1L              000000E7
_CPUDIV_OSC2_PLL3_1L              000000EF
_CPUDIV_OSC3_PLL4_1L              000000F7
_CPUDIV_OSC4_PLL6_1L              000000FF
_DEBUG_OFF_4L                     000000FF
_DEBUG_ON_4L                      0000007F
_DEVID1                           003FFFFE
_DEVID2                           003FFFFF
_EBTR0_OFF_7L                     000000FF
_EBTR0_ON_7L                      000000FE
_EBTR1_OFF_7L                     000000FF
MPASM 5.81                      INTENTO2.ASM   5-1-2019  0:08:01         PAGE 33


SYMBOL TABLE
  LABEL                             VALUE 

_EBTR1_ON_7L                      000000FD
_EBTR2_OFF_7L                     000000FF
_EBTR2_ON_7L                      000000FB
_EBTR3_OFF_7L                     000000FF
_EBTR3_ON_7L                      000000F7
_EBTRB_OFF_7H                     000000FF
_EBTRB_ON_7H                      000000BF
_FCMEN_OFF_1H                     000000BF
_FCMEN_ON_1H                      000000FF
_FOSC_ECIO_EC_1H                  000000F4
_FOSC_ECPLLIO_EC_1H               000000F6
_FOSC_ECPLL_EC_1H                 000000F7
_FOSC_EC_EC_1H                    000000F5
_FOSC_HSPLL_HS_1H                 000000FE
_FOSC_HS_1H                       000000FC
_FOSC_INTOSCIO_EC_1H              000000F8
_FOSC_INTOSC_EC_1H                000000F9
_FOSC_INTOSC_HS_1H                000000FB
_FOSC_INTOSC_XT_1H                000000FA
_FOSC_XTPLL_XT_1H                 000000F2
_FOSC_XT_XT_1H                    000000F0
_ICPRT_OFF_4L                     000000DF
_ICPRT_ON_4L                      000000FF
_IDLOC0                           00200000
_IDLOC1                           00200001
_IDLOC2                           00200002
_IDLOC3                           00200003
_IDLOC4                           00200004
_IDLOC5                           00200005
_IDLOC6                           00200006
_IDLOC7                           00200007
_IESO_OFF_1H                      0000007F
_IESO_ON_1H                       000000FF
_LPT1OSC_OFF_3H                   000000FB
_LPT1OSC_ON_3H                    000000FF
_LVP_OFF_4L                       000000FB
_LVP_ON_4L                        000000FF
_MCLRE_OFF_3H                     0000007F
_MCLRE_ON_3H                      000000FF
_PBADEN_OFF_3H                    000000FD
_PBADEN_ON_3H                     000000FF
_PLLDIV_10_1L                     000000FE
_PLLDIV_12_1L                     000000FF
_PLLDIV_1_1L                      000000F8
_PLLDIV_2_1L                      000000F9
_PLLDIV_3_1L                      000000FA
_PLLDIV_4_1L                      000000FB
_PLLDIV_5_1L                      000000FC
_PLLDIV_6_1L                      000000FD
_PWRT_OFF_2L                      000000FF
_PWRT_ON_2L                       000000FE
_STVREN_OFF_4L                    000000FE
_STVREN_ON_4L                     000000FF
MPASM 5.81                      INTENTO2.ASM   5-1-2019  0:08:01         PAGE 34


SYMBOL TABLE
  LABEL                             VALUE 

_USBDIV_1_1L                      000000DF
_USBDIV_2_1L                      000000FF
_VREGEN_OFF_2L                    000000DF
_VREGEN_ON_2L                     000000FF
_WDTPS_1024_2H                    000000F5
_WDTPS_128_2H                     000000EF
_WDTPS_16384_2H                   000000FD
_WDTPS_16_2H                      000000E9
_WDTPS_1_2H                       000000E1
_WDTPS_2048_2H                    000000F7
_WDTPS_256_2H                     000000F1
_WDTPS_2_2H                       000000E3
_WDTPS_32768_2H                   000000FF
_WDTPS_32_2H                      000000EB
_WDTPS_4096_2H                    000000F9
_WDTPS_4_2H                       000000E5
_WDTPS_512_2H                     000000F3
_WDTPS_64_2H                      000000ED
_WDTPS_8192_2H                    000000FB
_WDTPS_8_2H                       000000E7
_WDT_OFF_2H                       000000FE
_WDT_ON_2H                        000000FF
_WRT0_OFF_6L                      000000FF
_WRT0_ON_6L                       000000FE
_WRT1_OFF_6L                      000000FF
_WRT1_ON_6L                       000000FD
_WRT2_OFF_6L                      000000FF
_WRT2_ON_6L                       000000FB
_WRT3_OFF_6L                      000000FF
_WRT3_ON_6L                       000000F7
_WRTB_OFF_6H                      000000FF
_WRTB_ON_6H                       000000BF
_WRTC_OFF_6H                      000000FF
_WRTC_ON_6H                       000000DF
_WRTD_OFF_6H                      000000FF
_WRTD_ON_6H                       0000007F
_XINST_OFF_4L                     000000BF
_XINST_ON_4L                      000000FF
__18F4550                         00000001
aux                               00000000
aux1                              00000008
aux2                              00000009
aux3                              0000000A
bucle2                            0000033C
bucle3                            0000034C
buzzer                            000003C0
configura                         00000020
configura1                        00000082
configura2                        0000012C
configura3                        000001C4
configura4                        0000025C
cont                              00000001
conta1                            0000000B
MPASM 5.81                      INTENTO2.ASM   5-1-2019  0:08:01         PAGE 35


SYMBOL TABLE
  LABEL                             VALUE 

conta2                            0000000C
convierto1                        00000362
convierto11                       000000D6
convierto2                        00000372
convierto21                       0000017A
convierto3                        00000382
convierto31                       00000212
cta_a                             00000015
cta_b                             00000016
cta_c                             00000017
dato                              00000006
delaymon                          0000032C
dir_CARACTER                      0000000E
dir_CGRAM                         0000000D
espera1                           00000364
espera11                          000000E8
espera2                           00000374
espera21                          0000018C
espera3                           00000384
espera31                          00000224
indicapantalla                    00000010
inferior                          00000013
inicio                            00000052
label                             00000318
medio                             00000012
memachucaron                      000003D2
nada                              000003CC
otro1                             00000330
otro2                             00000340
otro3                             00000350
pafuera                           0000048E
pase                              00000014
pregunta1                         0000038E
pregunta2a                        0000039A
pregunta2b                        000003A6
rx                                00000007
sa                                0000005E
saa                               0000006A
saaa                              00000076
superior                          00000011
ubicador                          0000035A
valor1                            00000476
valor2                            0000047E
valor3                            00000486
var                               00000005

Errors   :     0
Warnings :     0 reported,     0 suppressed
Messages :     0 reported,     0 suppressed

