MPASM 5.81                 CODE DE JAIME.ASM   11-29-2018  11:06:59         PAGE  1


LOC  OBJECT CODE     LINE SOURCE TEXT
  VALUE

                      00001     list p=18f4550              ;Modelo del microcontrolador
                      00002     #include <p18f4550.inc>     ;libreria de nombres
                      00001         LIST
                      00002 
                      00003 ;==========================================================================
                      00004 ; Build date : Jul 23 2018
                      00005 ;  MPASM PIC18F4550 processor include
                      00006 ; 
                      00007 ;  (c) Copyright 1999-2018 Microchip Technology, All rights reserved
                      00008 ;==========================================================================
                      00009 
                      01765         LIST
                      00003     
                      00004 ;zona de configuracion de los bits de configuracion del microcontrolador
                      00005    
                      00006     CONFIG  FOSC = XT_XT          ; Oscillator Selection bits (XT oscillator (XT))
                      00007     CONFIG  PWRT = ON             ; Power-up Timer Enable bit (PWRT enabled)
                      00008     CONFIG  BOR = OFF             ; Brown-out Reset Enable bits (Brown-out Reset disabled in hardware an
                            d software)
                      00009     CONFIG  WDT = OFF             ; Watchdog Timer Enable bit (WDT disabled (control is placed on the SW
                            DTEN bit))
                      00010     CONFIG  PBADEN = OFF          ; PORTB A/D Enable bit (PORTB<4:0> pins are configured as digital I/O 
                            on Reset)
                      00011     CONFIG  LVP = OFF             ; Single-Supply ICSP Enable bit (Single-Supply ICSP disabled)
                      00012     
                      00013     org 0x0200
000200 86BF CFDB EDE6 00014 tabla7s db 0xBF,0x86,0xDB,0xCF,0xE6,0xED,0xFD,0x87,0xFF,0xE7
       87FD E7FF 
                      00015     
                      00016     cblock 0x0020
  00000020            00017         cta_a
  00000021            00018         cta_b
  00000022            00019         cta_c
  00000023            00020         seg_a
  00000024            00021         seg_b
  00000025            00022         min_a
  00000026            00023         min_b
                      00024         endc
                      00025  
                      00026     org 0x0000                  ;Vector de reset
000000 EF?? F???      00027     goto configura
                      00028     
                      00029     org 0x0008
000008 EF?? F???      00030     goto nivela
                      00031     
                      00032     org 0x0020                  ;zona de programa de usuario
                      00033     
                      00034     
000020                00035 configura:
000020 0E??           00036     movlw UPPER tabla7s
000022 6EF8           00037     movwf TBLPTRU
000024 0E??           00038     movlw HIGH tabla7s
000026 6EF7           00039     movwf TBLPTRH
MPASM 5.81                 CODE DE JAIME.ASM   11-29-2018  11:06:59         PAGE  2


LOC  OBJECT CODE     LINE SOURCE TEXT
  VALUE

000028 0E??           00040     movlw LOW tabla7s
00002A 6EF6           00041     movwf TBLPTRL
                      00042     ;configuro el puntero
00002C 6A95           00043     clrf TRISD  ;ver digitos;
00002E 6A92           00044     clrf TRISA
000030 6A93           00045     clrf TRISB  ;selector de mux y cables de la bomba;  
000032 0E83           00046     movlw 0x83
000034 6ED5           00047     movwf T0CON
000036 0EA0           00048     movlw 0xA0
000038 6EF2           00049     movwf INTCON
00003A 0E01           00050     movlw .1
00003C 6E26           00051     movwf min_b
00003E 0E00           00052     movlw .0
000040 6E25           00053     movwf min_a
000042 6E24           00054     movwf seg_b
000044 6E23           00055     movwf seg_a
000046 8096           00056     bsf TRISE, 0
000048 8296           00057     bsf TRISE, 1
00004A 8893           00058     bsf TRISB, 4
00004C 8A93           00059     bsf TRISB, 5
00004E 8C93           00060     bsf TRISB, 6
000050 8E93           00061     bsf TRISB, 7
                      00062     
                      00063     
                      00064     
000052                00065 inicio:
000052 9089           00066     bcf LATA, 0
000054 9289           00067     bcf LATA, 1
000056 9489           00068     bcf LATA, 2
000058 0E01           00069     movlw .1
00005A 6E26           00070     movwf min_b
00005C 0E00           00071     movlw .0
00005E 6E25           00072     movwf min_a
000060 6E24           00073     movwf seg_b
000062 6E23           00074     movwf seg_a
000064 0EBF           00075     movlw 0xBF
000066 6E8C           00076     movwf LATD
000068 908A           00077     bcf LATB,0
00006A EC?? F???      00078     call bucle2
00006E 808A           00079     bsf LATB,0
000070 0EBF           00080     movlw 0xBF
000072 6E8C           00081     movwf LATD
000074 928A           00082     bcf LATB,1
000076 EC?? F???      00083     call bucle2
00007A 828A           00084     bsf LATB,1
00007C 0EBF           00085     movlw 0xBF
00007E 6E8C           00086     movwf LATD
000080 948A           00087     bcf LATB,2
000082 EC?? F???      00088     call bucle2
000086 848A           00089     bsf LATB,2
000088 0E86           00090     movlw 0x86
00008A 6E8C           00091     movwf LATD
00008C 968A           00092     bcf LATB,3
MPASM 5.81                 CODE DE JAIME.ASM   11-29-2018  11:06:59         PAGE  3


LOC  OBJECT CODE     LINE SOURCE TEXT
  VALUE

00008E EC?? F???      00093     call bucle2
000092 868A           00094     bsf LATB,3
000094 BE82           00095     btfsc PORTC, 7
000096 EF?? F???      00096     goto inicio
00009A EF?? F???      00097     goto real
                      00098     
00009E                00099 real:
00009E EC?? F???      00100     call displayada
0000A2 B881           00101     btfsc PORTB, 4
0000A4 EF?? F???      00102     goto win
0000A8 908D           00103     bcf LATE, 0
0000AA BA81           00104     btfsc PORTB, 5
0000AC EF?? F???      00105     goto lose
0000B0 928D           00106     bcf LATE, 1
0000B2 BC81           00107     btfsc PORTB, 6
0000B4 EF?? F???      00108     goto duplica
0000B8 BE81           00109     btfsc PORTB, 7
0000BA EF?? F???      00110     goto divide
0000BE EF?? F???      00111     goto real
                      00112     
0000C2                00113 lose:
0000C2 8489           00114     bsf LATA, 2
0000C4 0E37           00115     movlw 0x37
0000C6 6E8C           00116     movwf LATD
0000C8 908A           00117     bcf LATB,0
0000CA EC?? F???      00118     call bucle2
0000CE 808A           00119     bsf LATB,0
                      00120     
0000D0 0E3F           00121     movlw 0x3F
0000D2 6E8C           00122     movwf LATD
0000D4 928A           00123     bcf LATB,1
0000D6 EC?? F???      00124     call bucle2
0000DA 828A           00125     bsf LATB,1
                      00126     
0000DC 0E3F           00127     movlw 0x3F
0000DE 6E8C           00128     movwf LATD
0000E0 948A           00129     bcf LATB,2
0000E2 EC?? F???      00130     call bucle2
0000E6 848A           00131     bsf LATB,2
                      00132     
0000E8 0E7C           00133     movlw 0x7C
0000EA 6E8C           00134     movwf LATD
0000EC 968A           00135     bcf LATB,3
0000EE EC?? F???      00136     call bucle2
0000F2 868A           00137     bsf LATB,3
                      00138    
0000F4 EF?? F???      00139     goto lose
0000F8                00140 win:
0000F8 8289           00141     bsf LATA, 1
0000FA 0E76           00142     movlw 0x76
0000FC 6E8C           00143     movwf LATD
0000FE 908A           00144     bcf LATB,0
000100 EC?? F???      00145     call bucle2
MPASM 5.81                 CODE DE JAIME.ASM   11-29-2018  11:06:59         PAGE  4


LOC  OBJECT CODE     LINE SOURCE TEXT
  VALUE

000104 808A           00146     bsf LATB,0
                      00147     
000106 0E77           00148     movlw 0x77
000108 6E8C           00149     movwf LATD
00010A 928A           00150     bcf LATB,1
00010C EC?? F???      00151     call bucle2
000110 828A           00152     bsf LATB,1
                      00153     
000112 0E79           00154     movlw 0x79
000114 6E8C           00155     movwf LATD
000116 948A           00156     bcf LATB,2
000118 EC?? F???      00157     call bucle2
00011C 848A           00158     bsf LATB,2
                      00159     
00011E 0E6E           00160     movlw 0x6E
000120 6E8C           00161     movwf LATD
000122 968A           00162     bcf LATB,3
000124 EC?? F???      00163     call bucle2
000128 868A           00164     bsf LATB,3
00012A EF?? F???      00165     goto win
                      00166 
00012E                00167 duplica:
00012E 0E81           00168     movlw 0x81
000130 6ED5           00169     movwf T0CON
000132 0EA0           00170     movlw 0xA0
000134 6EF2           00171     movwf INTCON
000136 BE81           00172     btfsc PORTB, 7
000138 EF?? F???      00173     goto iniciofinal
00013C EF?? F???      00174     goto inicioafterduplica
                      00175     
000140                00176 divide: 
000140 0E00           00177     movlw .0
000142 6E26           00178     movwf min_b
000144 0E01           00179     movlw .1
000146 6E25           00180     movwf min_a
000148 0E00           00181     movlw .0
00014A 6E24           00182     movwf seg_b
00014C 0E00           00183     movlw .0
00014E 6E23           00184     movwf seg_a
000150 BC81           00185     btfsc PORTB, 6
000152 EF?? F???      00186     goto iniciofinal
000156 EF?? F???      00187     goto inicioafterdivide    
                      00188     
00015A                00189 inicioafterduplica:   
00015A EC?? F???      00190     call displayada
00015E B881           00191     btfsc PORTB, 4
000160 EF?? F???      00192     goto win
000164 908D           00193     bcf LATE, 0
000166 BA81           00194     btfsc PORTB, 5
000168 EF?? F???      00195     goto lose
00016C 928D           00196     bcf LATE, 1
00016E BE81           00197     btfsc PORTB, 7
000170 EF?? F???      00198     goto divide
MPASM 5.81                 CODE DE JAIME.ASM   11-29-2018  11:06:59         PAGE  5


LOC  OBJECT CODE     LINE SOURCE TEXT
  VALUE

000174 EF?? F???      00199     goto inicioafterduplica
                      00200     
000178                00201 inicioafterdivide:    
000178 EC?? F???      00202     call displayada
00017C B881           00203     btfsc PORTB, 4
00017E EF?? F???      00204     goto win
000182 908D           00205     bcf LATE, 0
000184 BA81           00206     btfsc PORTB, 5
000186 EF?? F???      00207     goto lose
00018A 928D           00208     bcf LATE, 1
00018C BC81           00209     btfsc PORTB, 6
00018E EF?? F???      00210     goto duplica
000192 EF?? F???      00211     goto inicioafterdivide
                      00212     
000196                00213 iniciofinal:
000196 EC?? F???      00214     call displayada
00019A B881           00215     btfsc PORTB, 4
00019C EF?? F???      00216     goto win
0001A0 908D           00217     bcf LATE, 0
0001A2 BA81           00218     btfsc PORTB, 5
0001A4 EF?? F???      00219     goto lose
0001A8 928D           00220     bcf LATE, 1
0001AA EF?? F???      00221     goto iniciofinal
                      00222     
                      00223     
0001AE                00224 displayada:
0001AE 6AF6           00225     clrf TBLPTRL
0001B0 5023           00226     movf seg_a, W
0001B2 26F6           00227     addwf TBLPTRL
0001B4 0008           00228     TBLRD*
0001B6 CFF5 FF8C      00229     movff TABLAT, LATD
0001BA 908A           00230     bcf LATB,0
0001BC EC?? F???      00231     call bucle2
0001C0 808A           00232     bsf LATB,0
                      00233     ;-----------------;
0001C2 6AF6           00234     clrf TBLPTRL
0001C4 5024           00235     movf seg_b, W
0001C6 26F6           00236     addwf TBLPTRL
0001C8 0008           00237     TBLRD*
0001CA CFF5 FF8C      00238     movff TABLAT, LATD
0001CE 928A           00239     bcf LATB,1
0001D0 EC?? F???      00240     call bucle2
0001D4 828A           00241     bsf LATB,1
                      00242     ;----------------;
0001D6 6AF6           00243     clrf TBLPTRL
0001D8 5025           00244     movf min_a, W
0001DA 26F6           00245     addwf TBLPTRL
0001DC 0008           00246     TBLRD*
0001DE CFF5 FF8C      00247     movff TABLAT, LATD
0001E2 948A           00248     bcf LATB,2
0001E4 EC?? F???      00249     call bucle2
0001E8 848A           00250     bsf LATB,2
                      00251     ;-----------------;
MPASM 5.81                 CODE DE JAIME.ASM   11-29-2018  11:06:59         PAGE  6


LOC  OBJECT CODE     LINE SOURCE TEXT
  VALUE

0001EA 6AF6           00252     clrf TBLPTRL
0001EC 5026           00253     movf min_b, W
0001EE 26F6           00254     addwf TBLPTRL
0001F0 0008           00255     TBLRD*
0001F2 CFF5 FF8C      00256     movff TABLAT, LATD
0001F6 968A           00257     bcf LATB,3
0001F8 EC?? F???      00258     call bucle2
0001FC 868A           00259     bsf LATB,3
                      00260     ;-----------------;
0001FE 0012           00261     return
                      00262     
                      00263     ;-----------------------------;
                      00264     org 0x0300
000300                00265 nivela:
000300 7089           00266     btg LATA, 0
000302 94F2           00267     bcf INTCON,TMR0IF
000304 0EDC           00268     movlw 0xDC
000306 6ED6           00269     movwf TMR0L
000308 0E0B           00270     movlw 0x0B
00030A 6ED7           00271     movwf TMR0H
00030C 0E00           00272     movlw .0
00030E 6226           00273     cpfseq min_b
000310 EF?? F???      00274     goto nivel2a
000314 EF?? F???      00275     goto nivel2b
                      00276 ;-----------------------------;
000318                00277 nivel2a:
000318 0E00           00278     movlw .0
00031A 6225           00279     cpfseq min_a
00031C EF?? F???      00280     goto nivel3a
000320 EF?? F???      00281     goto nivel3b
000324                00282 nivel2b:
000324 0E00           00283     movlw .0
000326 6225           00284     cpfseq min_a
000328 EF?? F???      00285     goto nivel3c
00032C EF?? F???      00286     goto nivel3d
                      00287 ;----------------------------;    
000330                00288 nivel3a:
000330 0E00           00289     movlw .0
000332 6224           00290     cpfseq seg_b
000334 EF?? F???      00291     goto nivel4a
000338 EF?? F???      00292     goto nivel4b
00033C                00293 nivel3b:
00033C 0E00           00294     movlw .0
00033E 6224           00295     cpfseq seg_b
000340 EF?? F???      00296     goto nivel4c
000344 EF?? F???      00297     goto nivel4d
000348                00298 nivel3c:
000348 0E00           00299     movlw .0
00034A 6224           00300     cpfseq seg_b
00034C EF?? F???      00301     goto nivel4e
000350 EF?? F???      00302     goto nivel4f
000354                00303 nivel3d:
000354 0E00           00304     movlw .0
MPASM 5.81                 CODE DE JAIME.ASM   11-29-2018  11:06:59         PAGE  7


LOC  OBJECT CODE     LINE SOURCE TEXT
  VALUE

000356 6224           00305     cpfseq seg_b
000358 EF?? F???      00306     goto nivel4g
00035C EF?? F???      00307     goto nivel4h
                      00308 ;----------------------------;
000360                00309 nivel4a:
000360 0E00           00310     movlw .0
000362 6223           00311     cpfseq seg_a
000364 EF?? F???      00312     goto rosado
000368 EF?? F???      00313     goto verde
00036C                00314 nivel4b:
00036C 0E00           00315     movlw .0
00036E 6223           00316     cpfseq seg_a
000370 EF?? F???      00317     goto rosado
000374 EF?? F???      00318     goto azul
000378                00319 nivel4c:
000378 0E00           00320     movlw .0
00037A 6223           00321     cpfseq seg_a
00037C EF?? F???      00322     goto rosado
000380 EF?? F???      00323     goto verde
000384                00324 nivel4d:
000384 0E00           00325     movlw .0
000386 6223           00326     cpfseq seg_a
000388 EF?? F???      00327     goto rosado
00038C EF?? F???      00328     goto amarillo
000390                00329 nivel4e:
000390 0E00           00330     movlw .0
000392 6223           00331     cpfseq seg_a
000394 EF?? F???      00332     goto rosado
000398 EF?? F???      00333     goto verde
00039C                00334 nivel4f:
00039C 0E00           00335     movlw .0
00039E 6223           00336     cpfseq seg_a
0003A0 EF?? F???      00337     goto rosado
0003A4 EF?? F???      00338     goto azul
0003A8                00339 nivel4g:
0003A8 0E00           00340     movlw .0
0003AA 6223           00341     cpfseq seg_a
0003AC EF?? F???      00342     goto rosado
0003B0 EF?? F???      00343     goto verde
0003B4                00344 nivel4h:
0003B4 0E00           00345     movlw .0
0003B6 6223           00346     cpfseq seg_a
0003B8 EF?? F???      00347     goto rosado
0003BC EF?? F???      00348     goto lose
                      00349 ;----------------;
0003C0                00350 rosado:
0003C0 0623           00351     decf seg_a,f
0003C2 7089           00352     btg LATA, 0
0003C4 0010           00353     retfie
0003C6                00354 verde:
0003C6 0624           00355     decf seg_b,f
0003C8 0E09           00356     movlw .9
0003CA 6E23           00357     movwf seg_a
MPASM 5.81                 CODE DE JAIME.ASM   11-29-2018  11:06:59         PAGE  8


LOC  OBJECT CODE     LINE SOURCE TEXT
  VALUE

0003CC 7089           00358     btg LATA, 0
0003CE 0010           00359     retfie
0003D0                00360 azul:
0003D0 0625           00361     decf min_a,f
0003D2 0E05           00362     movlw .5
0003D4 6E24           00363     movwf seg_b
0003D6 0E09           00364     movlw .9
0003D8 6E23           00365     movwf seg_a
0003DA 7089           00366     btg LATA, 0
0003DC 0010           00367     retfie
0003DE                00368 amarillo:
0003DE 0626           00369     decf min_b,f
0003E0 0E09           00370     movlw .9
0003E2 6E25           00371     movwf min_a
0003E4 0E05           00372     movlw .5
0003E6 6E24           00373     movwf seg_b
0003E8 0E09           00374     movlw .9
0003EA 6E23           00375     movwf seg_a
0003EC 7089           00376     btg LATA, 0
0003EE 0010           00377     retfie
                      00378 
                      00379     
                      00380 ;----------------------------------------------;    
                      00381 
0003F0                00382 delaymon:
0003F0 0E64           00383     movlw .100
0003F2 6E20           00384     movwf cta_a
0003F4                00385 otro1:
0003F4 EC?? F???      00386     call bucle2
0003F8 2E20           00387     decfsz cta_a, f
0003FA EF?? F???      00388     goto otro1
0003FE 0012           00389     return
                      00390 
000400                00391 bucle2:
000400 0E0A           00392     movlw .10
000402 6E21           00393     movwf cta_b
000404                00394 otro2:
000404 EC?? F???      00395     call bucle3
000408 2E21           00396     decfsz cta_b, f
00040A EF?? F???      00397     goto otro2
00040E 0012           00398     return
                      00399 
000410                00400 bucle3:
000410 0E64           00401     movlw .100
000412 6E22           00402     movwf cta_c
000414                00403 otro3:
000414 0000           00404     nop
000416 2E22           00405     decfsz cta_c, f
000418 EF?? F???      00406     goto otro3
00041C 0012           00407     return
                      00408     
00041E                00409 fin:    
00041E 0000           00410     nop
MPASM 5.81                 CODE DE JAIME.ASM   11-29-2018  11:06:59         PAGE  9


LOC  OBJECT CODE     LINE SOURCE TEXT
  VALUE

000420 EF?? F???      00411     goto fin
                      00412        
                      00413     end
MPASM 5.81                 CODE DE JAIME.ASM   11-29-2018  11:06:59         PAGE 10


SYMBOL TABLE
  LABEL                             VALUE 

A                                 00000000
ABDEN                             00000000
ABDOVF                            00000007
ACCESS                            00000000
ACKDT                             00000005
ACKEN                             00000004
ACKSTAT                           00000006
ACQT0                             00000003
ACQT1                             00000004
ACQT2                             00000005
ACTVIE                            00000002
ACTVIF                            00000002
ADCON0                            00000FC2
ADCON1                            00000FC1
ADCON2                            00000FC0
ADCS0                             00000000
ADCS1                             00000001
ADCS2                             00000002
ADDEN                             00000003
ADDR0                             00000000
ADDR1                             00000001
ADDR2                             00000002
ADDR3                             00000003
ADDR4                             00000004
ADDR5                             00000005
ADDR6                             00000006
ADEN                              00000003
ADFM                              00000007
ADIE                              00000006
ADIF                              00000006
ADIP                              00000006
ADON                              00000000
ADRES                             00000FC3
ADRESH                            00000FC4
ADRESL                            00000FC3
AN0                               00000000
AN1                               00000001
AN2                               00000002
AN3                               00000003
AN4                               00000005
BANKED                            00000001
BAUDCON                           00000FB8
BAUDCTL                           00000FB8
BCLIE                             00000003
BCLIF                             00000003
BCLIP                             00000003
BF                                00000000
BGST                              00000005
BOR                               00000000
BRG16                             00000003
BRGH                              00000002
BSR                               00000FE0
BTOEE                             00000004
MPASM 5.81                 CODE DE JAIME.ASM   11-29-2018  11:06:59         PAGE 11


SYMBOL TABLE
  LABEL                             VALUE 

BTOEF                             00000004
BTSEE                             00000007
BTSEF                             00000007
C                                 00000000
C1INV                             00000004
C1OUT                             00000006
C2INV                             00000005
C2OUT                             00000007
CCP1                              00000002
CCP1AS                            00000FB6
CCP1CON                           00000FBD
CCP1DEL                           00000FB7
CCP1IE                            00000002
CCP1IF                            00000002
CCP1IP                            00000002
CCP1M0                            00000000
CCP1M1                            00000001
CCP1M2                            00000002
CCP1M3                            00000003
CCP2CON                           00000FBA
CCP2IE                            00000000
CCP2IF                            00000000
CCP2IP                            00000000
CCP2M0                            00000000
CCP2M1                            00000001
CCP2M2                            00000002
CCP2M3                            00000003
CCPR1                             00000FBE
CCPR1H                            00000FBF
CCPR1L                            00000FBE
CCPR2                             00000FBB
CCPR2H                            00000FBC
CCPR2L                            00000FBB
CFGS                              00000006
CHS0                              00000002
CHS1                              00000003
CHS2                              00000004
CHS3                              00000005
CIS                               00000003
CK                                00000006
CK1SPP                            00000000
CK2SPP                            00000001
CKE                               00000006
CKP                               00000004
CLK1EN                            00000004
CLKCFG0                           00000006
CLKCFG1                           00000007
CM0                               00000000
CM1                               00000001
CM2                               00000002
CMCON                             00000FB4
CMIE                              00000006
CMIF                              00000006
MPASM 5.81                 CODE DE JAIME.ASM   11-29-2018  11:06:59         PAGE 12


SYMBOL TABLE
  LABEL                             VALUE 

CMIP                              00000006
CRC16EE                           00000002
CRC16EF                           00000002
CRC5EE                            00000001
CRC5EF                            00000001
CREN                              00000004
CSEN                              00000005
CSRC                              00000007
CVR0                              00000000
CVR1                              00000001
CVR2                              00000002
CVR3                              00000003
CVRCON                            00000FB5
CVREF                             00000004
CVREN                             00000007
CVROE                             00000006
CVRR                              00000005
CVRSS                             00000004
D                                 00000005
DATA_ADDRESS                      00000005
DC                                00000001
DC1B0                             00000004
DC1B1                             00000005
DC2B0                             00000004
DC2B1                             00000005
DDRA                              TRISA
DDRB                              TRISB
DDRC                              TRISC
DDRD                              TRISD
DDRE                              TRISE
DFN8EE                            00000003
DFN8EF                            00000003
DIR                               00000002
DONE                              00000001
D_A                               00000005
D_NOT_A                           00000005
ECCP1AS                           00000FB6
ECCP1CON                          00000FBD
ECCP1DEL                          00000FB7
ECCPAS0                           00000004
ECCPAS1                           00000005
ECCPAS2                           00000006
ECCPASE                           00000007
EEADR                             00000FA9
EECON1                            00000FA6
EECON2                            00000FA7
EEDATA                            00000FA8
EEIE                              00000004
EEIF                              00000004
EEIP                              00000004
EEPGD                             00000007
ENDP0                             00000003
ENDP1                             00000004
MPASM 5.81                 CODE DE JAIME.ASM   11-29-2018  11:06:59         PAGE 13


SYMBOL TABLE
  LABEL                             VALUE 

ENDP2                             00000005
ENDP3                             00000006
EPCONDIS                          00000003
EPHSHK                            00000004
EPINEN                            00000001
EPOUTEN                           00000002
EPSTALL                           00000000
FAST                              00000001
FERR                              00000002
FLTS                              00000002
FREE                              00000004
FRM0                              00000000
FRM1                              00000001
FRM10                             00000002
FRM2                              00000002
FRM3                              00000003
FRM4                              00000004
FRM5                              00000005
FRM6                              00000006
FRM7                              00000007
FRM8                              00000000
FRM9                              00000001
FSEN                              00000002
FSR0                              00000000
FSR0H                             00000FEA
FSR0L                             00000FE9
FSR1                              00000001
FSR1H                             00000FE2
FSR1L                             00000FE1
FSR2                              00000002
FSR2H                             00000FDA
FSR2L                             00000FD9
GCEN                              00000007
GIE                               00000007
GIEH                              00000007
GIEL                              00000006
GIE_GIEH                          00000007
GO                                00000001
GO_DONE                           00000001
GO_NOT_DONE                       00000001
HLVDCON                           00000FD2
HLVDEN                            00000004
HLVDIE                            00000002
HLVDIF                            00000002
HLVDIN                            00000005
HLVDIP                            00000002
HLVDL0                            00000000
HLVDL1                            00000001
HLVDL2                            00000002
HLVDL3                            00000003
I2C_DAT                           00000005
I2C_READ                          00000002
I2C_START                         00000003
MPASM 5.81                 CODE DE JAIME.ASM   11-29-2018  11:06:59         PAGE 14


SYMBOL TABLE
  LABEL                             VALUE 

I2C_STOP                          00000004
IDLEIE                            00000004
IDLEIF                            00000004
IDLEN                             00000007
INDF0                             00000FEF
INDF1                             00000FE7
INDF2                             00000FDF
INT0                              00000000
INT0E                             00000004
INT0F                             00000001
INT0IE                            00000004
INT0IF                            00000001
INT1                              00000001
INT1E                             00000003
INT1F                             00000000
INT1IE                            00000003
INT1IF                            00000000
INT1IP                            00000006
INT1P                             00000006
INT2                              00000002
INT2E                             00000004
INT2F                             00000001
INT2IE                            00000004
INT2IF                            00000001
INT2IP                            00000007
INT2P                             00000007
INTCON                            00000FF2
INTCON2                           00000FF1
INTCON3                           00000FF0
INTEDG0                           00000006
INTEDG1                           00000005
INTEDG2                           00000004
INTSRC                            00000007
IOFS                              00000002
IPEN                              00000007
IPR1                              00000F9F
IPR2                              00000FA2
IRCF0                             00000004
IRCF1                             00000005
IRCF2                             00000006
IRVST                             00000005
IVRST                             00000005
LATA                              00000F89
LATA0                             00000000
LATA1                             00000001
LATA2                             00000002
LATA3                             00000003
LATA4                             00000004
LATA5                             00000005
LATA6                             00000006
LATB                              00000F8A
LATB0                             00000000
LATB1                             00000001
MPASM 5.81                 CODE DE JAIME.ASM   11-29-2018  11:06:59         PAGE 15


SYMBOL TABLE
  LABEL                             VALUE 

LATB2                             00000002
LATB3                             00000003
LATB4                             00000004
LATB5                             00000005
LATB6                             00000006
LATB7                             00000007
LATC                              00000F8B
LATC0                             00000000
LATC1                             00000001
LATC2                             00000002
LATC6                             00000006
LATC7                             00000007
LATD                              00000F8C
LATD0                             00000000
LATD1                             00000001
LATD2                             00000002
LATD3                             00000003
LATD4                             00000004
LATD5                             00000005
LATD6                             00000006
LATD7                             00000007
LATE                              00000F8D
LATE0                             00000000
LATE1                             00000001
LATE2                             00000002
LVDCON                            00000FD2
LVDEN                             00000004
LVDIE                             00000002
LVDIF                             00000002
LVDIN                             00000005
LVDIP                             00000002
LVDL0                             00000000
LVDL1                             00000001
LVDL2                             00000002
LVDL3                             00000003
LVV0                              00000000
LVV1                              00000001
LVV2                              00000002
LVV3                              00000003
N                                 00000004
NOT_A                             00000005
NOT_ADDRESS                       00000005
NOT_BOR                           00000000
NOT_DONE                          00000001
NOT_IPEN                          00000007
NOT_PD                            00000002
NOT_POR                           00000001
NOT_RBPU                          00000007
NOT_RI                            00000004
NOT_T1SYNC                        00000002
NOT_T3SYNC                        00000002
NOT_TO                            00000003
NOT_W                             00000002
MPASM 5.81                 CODE DE JAIME.ASM   11-29-2018  11:06:59         PAGE 16


SYMBOL TABLE
  LABEL                             VALUE 

NOT_WRITE                         00000002
OERR                              00000001
OESPP                             00000002
OSC2                              00000006
OSCCON                            00000FD3
OSCFIE                            00000007
OSCFIF                            00000007
OSCFIP                            00000007
OSCTUNE                           00000F9B
OSTS                              00000003
OV                                00000003
P                                 00000004
P1A                               00000002
P1M0                              00000006
P1M1                              00000007
PC                                00000FF9
PCFG0                             00000000
PCFG1                             00000001
PCFG2                             00000002
PCFG3                             00000003
PCL                               00000FF9
PCLATH                            00000FFA
PCLATU                            00000FFB
PD                                00000002
PDC0                              00000000
PDC1                              00000001
PDC2                              00000002
PDC3                              00000003
PDC4                              00000004
PDC5                              00000005
PDC6                              00000006
PEIE                              00000006
PEIE_GIEL                         00000006
PEN                               00000002
PGC                               00000006
PGD                               00000007
PGM                               00000005
PIDEE                             00000000
PIDEF                             00000000
PIE1                              00000F9D
PIE2                              00000FA0
PIR1                              00000F9E
PIR2                              00000FA1
PKTDIS                            00000004
PLUSW0                            00000FEB
PLUSW1                            00000FE3
PLUSW2                            00000FDB
POR                               00000001
PORTA                             00000F80
PORTB                             00000F81
PORTC                             00000F82
PORTD                             00000F83
PORTE                             00000F84
MPASM 5.81                 CODE DE JAIME.ASM   11-29-2018  11:06:59         PAGE 17


SYMBOL TABLE
  LABEL                             VALUE 

POSTDEC0                          00000FED
POSTDEC1                          00000FE5
POSTDEC2                          00000FDD
POSTINC0                          00000FEE
POSTINC1                          00000FE6
POSTINC2                          00000FDE
PPB0                              00000000
PPB1                              00000001
PPBI                              00000001
PPBRST                            00000006
PR2                               00000FCB
PREINC0                           00000FEC
PREINC1                           00000FE4
PREINC2                           00000FDC
PROD                              00000FF3
PRODH                             00000FF4
PRODL                             00000FF3
PRSEN                             00000007
PSA                               00000003
PSSAC0                            00000002
PSSAC1                            00000003
PSSBD0                            00000000
PSSBD1                            00000001
R                                 00000002
RA0                               00000000
RA1                               00000001
RA2                               00000002
RA3                               00000003
RA4                               00000004
RA5                               00000005
RA6                               00000006
RB0                               00000000
RB1                               00000001
RB2                               00000002
RB3                               00000003
RB4                               00000004
RB5                               00000005
RB6                               00000006
RB7                               00000007
RBIE                              00000003
RBIF                              00000000
RBIP                              00000000
RBPU                              00000007
RC0                               00000000
RC1                               00000001
RC2                               00000002
RC4                               00000004
RC5                               00000005
RC6                               00000006
RC7                               00000007
RCEN                              00000003
RCIDL                             00000006
RCIE                              00000005
MPASM 5.81                 CODE DE JAIME.ASM   11-29-2018  11:06:59         PAGE 18


SYMBOL TABLE
  LABEL                             VALUE 

RCIF                              00000005
RCIP                              00000005
RCMT                              00000006
RCON                              00000FD0
RCREG                             00000FAE
RCSTA                             00000FAB
RD                                00000000
RD0                               00000000
RD1                               00000001
RD16                              00000007
RD2                               00000002
RD3                               00000003
RD4                               00000004
RD5                               00000005
RD6                               00000006
RD7                               00000007
RDPU                              00000007
RDSPP                             00000007
RE0                               00000000
RE1                               00000001
RE2                               00000002
RE3                               00000003
READ_WRITE                        00000002
RESUME                            00000002
RI                                00000004
RSEN                              00000001
RX                                00000007
RX9                               00000006
RX9D                              00000000
RXDTP                             00000005
R_NOT_W                           00000002
R_W                               00000002
S                                 00000003
SBOREN                            00000006
SCKP                              00000004
SCS0                              00000000
SCS1                              00000001
SE0                               00000005
SEN                               00000000
SENDB                             00000003
SMP                               00000007
SOFIE                             00000006
SOFIF                             00000006
SPBRG                             00000FAF
SPBRGH                            00000FB0
SPEN                              00000007
SPP0                              00000000
SPP1                              00000001
SPP2                              00000002
SPP3                              00000003
SPP4                              00000004
SPP5                              00000005
SPP6                              00000006
MPASM 5.81                 CODE DE JAIME.ASM   11-29-2018  11:06:59         PAGE 19


SYMBOL TABLE
  LABEL                             VALUE 

SPP7                              00000007
SPPBUSY                           00000004
SPPCFG                            00000F63
SPPCON                            00000F65
SPPDATA                           00000F62
SPPEN                             00000000
SPPEPS                            00000F64
SPPIE                             00000007
SPPIF                             00000007
SPPIP                             00000007
SPPOWN                            00000001
SREN                              00000005
SSPADD                            00000FC8
SSPBUF                            00000FC9
SSPCON1                           00000FC6
SSPCON2                           00000FC5
SSPEN                             00000005
SSPIE                             00000003
SSPIF                             00000003
SSPIP                             00000003
SSPM0                             00000000
SSPM1                             00000001
SSPM2                             00000002
SSPM3                             00000003
SSPOV                             00000006
SSPSTAT                           00000FC7
STALLIE                           00000005
STALLIF                           00000005
STATUS                            00000FD8
STKFUL                            00000007
STKOVF                            00000007
STKPTR                            00000FFC
STKPTR0                           00000000
STKPTR1                           00000001
STKPTR2                           00000002
STKPTR3                           00000003
STKPTR4                           00000004
STKUNF                            00000006
SUSPND                            00000001
SWDTE                             00000000
SWDTEN                            00000000
SYNC                              00000004
T08BIT                            00000006
T0CKI                             00000004
T0CON                             00000FD5
T0CS                              00000005
T0IE                              00000005
T0IF                              00000002
T0IP                              00000002
T0PS0                             00000000
T0PS1                             00000001
T0PS2                             00000002
T0SE                              00000004
MPASM 5.81                 CODE DE JAIME.ASM   11-29-2018  11:06:59         PAGE 20


SYMBOL TABLE
  LABEL                             VALUE 

T13CKI                            00000000
T1CKPS0                           00000004
T1CKPS1                           00000005
T1CON                             00000FCD
T1OSCEN                           00000003
T1OSI                             00000001
T1OSO                             00000000
T1RUN                             00000006
T1SYNC                            00000002
T2CKPS0                           00000000
T2CKPS1                           00000001
T2CON                             00000FCA
T2OUTPS0                          00000003
T2OUTPS1                          00000004
T2OUTPS2                          00000005
T2OUTPS3                          00000006
T3CCP1                            00000003
T3CCP2                            00000006
T3CKPS0                           00000004
T3CKPS1                           00000005
T3CON                             00000FB1
T3NSYNC                           00000002
T3SYNC                            00000002
TABLAT                            00000FF5
TBLPTR                            00000FF6
TBLPTRH                           00000FF7
TBLPTRL                           00000FF6
TBLPTRU                           00000FF8
TMR0                              00000FD6
TMR0H                             00000FD7
TMR0IE                            00000005
TMR0IF                            00000002
TMR0IP                            00000002
TMR0L                             00000FD6
TMR0ON                            00000007
TMR1                              00000FCE
TMR1CS                            00000001
TMR1H                             00000FCF
TMR1IE                            00000000
TMR1IF                            00000000
TMR1IP                            00000000
TMR1L                             00000FCE
TMR1ON                            00000000
TMR2                              00000FCC
TMR2IE                            00000001
TMR2IF                            00000001
TMR2IP                            00000001
TMR2ON                            00000002
TMR3                              00000FB2
TMR3CS                            00000001
TMR3H                             00000FB3
TMR3IE                            00000001
TMR3IF                            00000001
MPASM 5.81                 CODE DE JAIME.ASM   11-29-2018  11:06:59         PAGE 21


SYMBOL TABLE
  LABEL                             VALUE 

TMR3IP                            00000001
TMR3L                             00000FB2
TMR3ON                            00000000
TO                                00000003
TOS                               00000FFD
TOSH                              00000FFE
TOSL                              00000FFD
TOSU                              00000FFF
TOUTPS0                           00000003
TOUTPS1                           00000004
TOUTPS2                           00000005
TOUTPS3                           00000006
TRISA                             00000F92
TRISA0                            00000000
TRISA1                            00000001
TRISA2                            00000002
TRISA3                            00000003
TRISA4                            00000004
TRISA5                            00000005
TRISA6                            00000006
TRISB                             00000F93
TRISB0                            00000000
TRISB1                            00000001
TRISB2                            00000002
TRISB3                            00000003
TRISB4                            00000004
TRISB5                            00000005
TRISB6                            00000006
TRISB7                            00000007
TRISC                             00000F94
TRISC0                            00000000
TRISC1                            00000001
TRISC2                            00000002
TRISC6                            00000006
TRISC7                            00000007
TRISD                             00000F95
TRISD0                            00000000
TRISD1                            00000001
TRISD2                            00000002
TRISD3                            00000003
TRISD4                            00000004
TRISD5                            00000005
TRISD6                            00000006
TRISD7                            00000007
TRISE                             00000F96
TRISE0                            00000000
TRISE1                            00000001
TRISE2                            00000002
TRMT                              00000001
TRNIE                             00000003
TRNIF                             00000003
TUN0                              00000000
TUN1                              00000001
MPASM 5.81                 CODE DE JAIME.ASM   11-29-2018  11:06:59         PAGE 22


SYMBOL TABLE
  LABEL                             VALUE 

TUN2                              00000002
TUN3                              00000003
TUN4                              00000004
TX                                00000006
TX9                               00000006
TX9D                              00000000
TXCKP                             00000004
TXEN                              00000005
TXIE                              00000004
TXIF                              00000004
TXIP                              00000004
TXREG                             00000FAD
TXSTA                             00000FAC
UA                                00000001
UADDR                             00000F6E
UCFG                              00000F6F
UCON                              00000F6D
UEIE                              00000F6B
UEIR                              00000F6A
UEP0                              00000F70
UEP1                              00000F71
UEP10                             00000F7A
UEP11                             00000F7B
UEP12                             00000F7C
UEP13                             00000F7D
UEP14                             00000F7E
UEP15                             00000F7F
UEP2                              00000F72
UEP3                              00000F73
UEP4                              00000F74
UEP5                              00000F75
UEP6                              00000F76
UEP7                              00000F77
UEP8                              00000F78
UEP9                              00000F79
UERRIE                            00000001
UERRIF                            00000001
UFRM                              00000F66
UFRMH                             00000F67
UFRML                             00000F66
UIE                               00000F69
UIR                               00000F68
UOEMON                            00000006
UPUEN                             00000004
URSTIE                            00000000
URSTIF                            00000000
USBEN                             00000003
USBIE                             00000005
USBIF                             00000005
USBIP                             00000005
USTAT                             00000F6C
UTEYE                             00000007
UTRDIS                            00000003
MPASM 5.81                 CODE DE JAIME.ASM   11-29-2018  11:06:59         PAGE 23


SYMBOL TABLE
  LABEL                             VALUE 

VCFG0                             00000004
VCFG1                             00000005
VDIRMAG                           00000007
VREFM                             00000002
VREFP                             00000003
W                                 00000000
WCOL                              00000007
WDTCON                            00000FD1
WR                                00000001
WREG                              00000FE8
WREN                              00000002
WRERR                             00000003
WRSPP                             00000006
WS0                               00000000
WS1                               00000001
WS2                               00000002
WS3                               00000003
WUE                               00000001
Z                                 00000002
_BORV_0_2L                        000000E7
_BORV_1_2L                        000000EF
_BORV_2_2L                        000000F7
_BORV_3_2L                        000000FF
_BOR_OFF_2L                       000000F9
_BOR_ON_2L                        000000FF
_BOR_ON_ACTIVE_2L                 000000FD
_BOR_SOFT_2L                      000000FB
_CCP2MX_OFF_3H                    000000FE
_CCP2MX_ON_3H                     000000FF
_CONFIG1H                         00300001
_CONFIG1L                         00300000
_CONFIG2H                         00300003
_CONFIG2L                         00300002
_CONFIG3H                         00300005
_CONFIG4L                         00300006
_CONFIG5H                         00300009
_CONFIG5L                         00300008
_CONFIG6H                         0030000B
_CONFIG6L                         0030000A
_CONFIG7H                         0030000D
_CONFIG7L                         0030000C
_CP0_OFF_5L                       000000FF
_CP0_ON_5L                        000000FE
_CP1_OFF_5L                       000000FF
_CP1_ON_5L                        000000FD
_CP2_OFF_5L                       000000FF
_CP2_ON_5L                        000000FB
_CP3_OFF_5L                       000000FF
_CP3_ON_5L                        000000F7
_CPB_OFF_5H                       000000FF
_CPB_ON_5H                        000000BF
_CPD_OFF_5H                       000000FF
_CPD_ON_5H                        0000007F
MPASM 5.81                 CODE DE JAIME.ASM   11-29-2018  11:06:59         PAGE 24


SYMBOL TABLE
  LABEL                             VALUE 

_CPUDIV_OSC1_PLL2_1L              000000E7
_CPUDIV_OSC2_PLL3_1L              000000EF
_CPUDIV_OSC3_PLL4_1L              000000F7
_CPUDIV_OSC4_PLL6_1L              000000FF
_DEBUG_OFF_4L                     000000FF
_DEBUG_ON_4L                      0000007F
_DEVID1                           003FFFFE
_DEVID2                           003FFFFF
_EBTR0_OFF_7L                     000000FF
_EBTR0_ON_7L                      000000FE
_EBTR1_OFF_7L                     000000FF
_EBTR1_ON_7L                      000000FD
_EBTR2_OFF_7L                     000000FF
_EBTR2_ON_7L                      000000FB
_EBTR3_OFF_7L                     000000FF
_EBTR3_ON_7L                      000000F7
_EBTRB_OFF_7H                     000000FF
_EBTRB_ON_7H                      000000BF
_FCMEN_OFF_1H                     000000BF
_FCMEN_ON_1H                      000000FF
_FOSC_ECIO_EC_1H                  000000F4
_FOSC_ECPLLIO_EC_1H               000000F6
_FOSC_ECPLL_EC_1H                 000000F7
_FOSC_EC_EC_1H                    000000F5
_FOSC_HSPLL_HS_1H                 000000FE
_FOSC_HS_1H                       000000FC
_FOSC_INTOSCIO_EC_1H              000000F8
_FOSC_INTOSC_EC_1H                000000F9
_FOSC_INTOSC_HS_1H                000000FB
_FOSC_INTOSC_XT_1H                000000FA
_FOSC_XTPLL_XT_1H                 000000F2
_FOSC_XT_XT_1H                    000000F0
_ICPRT_OFF_4L                     000000DF
_ICPRT_ON_4L                      000000FF
_IDLOC0                           00200000
_IDLOC1                           00200001
_IDLOC2                           00200002
_IDLOC3                           00200003
_IDLOC4                           00200004
_IDLOC5                           00200005
_IDLOC6                           00200006
_IDLOC7                           00200007
_IESO_OFF_1H                      0000007F
_IESO_ON_1H                       000000FF
_LPT1OSC_OFF_3H                   000000FB
_LPT1OSC_ON_3H                    000000FF
_LVP_OFF_4L                       000000FB
_LVP_ON_4L                        000000FF
_MCLRE_OFF_3H                     0000007F
_MCLRE_ON_3H                      000000FF
_PBADEN_OFF_3H                    000000FD
_PBADEN_ON_3H                     000000FF
_PLLDIV_10_1L                     000000FE
MPASM 5.81                 CODE DE JAIME.ASM   11-29-2018  11:06:59         PAGE 25


SYMBOL TABLE
  LABEL                             VALUE 

_PLLDIV_12_1L                     000000FF
_PLLDIV_1_1L                      000000F8
_PLLDIV_2_1L                      000000F9
_PLLDIV_3_1L                      000000FA
_PLLDIV_4_1L                      000000FB
_PLLDIV_5_1L                      000000FC
_PLLDIV_6_1L                      000000FD
_PWRT_OFF_2L                      000000FF
_PWRT_ON_2L                       000000FE
_STVREN_OFF_4L                    000000FE
_STVREN_ON_4L                     000000FF
_USBDIV_1_1L                      000000DF
_USBDIV_2_1L                      000000FF
_VREGEN_OFF_2L                    000000DF
_VREGEN_ON_2L                     000000FF
_WDTPS_1024_2H                    000000F5
_WDTPS_128_2H                     000000EF
_WDTPS_16384_2H                   000000FD
_WDTPS_16_2H                      000000E9
_WDTPS_1_2H                       000000E1
_WDTPS_2048_2H                    000000F7
_WDTPS_256_2H                     000000F1
_WDTPS_2_2H                       000000E3
_WDTPS_32768_2H                   000000FF
_WDTPS_32_2H                      000000EB
_WDTPS_4096_2H                    000000F9
_WDTPS_4_2H                       000000E5
_WDTPS_512_2H                     000000F3
_WDTPS_64_2H                      000000ED
_WDTPS_8192_2H                    000000FB
_WDTPS_8_2H                       000000E7
_WDT_OFF_2H                       000000FE
_WDT_ON_2H                        000000FF
_WRT0_OFF_6L                      000000FF
_WRT0_ON_6L                       000000FE
_WRT1_OFF_6L                      000000FF
_WRT1_ON_6L                       000000FD
_WRT2_OFF_6L                      000000FF
_WRT2_ON_6L                       000000FB
_WRT3_OFF_6L                      000000FF
_WRT3_ON_6L                       000000F7
_WRTB_OFF_6H                      000000FF
_WRTB_ON_6H                       000000BF
_WRTC_OFF_6H                      000000FF
_WRTC_ON_6H                       000000DF
_WRTD_OFF_6H                      000000FF
_WRTD_ON_6H                       0000007F
_XINST_OFF_4L                     000000BF
_XINST_ON_4L                      000000FF
__18F4550                         00000001
amarillo                          000003DE
azul                              000003D0
bucle2                            00000400
MPASM 5.81                 CODE DE JAIME.ASM   11-29-2018  11:06:59         PAGE 26


SYMBOL TABLE
  LABEL                             VALUE 

bucle3                            00000410
configura                         00000020
cta_a                             00000020
cta_b                             00000021
cta_c                             00000022
delaymon                          000003F0
displayada                        000001AE
divide                            00000140
duplica                           0000012E
fin                               0000041E
inicio                            00000052
inicioafterdivide                 00000178
inicioafterduplica                0000015A
iniciofinal                       00000196
lose                              000000C2
min_a                             00000025
min_b                             00000026
nivel2a                           00000318
nivel2b                           00000324
nivel3a                           00000330
nivel3b                           0000033C
nivel3c                           00000348
nivel3d                           00000354
nivel4a                           00000360
nivel4b                           0000036C
nivel4c                           00000378
nivel4d                           00000384
nivel4e                           00000390
nivel4f                           0000039C
nivel4g                           000003A8
nivel4h                           000003B4
nivela                            00000300
otro1                             000003F4
otro2                             00000404
otro3                             00000414
real                              0000009E
rosado                            000003C0
seg_a                             00000023
seg_b                             00000024
tabla7s                           00000200
verde                             000003C6
win                               000000F8

Errors   :     0
Warnings :     0 reported,     0 suppressed
Messages :     0 reported,     0 suppressed

